
[时间]2016-05-24 09:33:41,115
[异常内容]System.Exception: Message：接口方法:Frxs.Erp.Order.StockQty.Query , 类型：Frxs.Erp.ServiceCenter.Order.Actions.QueryStockQtyAction，执行Execute()方法错误，详细信息：Resolution of the dependency failed, type = "Frxs.Erp.ServiceCenter.Order.IDAL.Order.IStockQueryDAO", name = "(none)".
Exception occurred while: Calling constructor Frxs.Erp.ServiceCenter.Order.MSSQLDAL.Order.StockQueryDAO(System.String warehouseId).
Exception is: RedisResponseException - Zero length respose, sPort: 3510, LastCommand: 
-----------------------------------------------
At the time of the exception, the container was:

  Resolving Frxs.Erp.ServiceCenter.Order.MSSQLDAL.Order.StockQueryDAO,(none) (mapped from Frxs.Erp.ServiceCenter.Order.IDAL.Order.IStockQueryDAO, (none))
  Calling constructor Frxs.Erp.ServiceCenter.Order.MSSQLDAL.Order.StockQueryDAO(System.String warehouseId)
，StackTrace：   在 Frxs.Platform.IOCFactory.DALFactory.GetLazyInstance[T](String warehouseId) 位置 e:\MyWork\Code\ERP\trunk\Frxs.Platform\Frxs.Platform.IOCFactory\DALFactory.cs:行号 121
   在 Frxs.Erp.ServiceCenter.Order.BLL.StockQueryBLO.QueryStockQty(StockQtyQuery qmod) 位置 e:\MyWork\Code\ERP\trunk\Frxs.Erp.Project\Frxs.Erp.ServiceCenter\Frxs.Erp.ServiceCenter.Order.BLL\Stock\StockQueryBLO.cs:行号 22
   在 Frxs.Erp.ServiceCenter.Order.Actions.QueryStockQtyAction.Execute() 位置 e:\MyWork\Code\ERP\trunk\Frxs.Erp.Project\Frxs.Erp.ServiceCenter\Frxs.Erp.ServiceCenter.Order.Actions\Stock\QueryStockQtyAction.cs:行号 56
   在 Frxs.ServiceCenter.Api.Core.ActionBase`2.Frxs.ServiceCenter.Api.Core.IAction.Execute()
   在 Frxs.ServiceCenter.Api.Core.DefaultActionInvoker.Execute(IAction action)
   在 Frxs.Erp.WarehouseManagementSystem.WebUI.OrderPartsServer.GetProductStock(Int32 Wid, Int32 subWid, IList`1 productIds, Int32 userId, String userName) 位置 e:\MyWork\Code\ERP\trunk\Frxs.Erp.Project\Frxs.Erp.WarehouseManagementSystem\Frxs.Erp.WarehouseManagementSystem.WebUI\Models\OrderPartsServer.cs:行号 339
   在 Frxs.Erp.WarehouseManagementSystem.WebUI.Controllers.WarehouseOrderController.WarehouseOrderAddOrEditeHandle(String jsonData, String jsonDetails, Boolean isPD) 位置 e:\MyWork\Code\ERP\trunk\Frxs.Erp.Project\Frxs.Erp.WarehouseManagementSystem\Frxs.Erp.WarehouseManagementSystem.WebUI\Controllers\Order\WarehouseOrderController.cs:行号 1478
[源]e:\MyWork\Code\ERP\trunk\Frxs.Platform\Frxs.Platform.Utility\Log\Logger.cs
[行]151

[时间]2016-05-24 09:34:35,297
[异常内容]System.Exception: Message：接口方法:Frxs.Erp.Order.StockQty.Query , 类型：Frxs.Erp.ServiceCenter.Order.Actions.QueryStockQtyAction，执行Execute()方法错误，详细信息：Resolution of the dependency failed, type = "Frxs.Erp.ServiceCenter.Order.IDAL.Order.IStockQueryDAO", name = "(none)".
Exception occurred while: Calling constructor Frxs.Erp.ServiceCenter.Order.MSSQLDAL.Order.StockQueryDAO(System.String warehouseId).
Exception is: RedisResponseException - Zero length respose, sPort: 3531, LastCommand: 
-----------------------------------------------
At the time of the exception, the container was:

  Resolving Frxs.Erp.ServiceCenter.Order.MSSQLDAL.Order.StockQueryDAO,(none) (mapped from Frxs.Erp.ServiceCenter.Order.IDAL.Order.IStockQueryDAO, (none))
  Calling constructor Frxs.Erp.ServiceCenter.Order.MSSQLDAL.Order.StockQueryDAO(System.String warehouseId)
，StackTrace：   在 Frxs.Platform.IOCFactory.DALFactory.GetLazyInstance[T](String warehouseId) 位置 e:\MyWork\Code\ERP\trunk\Frxs.Platform\Frxs.Platform.IOCFactory\DALFactory.cs:行号 121
   在 Frxs.Erp.ServiceCenter.Order.BLL.StockQueryBLO.QueryStockQty(StockQtyQuery qmod) 位置 e:\MyWork\Code\ERP\trunk\Frxs.Erp.Project\Frxs.Erp.ServiceCenter\Frxs.Erp.ServiceCenter.Order.BLL\Stock\StockQueryBLO.cs:行号 22
   在 Frxs.Erp.ServiceCenter.Order.Actions.QueryStockQtyAction.Execute() 位置 e:\MyWork\Code\ERP\trunk\Frxs.Erp.Project\Frxs.Erp.ServiceCenter\Frxs.Erp.ServiceCenter.Order.Actions\Stock\QueryStockQtyAction.cs:行号 56
   在 Frxs.ServiceCenter.Api.Core.ActionBase`2.Frxs.ServiceCenter.Api.Core.IAction.Execute()
   在 Frxs.ServiceCenter.Api.Core.DefaultActionInvoker.Execute(IAction action)
   在 Frxs.Erp.WarehouseManagementSystem.WebUI.OrderPartsServer.GetProductStock(Int32 Wid, Int32 subWid, IList`1 productIds, Int32 userId, String userName) 位置 e:\MyWork\Code\ERP\trunk\Frxs.Erp.Project\Frxs.Erp.WarehouseManagementSystem\Frxs.Erp.WarehouseManagementSystem.WebUI\Models\OrderPartsServer.cs:行号 339
   在 Frxs.Erp.WarehouseManagementSystem.WebUI.Controllers.WarehouseOrderController.WarehouseOrderAddOrEditeHandle(String jsonData, String jsonDetails, Boolean isPD) 位置 e:\MyWork\Code\ERP\trunk\Frxs.Erp.Project\Frxs.Erp.WarehouseManagementSystem\Frxs.Erp.WarehouseManagementSystem.WebUI\Controllers\Order\WarehouseOrderController.cs:行号 1478
[源]e:\MyWork\Code\ERP\trunk\Frxs.Platform\Frxs.Platform.Utility\Log\Logger.cs
[行]151
