
[时间]2016-06-20 11:28:07,239
[异常内容]System.NullReferenceException: 未将对象引用设置到对象的实例。
   在 Frxs.Erp.WarehouseManagementSystem.WebUI.Models.WarehouseOrderModel.GetWarehouseOrderPageData(WarehouseOrderSearch searchModel) 位置 e:\MyWork\Code\ERP\trunk\Frxs.Erp.Project\Frxs.Erp.WarehouseManagementSystem\Frxs.Erp.WarehouseManagementSystem.WebUI\Models\WarehouseOrderModel.cs:行号 127
   在 Frxs.Erp.WarehouseManagementSystem.WebUI.Controllers.WarehouseOrderController.GetWarehouseOrderList(WarehouseOrderSearch searchModel) 位置 e:\MyWork\Code\ERP\trunk\Frxs.Erp.Project\Frxs.Erp.WarehouseManagementSystem\Frxs.Erp.WarehouseManagementSystem.WebUI\Controllers\Order\WarehouseOrderController.cs:行号 1734
[源]e:\MyWork\Code\ERP\trunk\Frxs.Platform\Frxs.Platform.Utility\Log\Logger.cs
[行]151

[时间]2016-06-20 15:17:10,946
[异常内容]System.NullReferenceException: 未将对象引用设置到对象的实例。
   在 Frxs.Erp.WarehouseManagementSystem.WebUI.WorkContext.get_CurrentWarehouse() 位置 e:\MyWork\Code\ERP\trunk\Frxs.Erp.Project\Frxs.Erp.WarehouseManagementSystem\Frxs.Erp.WarehouseManagementSystem.WebUI\Infrastructure\WorkContext.cs:行号 115
   在 Frxs.Erp.WarehouseManagementSystem.WebUI.Controllers.Common.CommonController.GetWCList() 位置 e:\MyWork\Code\ERP\trunk\Frxs.Erp.Project\Frxs.Erp.WarehouseManagementSystem\Frxs.Erp.WarehouseManagementSystem.WebUI\Controllers\Common\CommonController.cs:行号 782
[源]e:\MyWork\Code\ERP\trunk\Frxs.Platform\Frxs.Platform.Utility\Log\Logger.cs
[行]151

[时间]2016-06-20 17:59:55,115
[异常内容]System.Web.HttpException (0x800704CD): 远程主机关闭了连接。错误代码是 0x800704CD。
   在 System.Web.Hosting.IIS7WorkerRequest.RaiseCommunicationError(Int32 result, Boolean throwOnDisconnect)
   在 System.Web.Hosting.IIS7WorkerRequest.ExplicitFlush()
   在 System.Web.HttpResponse.Flush(Boolean finalFlush, Boolean async)
   在 System.Web.HttpResponse.End()
   在 Frxs.Erp.WarehouseManagementSystem.WebUI.WorkContext.get_CurrentWarehouse() 位置 e:\MyWork\Code\ERP\trunk\Frxs.Erp.Project\Frxs.Erp.WarehouseManagementSystem\Frxs.Erp.WarehouseManagementSystem.WebUI\Infrastructure\WorkContext.cs:行号 113
   在 Frxs.Erp.WarehouseManagementSystem.WebUI.Controllers.Common.CommonController.GetWCList() 位置 e:\MyWork\Code\ERP\trunk\Frxs.Erp.Project\Frxs.Erp.WarehouseManagementSystem\Frxs.Erp.WarehouseManagementSystem.WebUI\Controllers\Common\CommonController.cs:行号 782
[源]e:\MyWork\Code\ERP\trunk\Frxs.Platform\Frxs.Platform.Utility\Log\Logger.cs
[行]151
