
[时间]2016-05-21 16:46:38,621
[异常内容]System.NullReferenceException: 未将对象引用设置到对象的实例。
   在 Frxs.Erp.WarehouseManagementSystem.WebUI.WorkContext.get_CurrentWarehouse() 位置 e:\MyWork\Code\ERP\trunk\Frxs.Erp.Project\Frxs.Erp.WarehouseManagementSystem\Frxs.Erp.WarehouseManagementSystem.WebUI\Infrastructure\WorkContext.cs:行号 115
   在 Frxs.Erp.WarehouseManagementSystem.WebUI.Controllers.Common.CommonController.GetWCList() 位置 e:\MyWork\Code\ERP\trunk\Frxs.Erp.Project\Frxs.Erp.WarehouseManagementSystem\Frxs.Erp.WarehouseManagementSystem.WebUI\Controllers\Common\CommonController.cs:行号 704
[源]e:\MyWork\Code\ERP\trunk\Frxs.Platform\Frxs.Platform.Utility\Log\Logger.cs
[行]151

[时间]2016-05-21 16:53:02,158
[异常内容]System.NullReferenceException: 未将对象引用设置到对象的实例。
   在 Frxs.Erp.WarehouseManagementSystem.WebUI.WorkContext.get_CurrentWarehouse() 位置 e:\MyWork\Code\ERP\trunk\Frxs.Erp.Project\Frxs.Erp.WarehouseManagementSystem\Frxs.Erp.WarehouseManagementSystem.WebUI\Infrastructure\WorkContext.cs:行号 115
   在 Frxs.Erp.WarehouseManagementSystem.WebUI.Controllers.Order.BatchRecommendController.BatchRecommendAddOrEditeHandle(String jsonEdit, String jsonProducts, String jsonOrders) 位置 e:\MyWork\Code\ERP\trunk\Frxs.Erp.Project\Frxs.Erp.WarehouseManagementSystem\Frxs.Erp.WarehouseManagementSystem.WebUI\Controllers\Order\BatchRecommendController.cs:行号 349
[源]e:\MyWork\Code\ERP\trunk\Frxs.Platform\Frxs.Platform.Utility\Log\Logger.cs
[行]151

[时间]2016-05-21 16:53:54,142
[异常内容]System.NullReferenceException: 未将对象引用设置到对象的实例。
   在 Frxs.Erp.WarehouseManagementSystem.WebUI.Models.BatchRecommendModel.GetBatchRecommendPageData(BatchRecommendSearch searchModel) 位置 e:\MyWork\Code\ERP\trunk\Frxs.Erp.Project\Frxs.Erp.WarehouseManagementSystem\Frxs.Erp.WarehouseManagementSystem.WebUI\Models\BatchRecommendModel.cs:行号 86
   在 Frxs.Erp.WarehouseManagementSystem.WebUI.Controllers.Order.BatchRecommendController.GetBatchRecommendList(BatchRecommendSearch searchModel) 位置 e:\MyWork\Code\ERP\trunk\Frxs.Erp.Project\Frxs.Erp.WarehouseManagementSystem\Frxs.Erp.WarehouseManagementSystem.WebUI\Controllers\Order\BatchRecommendController.cs:行号 694
[源]e:\MyWork\Code\ERP\trunk\Frxs.Platform\Frxs.Platform.Utility\Log\Logger.cs
[行]151

[时间]2016-05-21 16:53:55,418
[异常内容]System.NullReferenceException: 未将对象引用设置到对象的实例。
   在 Frxs.Erp.WarehouseManagementSystem.WebUI.Models.BatchRecommendModel.GetBatchRecommendPageData(BatchRecommendSearch searchModel) 位置 e:\MyWork\Code\ERP\trunk\Frxs.Erp.Project\Frxs.Erp.WarehouseManagementSystem\Frxs.Erp.WarehouseManagementSystem.WebUI\Models\BatchRecommendModel.cs:行号 86
   在 Frxs.Erp.WarehouseManagementSystem.WebUI.Controllers.Order.BatchRecommendController.GetBatchRecommendList(BatchRecommendSearch searchModel) 位置 e:\MyWork\Code\ERP\trunk\Frxs.Erp.Project\Frxs.Erp.WarehouseManagementSystem\Frxs.Erp.WarehouseManagementSystem.WebUI\Controllers\Order\BatchRecommendController.cs:行号 694
[源]e:\MyWork\Code\ERP\trunk\Frxs.Platform\Frxs.Platform.Utility\Log\Logger.cs
[行]151

[时间]2016-05-21 16:53:56,013
[异常内容]System.NullReferenceException: 未将对象引用设置到对象的实例。
   在 Frxs.Erp.WarehouseManagementSystem.WebUI.Models.BatchRecommendModel.GetBatchRecommendPageData(BatchRecommendSearch searchModel) 位置 e:\MyWork\Code\ERP\trunk\Frxs.Erp.Project\Frxs.Erp.WarehouseManagementSystem\Frxs.Erp.WarehouseManagementSystem.WebUI\Models\BatchRecommendModel.cs:行号 86
   在 Frxs.Erp.WarehouseManagementSystem.WebUI.Controllers.Order.BatchRecommendController.GetBatchRecommendList(BatchRecommendSearch searchModel) 位置 e:\MyWork\Code\ERP\trunk\Frxs.Erp.Project\Frxs.Erp.WarehouseManagementSystem\Frxs.Erp.WarehouseManagementSystem.WebUI\Controllers\Order\BatchRecommendController.cs:行号 694
[源]e:\MyWork\Code\ERP\trunk\Frxs.Platform\Frxs.Platform.Utility\Log\Logger.cs
[行]151

[时间]2016-05-21 16:53:56,165
[异常内容]System.NullReferenceException: 未将对象引用设置到对象的实例。
   在 Frxs.Erp.WarehouseManagementSystem.WebUI.Models.BatchRecommendModel.GetBatchRecommendPageData(BatchRecommendSearch searchModel) 位置 e:\MyWork\Code\ERP\trunk\Frxs.Erp.Project\Frxs.Erp.WarehouseManagementSystem\Frxs.Erp.WarehouseManagementSystem.WebUI\Models\BatchRecommendModel.cs:行号 86
   在 Frxs.Erp.WarehouseManagementSystem.WebUI.Controllers.Order.BatchRecommendController.GetBatchRecommendList(BatchRecommendSearch searchModel) 位置 e:\MyWork\Code\ERP\trunk\Frxs.Erp.Project\Frxs.Erp.WarehouseManagementSystem\Frxs.Erp.WarehouseManagementSystem.WebUI\Controllers\Order\BatchRecommendController.cs:行号 694
[源]e:\MyWork\Code\ERP\trunk\Frxs.Platform\Frxs.Platform.Utility\Log\Logger.cs
[行]151

[时间]2016-05-21 16:53:56,352
[异常内容]System.NullReferenceException: 未将对象引用设置到对象的实例。
   在 Frxs.Erp.WarehouseManagementSystem.WebUI.Models.BatchRecommendModel.GetBatchRecommendPageData(BatchRecommendSearch searchModel) 位置 e:\MyWork\Code\ERP\trunk\Frxs.Erp.Project\Frxs.Erp.WarehouseManagementSystem\Frxs.Erp.WarehouseManagementSystem.WebUI\Models\BatchRecommendModel.cs:行号 86
   在 Frxs.Erp.WarehouseManagementSystem.WebUI.Controllers.Order.BatchRecommendController.GetBatchRecommendList(BatchRecommendSearch searchModel) 位置 e:\MyWork\Code\ERP\trunk\Frxs.Erp.Project\Frxs.Erp.WarehouseManagementSystem\Frxs.Erp.WarehouseManagementSystem.WebUI\Controllers\Order\BatchRecommendController.cs:行号 694
[源]e:\MyWork\Code\ERP\trunk\Frxs.Platform\Frxs.Platform.Utility\Log\Logger.cs
[行]151

[时间]2016-05-21 16:54:00,457
[异常内容]System.NullReferenceException: 未将对象引用设置到对象的实例。
   在 Frxs.Erp.WarehouseManagementSystem.WebUI.Models.BatchRecommendModel.GetBatchRecommendPageData(BatchRecommendSearch searchModel) 位置 e:\MyWork\Code\ERP\trunk\Frxs.Erp.Project\Frxs.Erp.WarehouseManagementSystem\Frxs.Erp.WarehouseManagementSystem.WebUI\Models\BatchRecommendModel.cs:行号 86
   在 Frxs.Erp.WarehouseManagementSystem.WebUI.Controllers.Order.BatchRecommendController.GetBatchRecommendList(BatchRecommendSearch searchModel) 位置 e:\MyWork\Code\ERP\trunk\Frxs.Erp.Project\Frxs.Erp.WarehouseManagementSystem\Frxs.Erp.WarehouseManagementSystem.WebUI\Controllers\Order\BatchRecommendController.cs:行号 694
[源]e:\MyWork\Code\ERP\trunk\Frxs.Platform\Frxs.Platform.Utility\Log\Logger.cs
[行]151

[时间]2016-05-21 16:54:00,465
[异常内容]System.NullReferenceException: 未将对象引用设置到对象的实例。
   在 Frxs.Erp.WarehouseManagementSystem.WebUI.WorkContext.get_CurrentWarehouse() 位置 e:\MyWork\Code\ERP\trunk\Frxs.Erp.Project\Frxs.Erp.WarehouseManagementSystem\Frxs.Erp.WarehouseManagementSystem.WebUI\Infrastructure\WorkContext.cs:行号 115
   在 Frxs.Erp.WarehouseManagementSystem.WebUI.Controllers.Common.CommonController.GetWCList() 位置 e:\MyWork\Code\ERP\trunk\Frxs.Erp.Project\Frxs.Erp.WarehouseManagementSystem\Frxs.Erp.WarehouseManagementSystem.WebUI\Controllers\Common\CommonController.cs:行号 704
[源]e:\MyWork\Code\ERP\trunk\Frxs.Platform\Frxs.Platform.Utility\Log\Logger.cs
[行]151

[时间]2016-05-21 17:00:23,141
[异常内容]System.Exception: Message：接口方法:Frxs.Erp.Order.StockQty.Query , 类型：Frxs.Erp.ServiceCenter.Order.Actions.QueryStockQtyAction，执行Execute()方法错误，详细信息：Resolution of the dependency failed, type = "Frxs.Erp.ServiceCenter.Order.IDAL.Order.IStockQueryDAO", name = "(none)".
Exception occurred while: Calling constructor Frxs.Erp.ServiceCenter.Order.MSSQLDAL.Order.StockQueryDAO(System.String warehouseId).
Exception is: RedisResponseException - Zero length respose, sPort: 29651, LastCommand: 
-----------------------------------------------
At the time of the exception, the container was:

  Resolving Frxs.Erp.ServiceCenter.Order.MSSQLDAL.Order.StockQueryDAO,(none) (mapped from Frxs.Erp.ServiceCenter.Order.IDAL.Order.IStockQueryDAO, (none))
  Calling constructor Frxs.Erp.ServiceCenter.Order.MSSQLDAL.Order.StockQueryDAO(System.String warehouseId)
，StackTrace：   在 Frxs.Platform.IOCFactory.DALFactory.GetLazyInstance[T](String warehouseId) 位置 e:\MyWork\Code\ERP\trunk\Frxs.Platform\Frxs.Platform.IOCFactory\DALFactory.cs:行号 121
   在 Frxs.Erp.ServiceCenter.Order.BLL.StockQueryBLO.QueryStockQty(StockQtyQuery qmod) 位置 e:\MyWork\Code\ERP\trunk\Frxs.Erp.Project\Frxs.Erp.ServiceCenter\Frxs.Erp.ServiceCenter.Order.BLL\Stock\StockQueryBLO.cs:行号 22
   在 Frxs.Erp.ServiceCenter.Order.Actions.QueryStockQtyAction.Execute() 位置 e:\MyWork\Code\ERP\trunk\Frxs.Erp.Project\Frxs.Erp.ServiceCenter\Frxs.Erp.ServiceCenter.Order.Actions\Stock\QueryStockQtyAction.cs:行号 56
   在 Frxs.ServiceCenter.Api.Core.ActionBase`2.Frxs.ServiceCenter.Api.Core.IAction.Execute() 位置 e:\MyWork\Code\ERP\trunk\Frxs.Erp.Project\Frxs.Erp.ServiceCenter\Frxs.ServiceCenter.Api.Core.V20\ActionBase.cs:行号 323
   在 Frxs.ServiceCenter.Api.Core.DefaultActionInvoker.Execute(IAction action) 位置 e:\MyWork\Code\ERP\trunk\Frxs.Erp.Project\Frxs.Erp.ServiceCenter\Frxs.ServiceCenter.Api.Core.V20\DefaultActionInvoker.cs:行号 117
   在 Frxs.Erp.WarehouseManagementSystem.WebUI.OrderPartsServer.GetProductStock(Int32 Wid, Int32 subWid, IList`1 productIds, Int32 userId, String userName) 位置 e:\MyWork\Code\ERP\trunk\Frxs.Erp.Project\Frxs.Erp.WarehouseManagementSystem\Frxs.Erp.WarehouseManagementSystem.WebUI\Models\OrderPartsServer.cs:行号 338
   在 Frxs.Erp.WarehouseManagementSystem.WebUI.Controllers.Order.BatchRecommendController.BatchRecommendAddOrEditeHandle(String jsonEdit, String jsonProducts, String jsonOrders) 位置 e:\MyWork\Code\ERP\trunk\Frxs.Erp.Project\Frxs.Erp.WarehouseManagementSystem\Frxs.Erp.WarehouseManagementSystem.WebUI\Controllers\Order\BatchRecommendController.cs:行号 374
[源]e:\MyWork\Code\ERP\trunk\Frxs.Platform\Frxs.Platform.Utility\Log\Logger.cs
[行]151

[时间]2016-05-21 17:02:42,133
[异常内容]System.NullReferenceException: 未将对象引用设置到对象的实例。
   在 Frxs.Erp.WarehouseManagementSystem.WebUI.OrderPartsServer.GetPromotionRebate(Int32 wid, Int32 shopId, IList`1 productIds, Int32 userId, String userName) 位置 e:\MyWork\Code\ERP\trunk\Frxs.Erp.Project\Frxs.Erp.WarehouseManagementSystem\Frxs.Erp.WarehouseManagementSystem.WebUI\Models\OrderPartsServer.cs:行号 302
   在 Frxs.Erp.WarehouseManagementSystem.WebUI.Controllers.Order.BatchRecommendController.BatchRecommendAddOrEditeHandle(String jsonEdit, String jsonProducts, String jsonOrders) 位置 e:\MyWork\Code\ERP\trunk\Frxs.Erp.Project\Frxs.Erp.WarehouseManagementSystem\Frxs.Erp.WarehouseManagementSystem.WebUI\Controllers\Order\BatchRecommendController.cs:行号 425
[源]e:\MyWork\Code\ERP\trunk\Frxs.Platform\Frxs.Platform.Utility\Log\Logger.cs
[行]151

[时间]2016-05-21 17:03:08,519
[异常内容]System.ArgumentNullException: 值不能为 null。
参数名: source
   在 System.Linq.Enumerable.Where[TSource](IEnumerable`1 source, Func`2 predicate)
   在 Frxs.Erp.WarehouseManagementSystem.WebUI.Controllers.Order.BatchRecommendController.BatchRecommendAddOrEditeHandle(String jsonEdit, String jsonProducts, String jsonOrders) 位置 e:\MyWork\Code\ERP\trunk\Frxs.Erp.Project\Frxs.Erp.WarehouseManagementSystem\Frxs.Erp.WarehouseManagementSystem.WebUI\Controllers\Order\BatchRecommendController.cs:行号 479
[源]e:\MyWork\Code\ERP\trunk\Frxs.Platform\Frxs.Platform.Utility\Log\Logger.cs
[行]151

[时间]2016-05-21 17:03:42,425
[异常内容]System.ArgumentNullException: 值不能为 null。
参数名: source
   在 System.Linq.Enumerable.Where[TSource](IEnumerable`1 source, Func`2 predicate)
   在 Frxs.Erp.WarehouseManagementSystem.WebUI.Controllers.Order.BatchRecommendController.BatchRecommendAddOrEditeHandle(String jsonEdit, String jsonProducts, String jsonOrders) 位置 e:\MyWork\Code\ERP\trunk\Frxs.Erp.Project\Frxs.Erp.WarehouseManagementSystem\Frxs.Erp.WarehouseManagementSystem.WebUI\Controllers\Order\BatchRecommendController.cs:行号 479
[源]e:\MyWork\Code\ERP\trunk\Frxs.Platform\Frxs.Platform.Utility\Log\Logger.cs
[行]151

[时间]2016-05-21 17:34:42,872
[异常内容]System.NullReferenceException: 未将对象引用设置到对象的实例。
   在 Frxs.Erp.WarehouseManagementSystem.WebUI.WorkContext.get_CurrentWarehouse() 位置 e:\MyWork\Code\ERP\trunk\Frxs.Erp.Project\Frxs.Erp.WarehouseManagementSystem\Frxs.Erp.WarehouseManagementSystem.WebUI\Infrastructure\WorkContext.cs:行号 115
   在 Frxs.Erp.WarehouseManagementSystem.WebUI.Controllers.Common.CommonController.GetWCList() 位置 e:\MyWork\Code\ERP\trunk\Frxs.Erp.Project\Frxs.Erp.WarehouseManagementSystem\Frxs.Erp.WarehouseManagementSystem.WebUI\Controllers\Common\CommonController.cs:行号 704
[源]e:\MyWork\Code\ERP\trunk\Frxs.Platform\Frxs.Platform.Utility\Log\Logger.cs
[行]151
