
[时间]2016-05-23 15:02:42,854
[异常内容]System.NullReferenceException: 未将对象引用设置到对象的实例。
   在 Frxs.Erp.WarehouseManagementSystem.WebUI.Controllers.Common.CommonController.GetSaleProductStockInfo(String Value, String type, Int32 SubWID, Int32 ShopID, Int32 rows, Int32 page, Nullable`1 SKULikeSearch) 位置 e:\MyWork\Code\ERP\trunk\Frxs.Erp.Project\Frxs.Erp.WarehouseManagementSystem\Frxs.Erp.WarehouseManagementSystem.WebUI\Controllers\Common\CommonController.cs:行号 449
[源]e:\MyWork\Code\ERP\trunk\Frxs.Platform\Frxs.Platform.Utility\Log\Logger.cs
[行]151

[时间]2016-05-23 15:02:43,543
[异常内容]System.NullReferenceException: 未将对象引用设置到对象的实例。
   在 Frxs.Erp.WarehouseManagementSystem.WebUI.Controllers.Common.CommonController.GetSaleProductStockInfo(String Value, String type, Int32 SubWID, Int32 ShopID, Int32 rows, Int32 page, Nullable`1 SKULikeSearch) 位置 e:\MyWork\Code\ERP\trunk\Frxs.Erp.Project\Frxs.Erp.WarehouseManagementSystem\Frxs.Erp.WarehouseManagementSystem.WebUI\Controllers\Common\CommonController.cs:行号 449
[源]e:\MyWork\Code\ERP\trunk\Frxs.Platform\Frxs.Platform.Utility\Log\Logger.cs
[行]151

[时间]2016-05-23 15:02:58,640
[异常内容]System.NullReferenceException: 未将对象引用设置到对象的实例。
   在 Frxs.Erp.WarehouseManagementSystem.WebUI.Controllers.Common.CommonController.GetSaleProductStockInfo(String Value, String type, Int32 SubWID, Int32 ShopID, Int32 rows, Int32 page, Nullable`1 SKULikeSearch) 位置 e:\MyWork\Code\ERP\trunk\Frxs.Erp.Project\Frxs.Erp.WarehouseManagementSystem\Frxs.Erp.WarehouseManagementSystem.WebUI\Controllers\Common\CommonController.cs:行号 449
[源]e:\MyWork\Code\ERP\trunk\Frxs.Platform\Frxs.Platform.Utility\Log\Logger.cs
[行]151

[时间]2016-05-23 15:02:59,177
[异常内容]System.NullReferenceException: 未将对象引用设置到对象的实例。
   在 Frxs.Erp.WarehouseManagementSystem.WebUI.Controllers.Common.CommonController.GetSaleProductStockInfo(String Value, String type, Int32 SubWID, Int32 ShopID, Int32 rows, Int32 page, Nullable`1 SKULikeSearch) 位置 e:\MyWork\Code\ERP\trunk\Frxs.Erp.Project\Frxs.Erp.WarehouseManagementSystem\Frxs.Erp.WarehouseManagementSystem.WebUI\Controllers\Common\CommonController.cs:行号 449
[源]e:\MyWork\Code\ERP\trunk\Frxs.Platform\Frxs.Platform.Utility\Log\Logger.cs
[行]151

[时间]2016-05-23 15:03:02,490
[异常内容]System.NullReferenceException: 未将对象引用设置到对象的实例。
   在 Frxs.Erp.WarehouseManagementSystem.WebUI.Controllers.Common.CommonController.GetSaleProductStockInfo(String Value, String type, Int32 SubWID, Int32 ShopID, Int32 rows, Int32 page, Nullable`1 SKULikeSearch) 位置 e:\MyWork\Code\ERP\trunk\Frxs.Erp.Project\Frxs.Erp.WarehouseManagementSystem\Frxs.Erp.WarehouseManagementSystem.WebUI\Controllers\Common\CommonController.cs:行号 449
[源]e:\MyWork\Code\ERP\trunk\Frxs.Platform\Frxs.Platform.Utility\Log\Logger.cs
[行]151

[时间]2016-05-23 15:03:10,353
[异常内容]System.NullReferenceException: 未将对象引用设置到对象的实例。
   在 Frxs.Erp.WarehouseManagementSystem.WebUI.Controllers.Common.CommonController.GetSaleProductStockInfo(String Value, String type, Int32 SubWID, Int32 ShopID, Int32 rows, Int32 page, Nullable`1 SKULikeSearch) 位置 e:\MyWork\Code\ERP\trunk\Frxs.Erp.Project\Frxs.Erp.WarehouseManagementSystem\Frxs.Erp.WarehouseManagementSystem.WebUI\Controllers\Common\CommonController.cs:行号 449
[源]e:\MyWork\Code\ERP\trunk\Frxs.Platform\Frxs.Platform.Utility\Log\Logger.cs
[行]151

[时间]2016-05-23 15:03:11,083
[异常内容]System.NullReferenceException: 未将对象引用设置到对象的实例。
   在 Frxs.Erp.WarehouseManagementSystem.WebUI.Controllers.Common.CommonController.GetSaleProductStockInfo(String Value, String type, Int32 SubWID, Int32 ShopID, Int32 rows, Int32 page, Nullable`1 SKULikeSearch) 位置 e:\MyWork\Code\ERP\trunk\Frxs.Erp.Project\Frxs.Erp.WarehouseManagementSystem\Frxs.Erp.WarehouseManagementSystem.WebUI\Controllers\Common\CommonController.cs:行号 449
[源]e:\MyWork\Code\ERP\trunk\Frxs.Platform\Frxs.Platform.Utility\Log\Logger.cs
[行]151

[时间]2016-05-23 15:04:24,125
[异常内容]System.NullReferenceException: 未将对象引用设置到对象的实例。
   在 Frxs.Erp.WarehouseManagementSystem.WebUI.Controllers.Common.CommonController.GetSaleProductStockInfo(String Value, String type, Int32 SubWID, Int32 ShopID, Int32 rows, Int32 page, Nullable`1 SKULikeSearch) 位置 e:\MyWork\Code\ERP\trunk\Frxs.Erp.Project\Frxs.Erp.WarehouseManagementSystem\Frxs.Erp.WarehouseManagementSystem.WebUI\Controllers\Common\CommonController.cs:行号 449
[源]e:\MyWork\Code\ERP\trunk\Frxs.Platform\Frxs.Platform.Utility\Log\Logger.cs
[行]151

[时间]2016-05-23 15:04:24,689
[异常内容]System.NullReferenceException: 未将对象引用设置到对象的实例。
   在 Frxs.Erp.WarehouseManagementSystem.WebUI.Controllers.Common.CommonController.GetSaleProductStockInfo(String Value, String type, Int32 SubWID, Int32 ShopID, Int32 rows, Int32 page, Nullable`1 SKULikeSearch) 位置 e:\MyWork\Code\ERP\trunk\Frxs.Erp.Project\Frxs.Erp.WarehouseManagementSystem\Frxs.Erp.WarehouseManagementSystem.WebUI\Controllers\Common\CommonController.cs:行号 449
[源]e:\MyWork\Code\ERP\trunk\Frxs.Platform\Frxs.Platform.Utility\Log\Logger.cs
[行]151
