
2016/4/27 8:34:07
[异常内容]未将对象引用设置到对象的实例。
[源]Frxs.Erp.WarehouseManagementSystem.WebUI
[操作]/
[IP]192.168.3.242
System.NullReferenceException: 未将对象引用设置到对象的实例。
   在 Frxs.Erp.WarehouseManagementSystem.WebUI.WorkContext.get_CurrentWarehouse() 位置 e:\MyWork\Code\ERP\trunk\Frxs.Erp.Project\Frxs.Erp.WarehouseManagementSystem\Frxs.Erp.WarehouseManagementSystem.WebUI\Infrastructure\WorkContext.cs:行号 95
   在 Frxs.Erp.WarehouseManagementSystem.WebUI.BaseController.get_CurrentWarehouse() 位置 e:\MyWork\Code\ERP\trunk\Frxs.Erp.Project\Frxs.Erp.WarehouseManagementSystem\Frxs.Erp.WarehouseManagementSystem.WebUI\Controllers\BaseController.cs:行号 122
   在 Frxs.Erp.WarehouseManagementSystem.WebUI.Controllers.HomeController.Index() 位置 e:\MyWork\Code\ERP\trunk\Frxs.Erp.Project\Frxs.Erp.WarehouseManagementSystem\Frxs.Erp.WarehouseManagementSystem.WebUI\Controllers\HomeController.cs:行号 29
   在 lambda_method(Closure , ControllerBase , Object[] )
   在 System.Web.Mvc.ReflectedActionDescriptor.Execute(ControllerContext controllerContext, IDictionary`2 parameters)
   在 System.Web.Mvc.ControllerActionInvoker.InvokeActionMethod(ControllerContext controllerContext, ActionDescriptor actionDescriptor, IDictionary`2 parameters)
   在 System.Web.Mvc.Async.AsyncControllerActionInvoker.<>c__DisplayClass37.<>c__DisplayClass39.<BeginInvokeActionMethodWithFilters>b__33()
   在 System.Web.Mvc.Async.AsyncControllerActionInvoker.<>c__DisplayClass4f.<InvokeActionMethodFilterAsynchronously>b__49()
   在 System.Web.Mvc.Async.AsyncControllerActionInvoker.<>c__DisplayClass4f.<InvokeActionMethodFilterAsynchronously>b__49()
   在 System.Web.Mvc.Async.AsyncControllerActionInvoker.<>c__DisplayClass37.<BeginInvokeActionMethodWithFilters>b__36(IAsyncResult asyncResult)
   在 System.Web.Mvc.Async.AsyncControllerActionInvoker.<>c__DisplayClass25.<>c__DisplayClass2a.<BeginInvokeAction>b__20()
   在 System.Web.Mvc.Async.AsyncControllerActionInvoker.<>c__DisplayClass25.<BeginInvokeAction>b__22(IAsyncResult asyncResult)

2016/4/27 16:01:28
[异常内容]从客户端(jsonData="..."Remark":'<!>'}")中检测到有潜在危险的 Request.Form 值。
[源]System.Web
[操作]/BuyOrderPre/BuyOrderPreAddOrEditeNewHandle
[IP]192.168.3.242
System.Web.HttpRequestValidationException (0x80004005): 从客户端(jsonData="..."Remark":'<!>'}")中检测到有潜在危险的 Request.Form 值。
   在 System.Web.HttpRequest.ValidateString(String value, String collectionKey, RequestValidationSource requestCollection)
   在 System.Web.HttpValueCollection.GetValues(String name)
   在 System.Web.Mvc.NameValueCollectionValueProvider.ValueProviderResultPlaceholder.GetResultFromCollection(String key, NameValueCollection collection, CultureInfo culture)
   在 System.Lazy`1.CreateValue()
   在 System.Lazy`1.LazyInitValue()
   在 System.Web.Mvc.NameValueCollectionValueProvider.ValueProviderResultPlaceholder.get_ValidatedResult()
   在 System.Web.Mvc.NameValueCollectionValueProvider.GetValue(String key, Boolean skipValidation)
   在 System.Web.Mvc.ValueProviderCollection.<>c__DisplayClass9.<GetValue>b__4(IValueProvider provider)
   在 System.Linq.Enumerable.WhereSelectEnumerableIterator`2.MoveNext()
   在 System.Linq.Enumerable.WhereSelectEnumerableIterator`2.MoveNext()
   在 System.Linq.Enumerable.FirstOrDefault[TSource](IEnumerable`1 source)
   在 System.Web.Mvc.DefaultModelBinder.BindModel(ControllerContext controllerContext, ModelBindingContext bindingContext)
   在 System.Web.Mvc.ControllerActionInvoker.GetParameterValue(ControllerContext controllerContext, ParameterDescriptor parameterDescriptor)
   在 System.Web.Mvc.ControllerActionInvoker.GetParameterValues(ControllerContext controllerContext, ActionDescriptor actionDescriptor)
   在 System.Web.Mvc.Async.AsyncControllerActionInvoker.<>c__DisplayClass25.<BeginInvokeAction>b__1e(AsyncCallback asyncCallback, Object asyncState)

2016/4/27 16:04:42
[异常内容]从客户端(jsonData="..."Remark":'<!>'}")中检测到有潜在危险的 Request.Form 值。
[源]System.Web
[操作]/BuyOrderPre/BuyOrderPreAddOrEditeNewHandle
[IP]192.168.3.242
System.Web.HttpRequestValidationException (0x80004005): 从客户端(jsonData="..."Remark":'<!>'}")中检测到有潜在危险的 Request.Form 值。
   在 System.Web.HttpRequest.ValidateString(String value, String collectionKey, RequestValidationSource requestCollection)
   在 System.Web.HttpValueCollection.GetValues(String name)
   在 System.Web.Mvc.NameValueCollectionValueProvider.ValueProviderResultPlaceholder.GetResultFromCollection(String key, NameValueCollection collection, CultureInfo culture)
   在 System.Lazy`1.CreateValue()
   在 System.Lazy`1.LazyInitValue()
   在 System.Web.Mvc.NameValueCollectionValueProvider.ValueProviderResultPlaceholder.get_ValidatedResult()
   在 System.Web.Mvc.NameValueCollectionValueProvider.GetValue(String key, Boolean skipValidation)
   在 System.Web.Mvc.ValueProviderCollection.<>c__DisplayClass9.<GetValue>b__4(IValueProvider provider)
   在 System.Linq.Enumerable.WhereSelectEnumerableIterator`2.MoveNext()
   在 System.Linq.Enumerable.WhereSelectEnumerableIterator`2.MoveNext()
   在 System.Linq.Enumerable.FirstOrDefault[TSource](IEnumerable`1 source)
   在 System.Web.Mvc.DefaultModelBinder.BindModel(ControllerContext controllerContext, ModelBindingContext bindingContext)
   在 System.Web.Mvc.ControllerActionInvoker.GetParameterValue(ControllerContext controllerContext, ParameterDescriptor parameterDescriptor)
   在 System.Web.Mvc.ControllerActionInvoker.GetParameterValues(ControllerContext controllerContext, ActionDescriptor actionDescriptor)
   在 System.Web.Mvc.Async.AsyncControllerActionInvoker.<>c__DisplayClass25.<BeginInvokeAction>b__1e(AsyncCallback asyncCallback, Object asyncState)

2016/4/27 16:05:44
[异常内容]从客户端(jsonData="..."Remark":'<!>'}")中检测到有潜在危险的 Request.Form 值。
[源]System.Web
[操作]/BuyOrderPre/BuyOrderPreAddOrEditeNewHandle
[IP]192.168.3.242
System.Web.HttpRequestValidationException (0x80004005): 从客户端(jsonData="..."Remark":'<!>'}")中检测到有潜在危险的 Request.Form 值。
   在 System.Web.HttpRequest.ValidateString(String value, String collectionKey, RequestValidationSource requestCollection)
   在 System.Web.HttpValueCollection.GetValues(String name)
   在 System.Web.Mvc.NameValueCollectionValueProvider.ValueProviderResultPlaceholder.GetResultFromCollection(String key, NameValueCollection collection, CultureInfo culture)
   在 System.Lazy`1.CreateValue()
   在 System.Lazy`1.LazyInitValue()
   在 System.Web.Mvc.NameValueCollectionValueProvider.ValueProviderResultPlaceholder.get_ValidatedResult()
   在 System.Web.Mvc.NameValueCollectionValueProvider.GetValue(String key, Boolean skipValidation)
   在 System.Web.Mvc.ValueProviderCollection.<>c__DisplayClass9.<GetValue>b__4(IValueProvider provider)
   在 System.Linq.Enumerable.WhereSelectEnumerableIterator`2.MoveNext()
   在 System.Linq.Enumerable.WhereSelectEnumerableIterator`2.MoveNext()
   在 System.Linq.Enumerable.FirstOrDefault[TSource](IEnumerable`1 source)
   在 System.Web.Mvc.DefaultModelBinder.BindModel(ControllerContext controllerContext, ModelBindingContext bindingContext)
   在 System.Web.Mvc.ControllerActionInvoker.GetParameterValue(ControllerContext controllerContext, ParameterDescriptor parameterDescriptor)
   在 System.Web.Mvc.ControllerActionInvoker.GetParameterValues(ControllerContext controllerContext, ActionDescriptor actionDescriptor)
   在 System.Web.Mvc.Async.AsyncControllerActionInvoker.<>c__DisplayClass25.<BeginInvokeAction>b__1e(AsyncCallback asyncCallback, Object asyncState)
