
2016/3/23 13:45:52
[异常内容]未找到视图“BuyBackPreAddOrEdit”或其母版视图，或没有视图引擎支持搜索的位置。搜索了以下位置: 
~/Views/BuyBackPre/BuyBackPreAddOrEdit.aspx
~/Views/BuyBackPre/BuyBackPreAddOrEdit.ascx
~/Views/Shared/BuyBackPreAddOrEdit.aspx
~/Views/Shared/BuyBackPreAddOrEdit.ascx
~/Views/BuyBackPre/BuyBackPreAddOrEdit.cshtml
~/Views/BuyBackPre/BuyBackPreAddOrEdit.vbhtml
~/Views/Shared/BuyBackPreAddOrEdit.cshtml
~/Views/Shared/BuyBackPreAddOrEdit.vbhtml
[源]System.Web.Mvc
[操作]/BuyBackPre/BuyBackPreAddOrEdit
[IP]192.168.3.242
System.InvalidOperationException: 未找到视图“BuyBackPreAddOrEdit”或其母版视图，或没有视图引擎支持搜索的位置。搜索了以下位置: 
~/Views/BuyBackPre/BuyBackPreAddOrEdit.aspx
~/Views/BuyBackPre/BuyBackPreAddOrEdit.ascx
~/Views/Shared/BuyBackPreAddOrEdit.aspx
~/Views/Shared/BuyBackPreAddOrEdit.ascx
~/Views/BuyBackPre/BuyBackPreAddOrEdit.cshtml
~/Views/BuyBackPre/BuyBackPreAddOrEdit.vbhtml
~/Views/Shared/BuyBackPreAddOrEdit.cshtml
~/Views/Shared/BuyBackPreAddOrEdit.vbhtml
   在 System.Web.Mvc.ViewResult.FindView(ControllerContext context)
   在 System.Web.Mvc.ViewResultBase.ExecuteResult(ControllerContext context)
   在 System.Web.Mvc.ControllerActionInvoker.<>c__DisplayClass1a.<InvokeActionResultWithFilters>b__17()
   在 System.Web.Mvc.ControllerActionInvoker.InvokeActionResultFilter(IResultFilter filter, ResultExecutingContext preContext, Func`1 continuation)
   在 System.Web.Mvc.ControllerActionInvoker.InvokeActionResultFilter(IResultFilter filter, ResultExecutingContext preContext, Func`1 continuation)
   在 System.Web.Mvc.ControllerActionInvoker.InvokeActionResultWithFilters(ControllerContext controllerContext, IList`1 filters, ActionResult actionResult)
   在 System.Web.Mvc.Async.AsyncControllerActionInvoker.<>c__DisplayClass25.<BeginInvokeAction>b__22(IAsyncResult asyncResult)

2016/3/23 18:22:57
[异常内容]未将对象引用设置到对象的实例。
[源]App_Web_5besyhu3
[操作]/BuyBackPre/BuyBackPreAddOrEdit?BackID=105000000004
[IP]192.168.3.242
System.NullReferenceException: 未将对象引用设置到对象的实例。
   在 ASP._Page_Views_BuyBackPre_BuyBackPreAddOrEdit_cshtml.Execute() 位置 e:\MyWork\Code\ERP\trunk\Frxs.Erp.Project\Frxs.Erp.WarehouseManagementSystem\Frxs.Erp.WarehouseManagementSystem.WebUI\Views\BuyBackPre\BuyBackPreAddOrEdit.cshtml:行号 113
   在 System.Web.WebPages.WebPageBase.ExecutePageHierarchy()
   在 System.Web.Mvc.WebViewPage.ExecutePageHierarchy()
   在 System.Web.WebPages.StartPage.ExecutePageHierarchy()
   在 System.Web.WebPages.WebPageBase.ExecutePageHierarchy(WebPageContext pageContext, TextWriter writer, WebPageRenderingBase startPage)
   在 System.Web.Mvc.RazorView.RenderView(ViewContext viewContext, TextWriter writer, Object instance)
   在 System.Web.Mvc.BuildManagerCompiledView.Render(ViewContext viewContext, TextWriter writer)
   在 System.Web.Mvc.ViewResultBase.ExecuteResult(ControllerContext context)
   在 System.Web.Mvc.ControllerActionInvoker.InvokeActionResult(ControllerContext controllerContext, ActionResult actionResult)
   在 System.Web.Mvc.ControllerActionInvoker.<>c__DisplayClass1a.<InvokeActionResultWithFilters>b__17()
   在 System.Web.Mvc.ControllerActionInvoker.InvokeActionResultFilter(IResultFilter filter, ResultExecutingContext preContext, Func`1 continuation)
   在 System.Web.Mvc.ControllerActionInvoker.<>c__DisplayClass1a.<>c__DisplayClass1c.<InvokeActionResultWithFilters>b__19()
   在 System.Web.Mvc.ControllerActionInvoker.InvokeActionResultFilter(IResultFilter filter, ResultExecutingContext preContext, Func`1 continuation)
   在 System.Web.Mvc.ControllerActionInvoker.<>c__DisplayClass1a.<>c__DisplayClass1c.<InvokeActionResultWithFilters>b__19()
   在 System.Web.Mvc.ControllerActionInvoker.InvokeActionResultWithFilters(ControllerContext controllerContext, IList`1 filters, ActionResult actionResult)
   在 System.Web.Mvc.Async.AsyncControllerActionInvoker.<>c__DisplayClass25.<>c__DisplayClass2a.<BeginInvokeAction>b__20()
   在 System.Web.Mvc.Async.AsyncControllerActionInvoker.<>c__DisplayClass25.<BeginInvokeAction>b__22(IAsyncResult asyncResult)

2016/3/23 18:23:12
[异常内容]未将对象引用设置到对象的实例。
[源]App_Web_5besyhu3
[操作]/BuyBackPre/BuyBackPreAddOrEdit?BackID=105000000003
[IP]192.168.3.242
System.NullReferenceException: 未将对象引用设置到对象的实例。
   在 ASP._Page_Views_BuyBackPre_BuyBackPreAddOrEdit_cshtml.Execute() 位置 e:\MyWork\Code\ERP\trunk\Frxs.Erp.Project\Frxs.Erp.WarehouseManagementSystem\Frxs.Erp.WarehouseManagementSystem.WebUI\Views\BuyBackPre\BuyBackPreAddOrEdit.cshtml:行号 113
   在 System.Web.WebPages.WebPageBase.ExecutePageHierarchy()
   在 System.Web.Mvc.WebViewPage.ExecutePageHierarchy()
   在 System.Web.WebPages.StartPage.ExecutePageHierarchy()
   在 System.Web.WebPages.WebPageBase.ExecutePageHierarchy(WebPageContext pageContext, TextWriter writer, WebPageRenderingBase startPage)
   在 System.Web.Mvc.RazorView.RenderView(ViewContext viewContext, TextWriter writer, Object instance)
   在 System.Web.Mvc.BuildManagerCompiledView.Render(ViewContext viewContext, TextWriter writer)
   在 System.Web.Mvc.ViewResultBase.ExecuteResult(ControllerContext context)
   在 System.Web.Mvc.ControllerActionInvoker.InvokeActionResult(ControllerContext controllerContext, ActionResult actionResult)
   在 System.Web.Mvc.ControllerActionInvoker.<>c__DisplayClass1a.<InvokeActionResultWithFilters>b__17()
   在 System.Web.Mvc.ControllerActionInvoker.InvokeActionResultFilter(IResultFilter filter, ResultExecutingContext preContext, Func`1 continuation)
   在 System.Web.Mvc.ControllerActionInvoker.<>c__DisplayClass1a.<>c__DisplayClass1c.<InvokeActionResultWithFilters>b__19()
   在 System.Web.Mvc.ControllerActionInvoker.InvokeActionResultFilter(IResultFilter filter, ResultExecutingContext preContext, Func`1 continuation)
   在 System.Web.Mvc.ControllerActionInvoker.<>c__DisplayClass1a.<>c__DisplayClass1c.<InvokeActionResultWithFilters>b__19()
   在 System.Web.Mvc.ControllerActionInvoker.InvokeActionResultWithFilters(ControllerContext controllerContext, IList`1 filters, ActionResult actionResult)
   在 System.Web.Mvc.Async.AsyncControllerActionInvoker.<>c__DisplayClass25.<>c__DisplayClass2a.<BeginInvokeAction>b__20()
   在 System.Web.Mvc.Async.AsyncControllerActionInvoker.<>c__DisplayClass25.<BeginInvokeAction>b__22(IAsyncResult asyncResult)

2016/3/23 18:27:10
[异常内容]未将对象引用设置到对象的实例。
[源]App_Web_5besyhu3
[操作]/BuyBackPre/BuyBackPreAddOrEdit?BackID=105000000003
[IP]192.168.3.242
System.NullReferenceException: 未将对象引用设置到对象的实例。
   在 ASP._Page_Views_BuyBackPre_BuyBackPreAddOrEdit_cshtml.Execute() 位置 e:\MyWork\Code\ERP\trunk\Frxs.Erp.Project\Frxs.Erp.WarehouseManagementSystem\Frxs.Erp.WarehouseManagementSystem.WebUI\Views\BuyBackPre\BuyBackPreAddOrEdit.cshtml:行号 113
   在 System.Web.WebPages.WebPageBase.ExecutePageHierarchy()
   在 System.Web.Mvc.WebViewPage.ExecutePageHierarchy()
   在 System.Web.WebPages.StartPage.ExecutePageHierarchy()
   在 System.Web.WebPages.WebPageBase.ExecutePageHierarchy(WebPageContext pageContext, TextWriter writer, WebPageRenderingBase startPage)
   在 System.Web.Mvc.RazorView.RenderView(ViewContext viewContext, TextWriter writer, Object instance)
   在 System.Web.Mvc.BuildManagerCompiledView.Render(ViewContext viewContext, TextWriter writer)
   在 System.Web.Mvc.ViewResultBase.ExecuteResult(ControllerContext context)
   在 System.Web.Mvc.ControllerActionInvoker.InvokeActionResult(ControllerContext controllerContext, ActionResult actionResult)
   在 System.Web.Mvc.ControllerActionInvoker.<>c__DisplayClass1a.<InvokeActionResultWithFilters>b__17()
   在 System.Web.Mvc.ControllerActionInvoker.InvokeActionResultFilter(IResultFilter filter, ResultExecutingContext preContext, Func`1 continuation)
   在 System.Web.Mvc.ControllerActionInvoker.<>c__DisplayClass1a.<>c__DisplayClass1c.<InvokeActionResultWithFilters>b__19()
   在 System.Web.Mvc.ControllerActionInvoker.InvokeActionResultFilter(IResultFilter filter, ResultExecutingContext preContext, Func`1 continuation)
   在 System.Web.Mvc.ControllerActionInvoker.<>c__DisplayClass1a.<>c__DisplayClass1c.<InvokeActionResultWithFilters>b__19()
   在 System.Web.Mvc.ControllerActionInvoker.InvokeActionResultWithFilters(ControllerContext controllerContext, IList`1 filters, ActionResult actionResult)
   在 System.Web.Mvc.Async.AsyncControllerActionInvoker.<>c__DisplayClass25.<>c__DisplayClass2a.<BeginInvokeAction>b__20()
   在 System.Web.Mvc.Async.AsyncControllerActionInvoker.<>c__DisplayClass25.<BeginInvokeAction>b__22(IAsyncResult asyncResult)

2016/3/23 18:27:14
[异常内容]

Mapping types:
String -> Int32
System.String -> System.Int32

Destination path:
BuyBackPreModel.SettleID.SettleID

Source value:

[源]AutoMapper
[操作]/BuyBackPre/BuyBackPreAddOrEdit?BackID=105000000003
[IP]192.168.3.242
AutoMapper.AutoMapperMappingException: 

Mapping types:
String -> Int32
System.String -> System.Int32

Destination path:
BuyBackPreModel.SettleID.SettleID

Source value:
 ---> System.Exception:  不是 Int32 的有效值。 ---> System.IndexOutOfRangeException: 索引超出了数组界限。
   在 System.ComponentModel.BaseNumberConverter.ConvertFrom(ITypeDescriptorContext context, CultureInfo culture, Object value)
   --- 内部异常堆栈跟踪的结尾 ---
   在 System.ComponentModel.BaseNumberConverter.ConvertFrom(ITypeDescriptorContext context, CultureInfo culture, Object value)
   在 AutoMapper.Mappers.TypeConverterMapper.<>c__DisplayClass1_0.<GetConverter>b__2()
   在 AutoMapper.Mappers.TypeConverterMapper.Map(ResolutionContext context, IMappingEngineRunner mapper)
   在 AutoMapper.MappingEngine.AutoMapper.IMappingEngineRunner.Map(ResolutionContext context)
   --- 内部异常堆栈跟踪的结尾 ---
   在 AutoMapper.MappingEngine.AutoMapper.IMappingEngineRunner.Map(ResolutionContext context)
   在 AutoMapper.Mappers.TypeMapObjectMapperRegistry.PropertyMapMappingStrategy.MapPropertyValue(ResolutionContext context, IMappingEngineRunner mapper, Object mappedObject, PropertyMap propertyMap)
   在 AutoMapper.Mappers.TypeMapObjectMapperRegistry.PropertyMapMappingStrategy.Map(ResolutionContext context, IMappingEngineRunner mapper)
   在 AutoMapper.Mappers.TypeMapMapper.Map(ResolutionContext context, IMappingEngineRunner mapper)
   在 AutoMapper.MappingEngine.AutoMapper.IMappingEngineRunner.Map(ResolutionContext context)
   在 AutoMapper.MappingEngine.MapCore(Object source, Type sourceType, Type destinationType, MappingOperationOptions options)
   在 AutoMapper.MappingEngine.Map(Object source, Type sourceType, Type destinationType, Action`1 opts)
   在 AutoMapper.MappingEngine.Map[TDestination](Object source, Action`1 opts)
   在 AutoMapper.MappingEngine.Map[TDestination](Object source)
   在 AutoMapper.Mapper.Map[TDestination](Object source)
   在 Frxs.Platform.Utility.Map.AutoMapperHelper.MapTo[T](Object obj) 位置 e:\MyWork\Code\ERP\trunk\Frxs.Platform\Frxs.Platform.Utility\Map\AutoMapperHelper.cs:行号 26
   在 Frxs.Erp.WarehouseManagementSystem.WebUI.Controllers.BuyBackPreController.BuyBackPreAddOrEdit(String backid) 位置 e:\MyWork\Code\ERP\trunk\Frxs.Erp.Project\Frxs.Erp.WarehouseManagementSystem\Frxs.Erp.WarehouseManagementSystem.WebUI\Controllers\BuyBackPre\BuyBackPreController.cs:行号 51
   在 lambda_method(Closure , ControllerBase , Object[] )
   在 System.Web.Mvc.ActionMethodDispatcher.Execute(ControllerBase controller, Object[] parameters)
   在 System.Web.Mvc.ReflectedActionDescriptor.Execute(ControllerContext controllerContext, IDictionary`2 parameters)
   在 System.Web.Mvc.ControllerActionInvoker.InvokeActionMethod(ControllerContext controllerContext, ActionDescriptor actionDescriptor, IDictionary`2 parameters)
   在 System.Web.Mvc.Async.AsyncControllerActionInvoker.InvokeSynchronousActionMethod(ControllerContext controllerContext, ActionDescriptor actionDescriptor, IDictionary`2 parameters)
   在 System.Web.Mvc.Async.AsyncControllerActionInvoker.<>c__DisplayClass42.<BeginInvokeSynchronousActionMethod>b__41()
   在 System.Web.Mvc.Async.AsyncResultWrapper.<>c__DisplayClass8`1.<BeginSynchronous>b__7(IAsyncResult _)
   在 System.Web.Mvc.Async.AsyncResultWrapper.WrappedAsyncResult`1.End()
   在 System.Web.Mvc.Async.AsyncResultWrapper.End[TResult](IAsyncResult asyncResult, Object tag)
   在 System.Web.Mvc.Async.AsyncControllerActionInvoker.EndInvokeActionMethod(IAsyncResult asyncResult)
   在 System.Web.Mvc.Async.AsyncControllerActionInvoker.<>c__DisplayClass37.<>c__DisplayClass39.<BeginInvokeActionMethodWithFilters>b__33()
   在 System.Web.Mvc.Async.AsyncControllerActionInvoker.<>c__DisplayClass4f.<InvokeActionMethodFilterAsynchronously>b__49()
   在 System.Web.Mvc.Async.AsyncControllerActionInvoker.<>c__DisplayClass4f.<InvokeActionMethodFilterAsynchronously>b__49()
   在 System.Web.Mvc.Async.AsyncControllerActionInvoker.<>c__DisplayClass37.<BeginInvokeActionMethodWithFilters>b__36(IAsyncResult asyncResult)
   在 System.Web.Mvc.Async.AsyncResultWrapper.WrappedAsyncResult`1.End()
   在 System.Web.Mvc.Async.AsyncResultWrapper.End[TResult](IAsyncResult asyncResult, Object tag)
   在 System.Web.Mvc.Async.AsyncControllerActionInvoker.EndInvokeActionMethodWithFilters(IAsyncResult asyncResult)
   在 System.Web.Mvc.Async.AsyncControllerActionInvoker.<>c__DisplayClass25.<>c__DisplayClass2a.<BeginInvokeAction>b__20()
   在 System.Web.Mvc.Async.AsyncControllerActionInvoker.<>c__DisplayClass25.<BeginInvokeAction>b__22(IAsyncResult asyncResult)

2016/3/23 18:27:33
[异常内容]

Mapping types:
String -> Int32
System.String -> System.Int32

Destination path:
BuyBackPreModel.SettleID.SettleID

Source value:

[源]AutoMapper
[操作]/BuyBackPre/BuyBackPreAddOrEdit?BackID=105000000003
[IP]192.168.3.242
AutoMapper.AutoMapperMappingException: 

Mapping types:
String -> Int32
System.String -> System.Int32

Destination path:
BuyBackPreModel.SettleID.SettleID

Source value:
 ---> System.Exception:  不是 Int32 的有效值。 ---> System.IndexOutOfRangeException: 索引超出了数组界限。
   在 System.ComponentModel.BaseNumberConverter.ConvertFrom(ITypeDescriptorContext context, CultureInfo culture, Object value)
   --- 内部异常堆栈跟踪的结尾 ---
   在 System.ComponentModel.BaseNumberConverter.ConvertFrom(ITypeDescriptorContext context, CultureInfo culture, Object value)
   在 AutoMapper.Mappers.TypeConverterMapper.Map(ResolutionContext context, IMappingEngineRunner mapper)
   在 AutoMapper.MappingEngine.AutoMapper.IMappingEngineRunner.Map(ResolutionContext context)
   --- 内部异常堆栈跟踪的结尾 ---
   在 AutoMapper.MappingEngine.AutoMapper.IMappingEngineRunner.Map(ResolutionContext context)
   在 AutoMapper.Mappers.TypeMapObjectMapperRegistry.PropertyMapMappingStrategy.MapPropertyValue(ResolutionContext context, IMappingEngineRunner mapper, Object mappedObject, PropertyMap propertyMap)
   在 AutoMapper.Mappers.TypeMapObjectMapperRegistry.PropertyMapMappingStrategy.Map(ResolutionContext context, IMappingEngineRunner mapper)
   在 AutoMapper.MappingEngine.AutoMapper.IMappingEngineRunner.Map(ResolutionContext context)
   在 AutoMapper.MappingEngine.Map[TDestination](Object source, Action`1 opts)
   在 Frxs.Platform.Utility.Map.AutoMapperHelper.MapTo[T](Object obj) 位置 e:\MyWork\Code\ERP\trunk\Frxs.Platform\Frxs.Platform.Utility\Map\AutoMapperHelper.cs:行号 26
   在 Frxs.Erp.WarehouseManagementSystem.WebUI.Controllers.BuyBackPreController.BuyBackPreAddOrEdit(String backid) 位置 e:\MyWork\Code\ERP\trunk\Frxs.Erp.Project\Frxs.Erp.WarehouseManagementSystem\Frxs.Erp.WarehouseManagementSystem.WebUI\Controllers\BuyBackPre\BuyBackPreController.cs:行号 51
   在 lambda_method(Closure , ControllerBase , Object[] )
   在 System.Web.Mvc.ReflectedActionDescriptor.Execute(ControllerContext controllerContext, IDictionary`2 parameters)
   在 System.Web.Mvc.ControllerActionInvoker.InvokeActionMethod(ControllerContext controllerContext, ActionDescriptor actionDescriptor, IDictionary`2 parameters)
   在 System.Web.Mvc.Async.AsyncControllerActionInvoker.<>c__DisplayClass37.<>c__DisplayClass39.<BeginInvokeActionMethodWithFilters>b__33()
   在 System.Web.Mvc.Async.AsyncControllerActionInvoker.<>c__DisplayClass4f.<InvokeActionMethodFilterAsynchronously>b__49()
   在 System.Web.Mvc.Async.AsyncControllerActionInvoker.<>c__DisplayClass4f.<InvokeActionMethodFilterAsynchronously>b__49()
   在 System.Web.Mvc.Async.AsyncControllerActionInvoker.<>c__DisplayClass37.<BeginInvokeActionMethodWithFilters>b__36(IAsyncResult asyncResult)
   在 System.Web.Mvc.Async.AsyncControllerActionInvoker.<>c__DisplayClass25.<>c__DisplayClass2a.<BeginInvokeAction>b__20()
   在 System.Web.Mvc.Async.AsyncControllerActionInvoker.<>c__DisplayClass25.<BeginInvokeAction>b__22(IAsyncResult asyncResult)

2016/3/23 18:28:45
[异常内容]

Mapping types:
String -> Int32
System.String -> System.Int32

Destination path:
BuyBackPreModel.SettleID.SettleID

Source value:

[源]AutoMapper
[操作]/BuyBackPre/BuyBackPreAddOrEdit?BackID=105000000003
[IP]192.168.3.242
AutoMapper.AutoMapperMappingException: 

Mapping types:
String -> Int32
System.String -> System.Int32

Destination path:
BuyBackPreModel.SettleID.SettleID

Source value:
 ---> System.Exception:  不是 Int32 的有效值。 ---> System.IndexOutOfRangeException: 索引超出了数组界限。
   在 System.ComponentModel.BaseNumberConverter.ConvertFrom(ITypeDescriptorContext context, CultureInfo culture, Object value)
   --- 内部异常堆栈跟踪的结尾 ---
   在 System.ComponentModel.BaseNumberConverter.ConvertFrom(ITypeDescriptorContext context, CultureInfo culture, Object value)
   在 AutoMapper.Mappers.TypeConverterMapper.Map(ResolutionContext context, IMappingEngineRunner mapper)
   在 AutoMapper.MappingEngine.AutoMapper.IMappingEngineRunner.Map(ResolutionContext context)
   --- 内部异常堆栈跟踪的结尾 ---
   在 AutoMapper.MappingEngine.AutoMapper.IMappingEngineRunner.Map(ResolutionContext context)
   在 AutoMapper.Mappers.TypeMapObjectMapperRegistry.PropertyMapMappingStrategy.MapPropertyValue(ResolutionContext context, IMappingEngineRunner mapper, Object mappedObject, PropertyMap propertyMap)
   在 AutoMapper.Mappers.TypeMapObjectMapperRegistry.PropertyMapMappingStrategy.Map(ResolutionContext context, IMappingEngineRunner mapper)
   在 AutoMapper.MappingEngine.AutoMapper.IMappingEngineRunner.Map(ResolutionContext context)
   在 AutoMapper.MappingEngine.Map[TDestination](Object source, Action`1 opts)
   在 Frxs.Platform.Utility.Map.AutoMapperHelper.MapTo[T](Object obj) 位置 e:\MyWork\Code\ERP\trunk\Frxs.Platform\Frxs.Platform.Utility\Map\AutoMapperHelper.cs:行号 26
   在 Frxs.Erp.WarehouseManagementSystem.WebUI.Controllers.BuyBackPreController.BuyBackPreAddOrEdit(String backid) 位置 e:\MyWork\Code\ERP\trunk\Frxs.Erp.Project\Frxs.Erp.WarehouseManagementSystem\Frxs.Erp.WarehouseManagementSystem.WebUI\Controllers\BuyBackPre\BuyBackPreController.cs:行号 51
   在 lambda_method(Closure , ControllerBase , Object[] )
   在 System.Web.Mvc.ReflectedActionDescriptor.Execute(ControllerContext controllerContext, IDictionary`2 parameters)
   在 System.Web.Mvc.ControllerActionInvoker.InvokeActionMethod(ControllerContext controllerContext, ActionDescriptor actionDescriptor, IDictionary`2 parameters)
   在 System.Web.Mvc.Async.AsyncControllerActionInvoker.<>c__DisplayClass37.<>c__DisplayClass39.<BeginInvokeActionMethodWithFilters>b__33()
   在 System.Web.Mvc.Async.AsyncControllerActionInvoker.<>c__DisplayClass4f.<InvokeActionMethodFilterAsynchronously>b__49()
   在 System.Web.Mvc.Async.AsyncControllerActionInvoker.<>c__DisplayClass4f.<InvokeActionMethodFilterAsynchronously>b__49()
   在 System.Web.Mvc.Async.AsyncControllerActionInvoker.<>c__DisplayClass37.<BeginInvokeActionMethodWithFilters>b__36(IAsyncResult asyncResult)
   在 System.Web.Mvc.Async.AsyncControllerActionInvoker.<>c__DisplayClass25.<>c__DisplayClass2a.<BeginInvokeAction>b__20()
   在 System.Web.Mvc.Async.AsyncControllerActionInvoker.<>c__DisplayClass25.<BeginInvokeAction>b__22(IAsyncResult asyncResult)

2016/3/23 18:29:08
[异常内容]

Mapping types:
String -> Int32
System.String -> System.Int32

Destination path:
BuyBackPreModel.SettleID.SettleID

Source value:

[源]AutoMapper
[操作]/BuyBackPre/BuyBackPreAddOrEdit?BackID=105000000003
[IP]192.168.3.242
AutoMapper.AutoMapperMappingException: 

Mapping types:
String -> Int32
System.String -> System.Int32

Destination path:
BuyBackPreModel.SettleID.SettleID

Source value:
 ---> System.Exception:  不是 Int32 的有效值。 ---> System.IndexOutOfRangeException: 索引超出了数组界限。
   在 System.ComponentModel.BaseNumberConverter.ConvertFrom(ITypeDescriptorContext context, CultureInfo culture, Object value)
   --- 内部异常堆栈跟踪的结尾 ---
   在 System.ComponentModel.BaseNumberConverter.ConvertFrom(ITypeDescriptorContext context, CultureInfo culture, Object value)
   在 AutoMapper.Mappers.TypeConverterMapper.Map(ResolutionContext context, IMappingEngineRunner mapper)
   在 AutoMapper.MappingEngine.AutoMapper.IMappingEngineRunner.Map(ResolutionContext context)
   --- 内部异常堆栈跟踪的结尾 ---
   在 AutoMapper.MappingEngine.AutoMapper.IMappingEngineRunner.Map(ResolutionContext context)
   在 AutoMapper.Mappers.TypeMapObjectMapperRegistry.PropertyMapMappingStrategy.MapPropertyValue(ResolutionContext context, IMappingEngineRunner mapper, Object mappedObject, PropertyMap propertyMap)
   在 AutoMapper.Mappers.TypeMapObjectMapperRegistry.PropertyMapMappingStrategy.Map(ResolutionContext context, IMappingEngineRunner mapper)
   在 AutoMapper.MappingEngine.AutoMapper.IMappingEngineRunner.Map(ResolutionContext context)
   在 AutoMapper.MappingEngine.Map[TDestination](Object source, Action`1 opts)
   在 Frxs.Platform.Utility.Map.AutoMapperHelper.MapTo[T](Object obj) 位置 e:\MyWork\Code\ERP\trunk\Frxs.Platform\Frxs.Platform.Utility\Map\AutoMapperHelper.cs:行号 26
   在 Frxs.Erp.WarehouseManagementSystem.WebUI.Controllers.BuyBackPreController.BuyBackPreAddOrEdit(String backid) 位置 e:\MyWork\Code\ERP\trunk\Frxs.Erp.Project\Frxs.Erp.WarehouseManagementSystem\Frxs.Erp.WarehouseManagementSystem.WebUI\Controllers\BuyBackPre\BuyBackPreController.cs:行号 51
   在 lambda_method(Closure , ControllerBase , Object[] )
   在 System.Web.Mvc.ReflectedActionDescriptor.Execute(ControllerContext controllerContext, IDictionary`2 parameters)
   在 System.Web.Mvc.ControllerActionInvoker.InvokeActionMethod(ControllerContext controllerContext, ActionDescriptor actionDescriptor, IDictionary`2 parameters)
   在 System.Web.Mvc.Async.AsyncControllerActionInvoker.<>c__DisplayClass37.<>c__DisplayClass39.<BeginInvokeActionMethodWithFilters>b__33()
   在 System.Web.Mvc.Async.AsyncControllerActionInvoker.<>c__DisplayClass4f.<InvokeActionMethodFilterAsynchronously>b__49()
   在 System.Web.Mvc.Async.AsyncControllerActionInvoker.<>c__DisplayClass4f.<InvokeActionMethodFilterAsynchronously>b__49()
   在 System.Web.Mvc.Async.AsyncControllerActionInvoker.<>c__DisplayClass37.<BeginInvokeActionMethodWithFilters>b__36(IAsyncResult asyncResult)
   在 System.Web.Mvc.Async.AsyncControllerActionInvoker.<>c__DisplayClass25.<>c__DisplayClass2a.<BeginInvokeAction>b__20()
   在 System.Web.Mvc.Async.AsyncControllerActionInvoker.<>c__DisplayClass25.<BeginInvokeAction>b__22(IAsyncResult asyncResult)

2016/3/23 18:30:44
[异常内容]

Mapping types:
String -> Int32
System.String -> System.Int32

Destination path:
BuyBackPreModel.SettleID.SettleID

Source value:

[源]AutoMapper
[操作]/BuyBackPre/BuyBackPreAddOrEdit?BackID=105000000003
[IP]192.168.3.242
AutoMapper.AutoMapperMappingException: 

Mapping types:
String -> Int32
System.String -> System.Int32

Destination path:
BuyBackPreModel.SettleID.SettleID

Source value:
 ---> System.Exception:  不是 Int32 的有效值。 ---> System.IndexOutOfRangeException: 索引超出了数组界限。
   在 System.ComponentModel.BaseNumberConverter.ConvertFrom(ITypeDescriptorContext context, CultureInfo culture, Object value)
   --- 内部异常堆栈跟踪的结尾 ---
   在 System.ComponentModel.BaseNumberConverter.ConvertFrom(ITypeDescriptorContext context, CultureInfo culture, Object value)
   在 AutoMapper.Mappers.TypeConverterMapper.Map(ResolutionContext context, IMappingEngineRunner mapper)
   在 AutoMapper.MappingEngine.AutoMapper.IMappingEngineRunner.Map(ResolutionContext context)
   --- 内部异常堆栈跟踪的结尾 ---
   在 AutoMapper.MappingEngine.AutoMapper.IMappingEngineRunner.Map(ResolutionContext context)
   在 AutoMapper.Mappers.TypeMapObjectMapperRegistry.PropertyMapMappingStrategy.MapPropertyValue(ResolutionContext context, IMappingEngineRunner mapper, Object mappedObject, PropertyMap propertyMap)
   在 AutoMapper.Mappers.TypeMapObjectMapperRegistry.PropertyMapMappingStrategy.Map(ResolutionContext context, IMappingEngineRunner mapper)
   在 AutoMapper.MappingEngine.AutoMapper.IMappingEngineRunner.Map(ResolutionContext context)
   在 AutoMapper.MappingEngine.Map[TDestination](Object source, Action`1 opts)
   在 Frxs.Platform.Utility.Map.AutoMapperHelper.MapTo[T](Object obj) 位置 e:\MyWork\Code\ERP\trunk\Frxs.Platform\Frxs.Platform.Utility\Map\AutoMapperHelper.cs:行号 26
   在 Frxs.Erp.WarehouseManagementSystem.WebUI.Controllers.BuyBackPreController.BuyBackPreAddOrEdit(String backid) 位置 e:\MyWork\Code\ERP\trunk\Frxs.Erp.Project\Frxs.Erp.WarehouseManagementSystem\Frxs.Erp.WarehouseManagementSystem.WebUI\Controllers\BuyBackPre\BuyBackPreController.cs:行号 51
   在 lambda_method(Closure , ControllerBase , Object[] )
   在 System.Web.Mvc.ReflectedActionDescriptor.Execute(ControllerContext controllerContext, IDictionary`2 parameters)
   在 System.Web.Mvc.ControllerActionInvoker.InvokeActionMethod(ControllerContext controllerContext, ActionDescriptor actionDescriptor, IDictionary`2 parameters)
   在 System.Web.Mvc.Async.AsyncControllerActionInvoker.<>c__DisplayClass37.<>c__DisplayClass39.<BeginInvokeActionMethodWithFilters>b__33()
   在 System.Web.Mvc.Async.AsyncControllerActionInvoker.<>c__DisplayClass4f.<InvokeActionMethodFilterAsynchronously>b__49()
   在 System.Web.Mvc.Async.AsyncControllerActionInvoker.<>c__DisplayClass4f.<InvokeActionMethodFilterAsynchronously>b__49()
   在 System.Web.Mvc.Async.AsyncControllerActionInvoker.<>c__DisplayClass37.<BeginInvokeActionMethodWithFilters>b__36(IAsyncResult asyncResult)
   在 System.Web.Mvc.Async.AsyncControllerActionInvoker.<>c__DisplayClass25.<>c__DisplayClass2a.<BeginInvokeAction>b__20()
   在 System.Web.Mvc.Async.AsyncControllerActionInvoker.<>c__DisplayClass25.<BeginInvokeAction>b__22(IAsyncResult asyncResult)

2016/3/23 19:23:24
[异常内容]未将对象引用设置到对象的实例。
[源]Frxs.Platform.Utility
[操作]/CommonQuery/QueryList?configName=QueryPage.config&pageName=BuyBackPreList
[IP]192.168.3.242
System.NullReferenceException: 未将对象引用设置到对象的实例。
   在 Frxs.Platform.Utility.Web.QueryPageBuilder.GetDisplayAttributeByPropertyName(PropertyInfo[] propertyInfoArray, String propertyInfoName) 位置 e:\MyWork\Code\ERP\trunk\Frxs.Platform\Frxs.Platform.Utility\Web\QueryPageBuilder.cs:行号 456
   在 Frxs.Platform.Utility.Web.QueryPageBuilder.BuildSearchControls() 位置 e:\MyWork\Code\ERP\trunk\Frxs.Platform\Frxs.Platform.Utility\Web\QueryPageBuilder.cs:行号 210
   在 Frxs.Erp.WarehouseManagementSystem.WebUI.Models.CommonQueryModel.GetCommonQueryModel(String configName, String pageName) 位置 e:\MyWork\Code\ERP\trunk\Frxs.Erp.Project\Frxs.Erp.WarehouseManagementSystem\Frxs.Erp.WarehouseManagementSystem.WebUI\Models\CommonQueryModel.cs:行号 149
   在 Frxs.Erp.WarehouseManagementSystem.WebUI.Controllers.CommonQueryController.QueryList(String configName, String pageName) 位置 e:\MyWork\Code\ERP\trunk\Frxs.Erp.Project\Frxs.Erp.WarehouseManagementSystem\Frxs.Erp.WarehouseManagementSystem.WebUI\Controllers\CommonQueryController.cs:行号 34
   在 lambda_method(Closure , ControllerBase , Object[] )
   在 System.Web.Mvc.ReflectedActionDescriptor.Execute(ControllerContext controllerContext, IDictionary`2 parameters)
   在 System.Web.Mvc.ControllerActionInvoker.InvokeActionMethod(ControllerContext controllerContext, ActionDescriptor actionDescriptor, IDictionary`2 parameters)
   在 System.Web.Mvc.Async.AsyncControllerActionInvoker.<>c__DisplayClass37.<>c__DisplayClass39.<BeginInvokeActionMethodWithFilters>b__33()
   在 System.Web.Mvc.Async.AsyncControllerActionInvoker.<>c__DisplayClass4f.<InvokeActionMethodFilterAsynchronously>b__49()
   在 System.Web.Mvc.Async.AsyncControllerActionInvoker.<>c__DisplayClass4f.<InvokeActionMethodFilterAsynchronously>b__49()
   在 System.Web.Mvc.Async.AsyncControllerActionInvoker.<>c__DisplayClass4f.<InvokeActionMethodFilterAsynchronously>b__49()
   在 System.Web.Mvc.Async.AsyncControllerActionInvoker.<>c__DisplayClass37.<BeginInvokeActionMethodWithFilters>b__36(IAsyncResult asyncResult)
   在 System.Web.Mvc.Async.AsyncControllerActionInvoker.<>c__DisplayClass25.<>c__DisplayClass2a.<BeginInvokeAction>b__20()
   在 System.Web.Mvc.Async.AsyncControllerActionInvoker.<>c__DisplayClass25.<BeginInvokeAction>b__22(IAsyncResult asyncResult)

2016/3/23 19:23:57
[异常内容]未将对象引用设置到对象的实例。
[源]Frxs.Platform.Utility
[操作]/CommonQuery/QueryList?configName=QueryPage.config&pageName=BuyBackPreList
[IP]192.168.3.242
System.NullReferenceException: 未将对象引用设置到对象的实例。
   在 Frxs.Platform.Utility.Web.QueryPageBuilder.GetDisplayAttributeByPropertyName(PropertyInfo[] propertyInfoArray, String propertyInfoName) 位置 e:\MyWork\Code\ERP\trunk\Frxs.Platform\Frxs.Platform.Utility\Web\QueryPageBuilder.cs:行号 456
   在 Frxs.Platform.Utility.Web.QueryPageBuilder.BuildSearchControls() 位置 e:\MyWork\Code\ERP\trunk\Frxs.Platform\Frxs.Platform.Utility\Web\QueryPageBuilder.cs:行号 210
   在 Frxs.Erp.WarehouseManagementSystem.WebUI.Models.CommonQueryModel.GetCommonQueryModel(String configName, String pageName) 位置 e:\MyWork\Code\ERP\trunk\Frxs.Erp.Project\Frxs.Erp.WarehouseManagementSystem\Frxs.Erp.WarehouseManagementSystem.WebUI\Models\CommonQueryModel.cs:行号 149
   在 Frxs.Erp.WarehouseManagementSystem.WebUI.Controllers.CommonQueryController.QueryList(String configName, String pageName) 位置 e:\MyWork\Code\ERP\trunk\Frxs.Erp.Project\Frxs.Erp.WarehouseManagementSystem\Frxs.Erp.WarehouseManagementSystem.WebUI\Controllers\CommonQueryController.cs:行号 34
   在 lambda_method(Closure , ControllerBase , Object[] )
   在 System.Web.Mvc.ReflectedActionDescriptor.Execute(ControllerContext controllerContext, IDictionary`2 parameters)
   在 System.Web.Mvc.ControllerActionInvoker.InvokeActionMethod(ControllerContext controllerContext, ActionDescriptor actionDescriptor, IDictionary`2 parameters)
   在 System.Web.Mvc.Async.AsyncControllerActionInvoker.<>c__DisplayClass37.<>c__DisplayClass39.<BeginInvokeActionMethodWithFilters>b__33()
   在 System.Web.Mvc.Async.AsyncControllerActionInvoker.<>c__DisplayClass4f.<InvokeActionMethodFilterAsynchronously>b__49()
   在 System.Web.Mvc.Async.AsyncControllerActionInvoker.<>c__DisplayClass4f.<InvokeActionMethodFilterAsynchronously>b__49()
   在 System.Web.Mvc.Async.AsyncControllerActionInvoker.<>c__DisplayClass4f.<InvokeActionMethodFilterAsynchronously>b__49()
   在 System.Web.Mvc.Async.AsyncControllerActionInvoker.<>c__DisplayClass37.<BeginInvokeActionMethodWithFilters>b__36(IAsyncResult asyncResult)
   在 System.Web.Mvc.Async.AsyncControllerActionInvoker.<>c__DisplayClass25.<>c__DisplayClass2a.<BeginInvokeAction>b__20()
   在 System.Web.Mvc.Async.AsyncControllerActionInvoker.<>c__DisplayClass25.<BeginInvokeAction>b__22(IAsyncResult asyncResult)

2016/3/23 19:24:26
[异常内容]未将对象引用设置到对象的实例。
[源]Frxs.Platform.Utility
[操作]/CommonQuery/QueryList?configName=QueryPage.config&pageName=BuyBackPreList
[IP]192.168.3.242
System.NullReferenceException: 未将对象引用设置到对象的实例。
   在 Frxs.Platform.Utility.Web.QueryPageBuilder.GetDisplayAttributeByPropertyName(PropertyInfo[] propertyInfoArray, String propertyInfoName) 位置 e:\MyWork\Code\ERP\trunk\Frxs.Platform\Frxs.Platform.Utility\Web\QueryPageBuilder.cs:行号 456
   在 Frxs.Platform.Utility.Web.QueryPageBuilder.BuildSearchControls() 位置 e:\MyWork\Code\ERP\trunk\Frxs.Platform\Frxs.Platform.Utility\Web\QueryPageBuilder.cs:行号 210
   在 Frxs.Erp.WarehouseManagementSystem.WebUI.Models.CommonQueryModel.GetCommonQueryModel(String configName, String pageName) 位置 e:\MyWork\Code\ERP\trunk\Frxs.Erp.Project\Frxs.Erp.WarehouseManagementSystem\Frxs.Erp.WarehouseManagementSystem.WebUI\Models\CommonQueryModel.cs:行号 149
   在 Frxs.Erp.WarehouseManagementSystem.WebUI.Controllers.CommonQueryController.QueryList(String configName, String pageName) 位置 e:\MyWork\Code\ERP\trunk\Frxs.Erp.Project\Frxs.Erp.WarehouseManagementSystem\Frxs.Erp.WarehouseManagementSystem.WebUI\Controllers\CommonQueryController.cs:行号 34
   在 lambda_method(Closure , ControllerBase , Object[] )
   在 System.Web.Mvc.ReflectedActionDescriptor.Execute(ControllerContext controllerContext, IDictionary`2 parameters)
   在 System.Web.Mvc.ControllerActionInvoker.InvokeActionMethod(ControllerContext controllerContext, ActionDescriptor actionDescriptor, IDictionary`2 parameters)
   在 System.Web.Mvc.Async.AsyncControllerActionInvoker.<>c__DisplayClass37.<>c__DisplayClass39.<BeginInvokeActionMethodWithFilters>b__33()
   在 System.Web.Mvc.Async.AsyncControllerActionInvoker.<>c__DisplayClass4f.<InvokeActionMethodFilterAsynchronously>b__49()
   在 System.Web.Mvc.Async.AsyncControllerActionInvoker.<>c__DisplayClass4f.<InvokeActionMethodFilterAsynchronously>b__49()
   在 System.Web.Mvc.Async.AsyncControllerActionInvoker.<>c__DisplayClass4f.<InvokeActionMethodFilterAsynchronously>b__49()
   在 System.Web.Mvc.Async.AsyncControllerActionInvoker.<>c__DisplayClass37.<BeginInvokeActionMethodWithFilters>b__36(IAsyncResult asyncResult)
   在 System.Web.Mvc.Async.AsyncControllerActionInvoker.<>c__DisplayClass25.<>c__DisplayClass2a.<BeginInvokeAction>b__20()
   在 System.Web.Mvc.Async.AsyncControllerActionInvoker.<>c__DisplayClass25.<BeginInvokeAction>b__22(IAsyncResult asyncResult)
