
2016/4/7 8:32:21
[异常内容]未将对象引用设置到对象的实例。
[源]Frxs.Erp.WarehouseManagementSystem.WebUI
[操作]/SaleBackPre/GetSaleBackInfo
[IP]192.168.3.242
System.NullReferenceException: 未将对象引用设置到对象的实例。
   在 Frxs.Erp.WarehouseManagementSystem.WebUI.Controllers.SaleBackPreController.GetSaleBackInfo(String backid) 位置 e:\MyWork\Code\ERP\trunk\Frxs.Erp.Project\Frxs.Erp.WarehouseManagementSystem\Frxs.Erp.WarehouseManagementSystem.WebUI\Controllers\SaleBackPre\SaleBackPreController.cs:行号 242
   在 lambda_method(Closure , ControllerBase , Object[] )
   在 System.Web.Mvc.ReflectedActionDescriptor.Execute(ControllerContext controllerContext, IDictionary`2 parameters)
   在 System.Web.Mvc.ControllerActionInvoker.InvokeActionMethod(ControllerContext controllerContext, ActionDescriptor actionDescriptor, IDictionary`2 parameters)
   在 System.Web.Mvc.Async.AsyncControllerActionInvoker.<>c__DisplayClass37.<>c__DisplayClass39.<BeginInvokeActionMethodWithFilters>b__33()
   在 System.Web.Mvc.Async.AsyncControllerActionInvoker.<>c__DisplayClass4f.<InvokeActionMethodFilterAsynchronously>b__49()
   在 System.Web.Mvc.Async.AsyncControllerActionInvoker.<>c__DisplayClass4f.<InvokeActionMethodFilterAsynchronously>b__49()
   在 System.Web.Mvc.Async.AsyncControllerActionInvoker.<>c__DisplayClass37.<BeginInvokeActionMethodWithFilters>b__36(IAsyncResult asyncResult)
   在 System.Web.Mvc.Async.AsyncControllerActionInvoker.<>c__DisplayClass25.<>c__DisplayClass2a.<BeginInvokeAction>b__20()
   在 System.Web.Mvc.Async.AsyncControllerActionInvoker.<>c__DisplayClass25.<BeginInvokeAction>b__22(IAsyncResult asyncResult)

2016/4/7 16:10:51
[异常内容]未将对象引用设置到对象的实例。
[源]App_Web_ugtuw5n1
[操作]/
[IP]192.168.3.242
System.NullReferenceException: 未将对象引用设置到对象的实例。
   在 ASP._Page_Views_Home_Index_cshtml.Execute() 位置 e:\MyWork\Code\ERP\trunk\Frxs.Erp.Project\Frxs.Erp.WarehouseManagementSystem\Frxs.Erp.WarehouseManagementSystem.WebUI\Views\Home\Index.cshtml:行号 29
   在 System.Web.WebPages.WebPageBase.ExecutePageHierarchy()
   在 System.Web.Mvc.WebViewPage.ExecutePageHierarchy()
   在 System.Web.WebPages.StartPage.ExecutePageHierarchy()
   在 System.Web.WebPages.WebPageBase.ExecutePageHierarchy(WebPageContext pageContext, TextWriter writer, WebPageRenderingBase startPage)
   在 System.Web.Mvc.ViewResultBase.ExecuteResult(ControllerContext context)
   在 System.Web.Mvc.ControllerActionInvoker.<>c__DisplayClass1a.<InvokeActionResultWithFilters>b__17()
   在 System.Web.Mvc.ControllerActionInvoker.InvokeActionResultFilter(IResultFilter filter, ResultExecutingContext preContext, Func`1 continuation)
   在 System.Web.Mvc.ControllerActionInvoker.InvokeActionResultFilter(IResultFilter filter, ResultExecutingContext preContext, Func`1 continuation)
   在 System.Web.Mvc.ControllerActionInvoker.InvokeActionResultWithFilters(ControllerContext controllerContext, IList`1 filters, ActionResult actionResult)
   在 System.Web.Mvc.Async.AsyncControllerActionInvoker.<>c__DisplayClass25.<BeginInvokeAction>b__22(IAsyncResult asyncResult)

2016/4/7 16:11:05
[异常内容]未将对象引用设置到对象的实例。
[源]App_Web_ugtuw5n1
[操作]/
[IP]192.168.3.242
System.NullReferenceException: 未将对象引用设置到对象的实例。
   在 ASP._Page_Views_Home_Index_cshtml.Execute() 位置 e:\MyWork\Code\ERP\trunk\Frxs.Erp.Project\Frxs.Erp.WarehouseManagementSystem\Frxs.Erp.WarehouseManagementSystem.WebUI\Views\Home\Index.cshtml:行号 29
   在 System.Web.WebPages.WebPageBase.ExecutePageHierarchy()
   在 System.Web.Mvc.WebViewPage.ExecutePageHierarchy()
   在 System.Web.WebPages.StartPage.ExecutePageHierarchy()
   在 System.Web.WebPages.WebPageBase.ExecutePageHierarchy(WebPageContext pageContext, TextWriter writer, WebPageRenderingBase startPage)
   在 System.Web.Mvc.ViewResultBase.ExecuteResult(ControllerContext context)
   在 System.Web.Mvc.ControllerActionInvoker.<>c__DisplayClass1a.<InvokeActionResultWithFilters>b__17()
   在 System.Web.Mvc.ControllerActionInvoker.InvokeActionResultFilter(IResultFilter filter, ResultExecutingContext preContext, Func`1 continuation)
   在 System.Web.Mvc.ControllerActionInvoker.InvokeActionResultFilter(IResultFilter filter, ResultExecutingContext preContext, Func`1 continuation)
   在 System.Web.Mvc.ControllerActionInvoker.InvokeActionResultWithFilters(ControllerContext controllerContext, IList`1 filters, ActionResult actionResult)
   在 System.Web.Mvc.Async.AsyncControllerActionInvoker.<>c__DisplayClass25.<BeginInvokeAction>b__22(IAsyncResult asyncResult)

2016/4/7 16:11:57
[异常内容]未将对象引用设置到对象的实例。
[源]App_Web_ugtuw5n1
[操作]/
[IP]192.168.3.242
System.NullReferenceException: 未将对象引用设置到对象的实例。
   在 ASP._Page_Views_Home_Index_cshtml.Execute() 位置 e:\MyWork\Code\ERP\trunk\Frxs.Erp.Project\Frxs.Erp.WarehouseManagementSystem\Frxs.Erp.WarehouseManagementSystem.WebUI\Views\Home\Index.cshtml:行号 29
   在 System.Web.WebPages.WebPageBase.ExecutePageHierarchy()
   在 System.Web.Mvc.WebViewPage.ExecutePageHierarchy()
   在 System.Web.WebPages.StartPage.ExecutePageHierarchy()
   在 System.Web.WebPages.WebPageBase.ExecutePageHierarchy(WebPageContext pageContext, TextWriter writer, WebPageRenderingBase startPage)
   在 System.Web.Mvc.ViewResultBase.ExecuteResult(ControllerContext context)
   在 System.Web.Mvc.ControllerActionInvoker.<>c__DisplayClass1a.<InvokeActionResultWithFilters>b__17()
   在 System.Web.Mvc.ControllerActionInvoker.InvokeActionResultFilter(IResultFilter filter, ResultExecutingContext preContext, Func`1 continuation)
   在 System.Web.Mvc.ControllerActionInvoker.InvokeActionResultFilter(IResultFilter filter, ResultExecutingContext preContext, Func`1 continuation)
   在 System.Web.Mvc.ControllerActionInvoker.InvokeActionResultWithFilters(ControllerContext controllerContext, IList`1 filters, ActionResult actionResult)
   在 System.Web.Mvc.Async.AsyncControllerActionInvoker.<>c__DisplayClass25.<BeginInvokeAction>b__22(IAsyncResult asyncResult)

2016/4/7 16:12:28
[异常内容]未将对象引用设置到对象的实例。
[源]App_Web_vvtj43ou
[操作]/
[IP]192.168.3.242
System.NullReferenceException: 未将对象引用设置到对象的实例。
   在 ASP._Page_Views_Home_Index_cshtml.Execute() 位置 e:\MyWork\Code\ERP\trunk\Frxs.Erp.Project\Frxs.Erp.WarehouseManagementSystem\Frxs.Erp.WarehouseManagementSystem.WebUI\Views\Home\Index.cshtml:行号 29
   在 System.Web.WebPages.WebPageBase.ExecutePageHierarchy()
   在 System.Web.Mvc.WebViewPage.ExecutePageHierarchy()
   在 System.Web.WebPages.StartPage.ExecutePageHierarchy()
   在 System.Web.WebPages.WebPageBase.ExecutePageHierarchy(WebPageContext pageContext, TextWriter writer, WebPageRenderingBase startPage)
   在 System.Web.Mvc.ViewResultBase.ExecuteResult(ControllerContext context)
   在 System.Web.Mvc.ControllerActionInvoker.<>c__DisplayClass1a.<InvokeActionResultWithFilters>b__17()
   在 System.Web.Mvc.ControllerActionInvoker.InvokeActionResultFilter(IResultFilter filter, ResultExecutingContext preContext, Func`1 continuation)
   在 System.Web.Mvc.ControllerActionInvoker.InvokeActionResultFilter(IResultFilter filter, ResultExecutingContext preContext, Func`1 continuation)
   在 System.Web.Mvc.ControllerActionInvoker.InvokeActionResultWithFilters(ControllerContext controllerContext, IList`1 filters, ActionResult actionResult)
   在 System.Web.Mvc.Async.AsyncControllerActionInvoker.<>c__DisplayClass25.<BeginInvokeAction>b__22(IAsyncResult asyncResult)

2016/4/7 16:12:48
[异常内容]未将对象引用设置到对象的实例。
[源]App_Web_vvtj43ou
[操作]/
[IP]192.168.3.242
System.NullReferenceException: 未将对象引用设置到对象的实例。
   在 ASP._Page_Views_Home_Index_cshtml.Execute() 位置 e:\MyWork\Code\ERP\trunk\Frxs.Erp.Project\Frxs.Erp.WarehouseManagementSystem\Frxs.Erp.WarehouseManagementSystem.WebUI\Views\Home\Index.cshtml:行号 29
   在 System.Web.WebPages.WebPageBase.ExecutePageHierarchy()
   在 System.Web.Mvc.WebViewPage.ExecutePageHierarchy()
   在 System.Web.WebPages.StartPage.ExecutePageHierarchy()
   在 System.Web.WebPages.WebPageBase.ExecutePageHierarchy(WebPageContext pageContext, TextWriter writer, WebPageRenderingBase startPage)
   在 System.Web.Mvc.ViewResultBase.ExecuteResult(ControllerContext context)
   在 System.Web.Mvc.ControllerActionInvoker.<>c__DisplayClass1a.<InvokeActionResultWithFilters>b__17()
   在 System.Web.Mvc.ControllerActionInvoker.InvokeActionResultFilter(IResultFilter filter, ResultExecutingContext preContext, Func`1 continuation)
   在 System.Web.Mvc.ControllerActionInvoker.InvokeActionResultFilter(IResultFilter filter, ResultExecutingContext preContext, Func`1 continuation)
   在 System.Web.Mvc.ControllerActionInvoker.InvokeActionResultWithFilters(ControllerContext controllerContext, IList`1 filters, ActionResult actionResult)
   在 System.Web.Mvc.Async.AsyncControllerActionInvoker.<>c__DisplayClass25.<BeginInvokeAction>b__22(IAsyncResult asyncResult)

2016/4/7 16:13:32
[异常内容]未将对象引用设置到对象的实例。
[源]App_Web_vvtj43ou
[操作]/
[IP]192.168.3.242
System.NullReferenceException: 未将对象引用设置到对象的实例。
   在 ASP._Page_Views_Home_Index_cshtml.Execute() 位置 e:\MyWork\Code\ERP\trunk\Frxs.Erp.Project\Frxs.Erp.WarehouseManagementSystem\Frxs.Erp.WarehouseManagementSystem.WebUI\Views\Home\Index.cshtml:行号 29
   在 System.Web.WebPages.WebPageBase.ExecutePageHierarchy()
   在 System.Web.Mvc.WebViewPage.ExecutePageHierarchy()
   在 System.Web.WebPages.StartPage.ExecutePageHierarchy()
   在 System.Web.WebPages.WebPageBase.ExecutePageHierarchy(WebPageContext pageContext, TextWriter writer, WebPageRenderingBase startPage)
   在 System.Web.Mvc.ViewResultBase.ExecuteResult(ControllerContext context)
   在 System.Web.Mvc.ControllerActionInvoker.<>c__DisplayClass1a.<InvokeActionResultWithFilters>b__17()
   在 System.Web.Mvc.ControllerActionInvoker.InvokeActionResultFilter(IResultFilter filter, ResultExecutingContext preContext, Func`1 continuation)
   在 System.Web.Mvc.ControllerActionInvoker.InvokeActionResultFilter(IResultFilter filter, ResultExecutingContext preContext, Func`1 continuation)
   在 System.Web.Mvc.ControllerActionInvoker.InvokeActionResultWithFilters(ControllerContext controllerContext, IList`1 filters, ActionResult actionResult)
   在 System.Web.Mvc.Async.AsyncControllerActionInvoker.<>c__DisplayClass25.<BeginInvokeAction>b__22(IAsyncResult asyncResult)

2016/4/7 16:13:45
[异常内容]未将对象引用设置到对象的实例。
[源]App_Web_vvtj43ou
[操作]/
[IP]192.168.3.242
System.NullReferenceException: 未将对象引用设置到对象的实例。
   在 ASP._Page_Views_Home_Index_cshtml.Execute() 位置 e:\MyWork\Code\ERP\trunk\Frxs.Erp.Project\Frxs.Erp.WarehouseManagementSystem\Frxs.Erp.WarehouseManagementSystem.WebUI\Views\Home\Index.cshtml:行号 29
   在 System.Web.WebPages.WebPageBase.ExecutePageHierarchy()
   在 System.Web.Mvc.WebViewPage.ExecutePageHierarchy()
   在 System.Web.WebPages.StartPage.ExecutePageHierarchy()
   在 System.Web.WebPages.WebPageBase.ExecutePageHierarchy(WebPageContext pageContext, TextWriter writer, WebPageRenderingBase startPage)
   在 System.Web.Mvc.ViewResultBase.ExecuteResult(ControllerContext context)
   在 System.Web.Mvc.ControllerActionInvoker.<>c__DisplayClass1a.<InvokeActionResultWithFilters>b__17()
   在 System.Web.Mvc.ControllerActionInvoker.InvokeActionResultFilter(IResultFilter filter, ResultExecutingContext preContext, Func`1 continuation)
   在 System.Web.Mvc.ControllerActionInvoker.InvokeActionResultFilter(IResultFilter filter, ResultExecutingContext preContext, Func`1 continuation)
   在 System.Web.Mvc.ControllerActionInvoker.InvokeActionResultWithFilters(ControllerContext controllerContext, IList`1 filters, ActionResult actionResult)
   在 System.Web.Mvc.Async.AsyncControllerActionInvoker.<>c__DisplayClass25.<BeginInvokeAction>b__22(IAsyncResult asyncResult)

2016/4/7 16:14:53
[异常内容]未将对象引用设置到对象的实例。
[源]App_Web_0e1c22uw
[操作]/
[IP]192.168.3.242
System.NullReferenceException: 未将对象引用设置到对象的实例。
   在 ASP._Page_Views_Home_Index_cshtml.Execute() 位置 e:\MyWork\Code\ERP\trunk\Frxs.Erp.Project\Frxs.Erp.WarehouseManagementSystem\Frxs.Erp.WarehouseManagementSystem.WebUI\Views\Home\Index.cshtml:行号 29
   在 System.Web.WebPages.WebPageBase.ExecutePageHierarchy()
   在 System.Web.Mvc.WebViewPage.ExecutePageHierarchy()
   在 System.Web.WebPages.StartPage.ExecutePageHierarchy()
   在 System.Web.WebPages.WebPageBase.ExecutePageHierarchy(WebPageContext pageContext, TextWriter writer, WebPageRenderingBase startPage)
   在 System.Web.Mvc.ViewResultBase.ExecuteResult(ControllerContext context)
   在 System.Web.Mvc.ControllerActionInvoker.<>c__DisplayClass1a.<InvokeActionResultWithFilters>b__17()
   在 System.Web.Mvc.ControllerActionInvoker.InvokeActionResultFilter(IResultFilter filter, ResultExecutingContext preContext, Func`1 continuation)
   在 System.Web.Mvc.ControllerActionInvoker.InvokeActionResultFilter(IResultFilter filter, ResultExecutingContext preContext, Func`1 continuation)
   在 System.Web.Mvc.ControllerActionInvoker.InvokeActionResultWithFilters(ControllerContext controllerContext, IList`1 filters, ActionResult actionResult)
   在 System.Web.Mvc.Async.AsyncControllerActionInvoker.<>c__DisplayClass25.<BeginInvokeAction>b__22(IAsyncResult asyncResult)

2016/4/7 16:15:39
[异常内容]未将对象引用设置到对象的实例。
[源]App_Web_0e1c22uw
[操作]/
[IP]192.168.3.242
System.NullReferenceException: 未将对象引用设置到对象的实例。
   在 ASP._Page_Views_Home_Index_cshtml.Execute() 位置 e:\MyWork\Code\ERP\trunk\Frxs.Erp.Project\Frxs.Erp.WarehouseManagementSystem\Frxs.Erp.WarehouseManagementSystem.WebUI\Views\Home\Index.cshtml:行号 29
   在 System.Web.WebPages.WebPageBase.ExecutePageHierarchy()
   在 System.Web.Mvc.WebViewPage.ExecutePageHierarchy()
   在 System.Web.WebPages.StartPage.ExecutePageHierarchy()
   在 System.Web.WebPages.WebPageBase.ExecutePageHierarchy(WebPageContext pageContext, TextWriter writer, WebPageRenderingBase startPage)
   在 System.Web.Mvc.ViewResultBase.ExecuteResult(ControllerContext context)
   在 System.Web.Mvc.ControllerActionInvoker.<>c__DisplayClass1a.<InvokeActionResultWithFilters>b__17()
   在 System.Web.Mvc.ControllerActionInvoker.InvokeActionResultFilter(IResultFilter filter, ResultExecutingContext preContext, Func`1 continuation)
   在 System.Web.Mvc.ControllerActionInvoker.InvokeActionResultFilter(IResultFilter filter, ResultExecutingContext preContext, Func`1 continuation)
   在 System.Web.Mvc.ControllerActionInvoker.InvokeActionResultWithFilters(ControllerContext controllerContext, IList`1 filters, ActionResult actionResult)
   在 System.Web.Mvc.Async.AsyncControllerActionInvoker.<>c__DisplayClass25.<BeginInvokeAction>b__22(IAsyncResult asyncResult)

2016/4/7 16:15:43
[异常内容]未将对象引用设置到对象的实例。
[源]App_Web_0e1c22uw
[操作]/
[IP]192.168.3.242
System.NullReferenceException: 未将对象引用设置到对象的实例。
   在 ASP._Page_Views_Home_Index_cshtml.Execute() 位置 e:\MyWork\Code\ERP\trunk\Frxs.Erp.Project\Frxs.Erp.WarehouseManagementSystem\Frxs.Erp.WarehouseManagementSystem.WebUI\Views\Home\Index.cshtml:行号 29
   在 System.Web.WebPages.WebPageBase.ExecutePageHierarchy()
   在 System.Web.Mvc.WebViewPage.ExecutePageHierarchy()
   在 System.Web.WebPages.StartPage.ExecutePageHierarchy()
   在 System.Web.WebPages.WebPageBase.ExecutePageHierarchy(WebPageContext pageContext, TextWriter writer, WebPageRenderingBase startPage)
   在 System.Web.Mvc.ViewResultBase.ExecuteResult(ControllerContext context)
   在 System.Web.Mvc.ControllerActionInvoker.<>c__DisplayClass1a.<InvokeActionResultWithFilters>b__17()
   在 System.Web.Mvc.ControllerActionInvoker.InvokeActionResultFilter(IResultFilter filter, ResultExecutingContext preContext, Func`1 continuation)
   在 System.Web.Mvc.ControllerActionInvoker.InvokeActionResultFilter(IResultFilter filter, ResultExecutingContext preContext, Func`1 continuation)
   在 System.Web.Mvc.ControllerActionInvoker.InvokeActionResultWithFilters(ControllerContext controllerContext, IList`1 filters, ActionResult actionResult)
   在 System.Web.Mvc.Async.AsyncControllerActionInvoker.<>c__DisplayClass25.<BeginInvokeAction>b__22(IAsyncResult asyncResult)

2016/4/7 16:15:46
[异常内容]未将对象引用设置到对象的实例。
[源]App_Web_0e1c22uw
[操作]/
[IP]192.168.3.242
System.NullReferenceException: 未将对象引用设置到对象的实例。
   在 ASP._Page_Views_Home_Index_cshtml.Execute() 位置 e:\MyWork\Code\ERP\trunk\Frxs.Erp.Project\Frxs.Erp.WarehouseManagementSystem\Frxs.Erp.WarehouseManagementSystem.WebUI\Views\Home\Index.cshtml:行号 29
   在 System.Web.WebPages.WebPageBase.ExecutePageHierarchy()
   在 System.Web.Mvc.WebViewPage.ExecutePageHierarchy()
   在 System.Web.WebPages.StartPage.ExecutePageHierarchy()
   在 System.Web.WebPages.WebPageBase.ExecutePageHierarchy(WebPageContext pageContext, TextWriter writer, WebPageRenderingBase startPage)
   在 System.Web.Mvc.ViewResultBase.ExecuteResult(ControllerContext context)
   在 System.Web.Mvc.ControllerActionInvoker.<>c__DisplayClass1a.<InvokeActionResultWithFilters>b__17()
   在 System.Web.Mvc.ControllerActionInvoker.InvokeActionResultFilter(IResultFilter filter, ResultExecutingContext preContext, Func`1 continuation)
   在 System.Web.Mvc.ControllerActionInvoker.InvokeActionResultFilter(IResultFilter filter, ResultExecutingContext preContext, Func`1 continuation)
   在 System.Web.Mvc.ControllerActionInvoker.InvokeActionResultWithFilters(ControllerContext controllerContext, IList`1 filters, ActionResult actionResult)
   在 System.Web.Mvc.Async.AsyncControllerActionInvoker.<>c__DisplayClass25.<BeginInvokeAction>b__22(IAsyncResult asyncResult)

2016/4/7 16:16:36
[异常内容]未将对象引用设置到对象的实例。
[源]App_Web_0e1c22uw
[操作]/
[IP]192.168.3.242
System.NullReferenceException: 未将对象引用设置到对象的实例。
   在 ASP._Page_Views_Home_Index_cshtml.Execute() 位置 e:\MyWork\Code\ERP\trunk\Frxs.Erp.Project\Frxs.Erp.WarehouseManagementSystem\Frxs.Erp.WarehouseManagementSystem.WebUI\Views\Home\Index.cshtml:行号 29
   在 System.Web.WebPages.WebPageBase.ExecutePageHierarchy()
   在 System.Web.Mvc.WebViewPage.ExecutePageHierarchy()
   在 System.Web.WebPages.StartPage.ExecutePageHierarchy()
   在 System.Web.WebPages.WebPageBase.ExecutePageHierarchy(WebPageContext pageContext, TextWriter writer, WebPageRenderingBase startPage)
   在 System.Web.Mvc.ViewResultBase.ExecuteResult(ControllerContext context)
   在 System.Web.Mvc.ControllerActionInvoker.<>c__DisplayClass1a.<InvokeActionResultWithFilters>b__17()
   在 System.Web.Mvc.ControllerActionInvoker.InvokeActionResultFilter(IResultFilter filter, ResultExecutingContext preContext, Func`1 continuation)
   在 System.Web.Mvc.ControllerActionInvoker.InvokeActionResultFilter(IResultFilter filter, ResultExecutingContext preContext, Func`1 continuation)
   在 System.Web.Mvc.ControllerActionInvoker.InvokeActionResultWithFilters(ControllerContext controllerContext, IList`1 filters, ActionResult actionResult)
   在 System.Web.Mvc.Async.AsyncControllerActionInvoker.<>c__DisplayClass25.<BeginInvokeAction>b__22(IAsyncResult asyncResult)

2016/4/7 16:17:17
[异常内容]未将对象引用设置到对象的实例。
[源]App_Web_0e1c22uw
[操作]/
[IP]192.168.3.242
System.NullReferenceException: 未将对象引用设置到对象的实例。
   在 ASP._Page_Views_Home_Index_cshtml.Execute() 位置 e:\MyWork\Code\ERP\trunk\Frxs.Erp.Project\Frxs.Erp.WarehouseManagementSystem\Frxs.Erp.WarehouseManagementSystem.WebUI\Views\Home\Index.cshtml:行号 29
   在 System.Web.WebPages.WebPageBase.ExecutePageHierarchy()
   在 System.Web.Mvc.WebViewPage.ExecutePageHierarchy()
   在 System.Web.WebPages.StartPage.ExecutePageHierarchy()
   在 System.Web.WebPages.WebPageBase.ExecutePageHierarchy(WebPageContext pageContext, TextWriter writer, WebPageRenderingBase startPage)
   在 System.Web.Mvc.ViewResultBase.ExecuteResult(ControllerContext context)
   在 System.Web.Mvc.ControllerActionInvoker.<>c__DisplayClass1a.<InvokeActionResultWithFilters>b__17()
   在 System.Web.Mvc.ControllerActionInvoker.InvokeActionResultFilter(IResultFilter filter, ResultExecutingContext preContext, Func`1 continuation)
   在 System.Web.Mvc.ControllerActionInvoker.InvokeActionResultFilter(IResultFilter filter, ResultExecutingContext preContext, Func`1 continuation)
   在 System.Web.Mvc.ControllerActionInvoker.InvokeActionResultWithFilters(ControllerContext controllerContext, IList`1 filters, ActionResult actionResult)
   在 System.Web.Mvc.Async.AsyncControllerActionInvoker.<>c__DisplayClass25.<BeginInvokeAction>b__22(IAsyncResult asyncResult)

2016/4/7 16:17:26
[异常内容]未将对象引用设置到对象的实例。
[源]App_Web_0e1c22uw
[操作]/
[IP]192.168.3.242
System.NullReferenceException: 未将对象引用设置到对象的实例。
   在 ASP._Page_Views_Home_Index_cshtml.Execute() 位置 e:\MyWork\Code\ERP\trunk\Frxs.Erp.Project\Frxs.Erp.WarehouseManagementSystem\Frxs.Erp.WarehouseManagementSystem.WebUI\Views\Home\Index.cshtml:行号 29
   在 System.Web.WebPages.WebPageBase.ExecutePageHierarchy()
   在 System.Web.Mvc.WebViewPage.ExecutePageHierarchy()
   在 System.Web.WebPages.StartPage.ExecutePageHierarchy()
   在 System.Web.WebPages.WebPageBase.ExecutePageHierarchy(WebPageContext pageContext, TextWriter writer, WebPageRenderingBase startPage)
   在 System.Web.Mvc.ViewResultBase.ExecuteResult(ControllerContext context)
   在 System.Web.Mvc.ControllerActionInvoker.<>c__DisplayClass1a.<InvokeActionResultWithFilters>b__17()
   在 System.Web.Mvc.ControllerActionInvoker.InvokeActionResultFilter(IResultFilter filter, ResultExecutingContext preContext, Func`1 continuation)
   在 System.Web.Mvc.ControllerActionInvoker.InvokeActionResultFilter(IResultFilter filter, ResultExecutingContext preContext, Func`1 continuation)
   在 System.Web.Mvc.ControllerActionInvoker.InvokeActionResultWithFilters(ControllerContext controllerContext, IList`1 filters, ActionResult actionResult)
   在 System.Web.Mvc.Async.AsyncControllerActionInvoker.<>c__DisplayClass25.<BeginInvokeAction>b__22(IAsyncResult asyncResult)

2016/4/7 16:18:13
[异常内容]未将对象引用设置到对象的实例。
[源]App_Web_cqhyuvum
[操作]/
[IP]192.168.3.242
System.NullReferenceException: 未将对象引用设置到对象的实例。
   在 ASP._Page_Views_Home_Index_cshtml.Execute() 位置 e:\MyWork\Code\ERP\trunk\Frxs.Erp.Project\Frxs.Erp.WarehouseManagementSystem\Frxs.Erp.WarehouseManagementSystem.WebUI\Views\Home\Index.cshtml:行号 29
   在 System.Web.WebPages.WebPageBase.ExecutePageHierarchy()
   在 System.Web.Mvc.WebViewPage.ExecutePageHierarchy()
   在 System.Web.WebPages.StartPage.ExecutePageHierarchy()
   在 System.Web.WebPages.WebPageBase.ExecutePageHierarchy(WebPageContext pageContext, TextWriter writer, WebPageRenderingBase startPage)
   在 System.Web.Mvc.ViewResultBase.ExecuteResult(ControllerContext context)
   在 System.Web.Mvc.ControllerActionInvoker.<>c__DisplayClass1a.<InvokeActionResultWithFilters>b__17()
   在 System.Web.Mvc.ControllerActionInvoker.InvokeActionResultFilter(IResultFilter filter, ResultExecutingContext preContext, Func`1 continuation)
   在 System.Web.Mvc.ControllerActionInvoker.InvokeActionResultFilter(IResultFilter filter, ResultExecutingContext preContext, Func`1 continuation)
   在 System.Web.Mvc.ControllerActionInvoker.InvokeActionResultWithFilters(ControllerContext controllerContext, IList`1 filters, ActionResult actionResult)
   在 System.Web.Mvc.Async.AsyncControllerActionInvoker.<>c__DisplayClass25.<BeginInvokeAction>b__22(IAsyncResult asyncResult)

2016/4/7 16:18:16
[异常内容]未将对象引用设置到对象的实例。
[源]App_Web_cqhyuvum
[操作]/
[IP]192.168.3.242
System.NullReferenceException: 未将对象引用设置到对象的实例。
   在 ASP._Page_Views_Home_Index_cshtml.Execute() 位置 e:\MyWork\Code\ERP\trunk\Frxs.Erp.Project\Frxs.Erp.WarehouseManagementSystem\Frxs.Erp.WarehouseManagementSystem.WebUI\Views\Home\Index.cshtml:行号 29
   在 System.Web.WebPages.WebPageBase.ExecutePageHierarchy()
   在 System.Web.Mvc.WebViewPage.ExecutePageHierarchy()
   在 System.Web.WebPages.StartPage.ExecutePageHierarchy()
   在 System.Web.WebPages.WebPageBase.ExecutePageHierarchy(WebPageContext pageContext, TextWriter writer, WebPageRenderingBase startPage)
   在 System.Web.Mvc.ViewResultBase.ExecuteResult(ControllerContext context)
   在 System.Web.Mvc.ControllerActionInvoker.<>c__DisplayClass1a.<InvokeActionResultWithFilters>b__17()
   在 System.Web.Mvc.ControllerActionInvoker.InvokeActionResultFilter(IResultFilter filter, ResultExecutingContext preContext, Func`1 continuation)
   在 System.Web.Mvc.ControllerActionInvoker.InvokeActionResultFilter(IResultFilter filter, ResultExecutingContext preContext, Func`1 continuation)
   在 System.Web.Mvc.ControllerActionInvoker.InvokeActionResultWithFilters(ControllerContext controllerContext, IList`1 filters, ActionResult actionResult)
   在 System.Web.Mvc.Async.AsyncControllerActionInvoker.<>c__DisplayClass25.<BeginInvokeAction>b__22(IAsyncResult asyncResult)

2016/4/7 16:26:27
[异常内容]未将对象引用设置到对象的实例。
[源]App_Web_cqhyuvum
[操作]/
[IP]192.168.3.242
System.NullReferenceException: 未将对象引用设置到对象的实例。
   在 ASP._Page_Views_Home_Index_cshtml.Execute() 位置 e:\MyWork\Code\ERP\trunk\Frxs.Erp.Project\Frxs.Erp.WarehouseManagementSystem\Frxs.Erp.WarehouseManagementSystem.WebUI\Views\Home\Index.cshtml:行号 29
   在 System.Web.WebPages.WebPageBase.ExecutePageHierarchy()
   在 System.Web.Mvc.WebViewPage.ExecutePageHierarchy()
   在 System.Web.WebPages.StartPage.ExecutePageHierarchy()
   在 System.Web.WebPages.WebPageBase.ExecutePageHierarchy(WebPageContext pageContext, TextWriter writer, WebPageRenderingBase startPage)
   在 System.Web.Mvc.ViewResultBase.ExecuteResult(ControllerContext context)
   在 System.Web.Mvc.ControllerActionInvoker.<>c__DisplayClass1a.<InvokeActionResultWithFilters>b__17()
   在 System.Web.Mvc.ControllerActionInvoker.InvokeActionResultFilter(IResultFilter filter, ResultExecutingContext preContext, Func`1 continuation)
   在 System.Web.Mvc.ControllerActionInvoker.InvokeActionResultFilter(IResultFilter filter, ResultExecutingContext preContext, Func`1 continuation)
   在 System.Web.Mvc.ControllerActionInvoker.InvokeActionResultWithFilters(ControllerContext controllerContext, IList`1 filters, ActionResult actionResult)
   在 System.Web.Mvc.Async.AsyncControllerActionInvoker.<>c__DisplayClass25.<BeginInvokeAction>b__22(IAsyncResult asyncResult)

2016/4/7 16:27:38
[异常内容]未将对象引用设置到对象的实例。
[源]App_Web_cqhyuvum
[操作]/
[IP]192.168.3.242
System.NullReferenceException: 未将对象引用设置到对象的实例。
   在 ASP._Page_Views_Home_Index_cshtml.Execute() 位置 e:\MyWork\Code\ERP\trunk\Frxs.Erp.Project\Frxs.Erp.WarehouseManagementSystem\Frxs.Erp.WarehouseManagementSystem.WebUI\Views\Home\Index.cshtml:行号 29
   在 System.Web.WebPages.WebPageBase.ExecutePageHierarchy()
   在 System.Web.Mvc.WebViewPage.ExecutePageHierarchy()
   在 System.Web.WebPages.StartPage.ExecutePageHierarchy()
   在 System.Web.WebPages.WebPageBase.ExecutePageHierarchy(WebPageContext pageContext, TextWriter writer, WebPageRenderingBase startPage)
   在 System.Web.Mvc.ViewResultBase.ExecuteResult(ControllerContext context)
   在 System.Web.Mvc.ControllerActionInvoker.<>c__DisplayClass1a.<InvokeActionResultWithFilters>b__17()
   在 System.Web.Mvc.ControllerActionInvoker.InvokeActionResultFilter(IResultFilter filter, ResultExecutingContext preContext, Func`1 continuation)
   在 System.Web.Mvc.ControllerActionInvoker.InvokeActionResultFilter(IResultFilter filter, ResultExecutingContext preContext, Func`1 continuation)
   在 System.Web.Mvc.ControllerActionInvoker.InvokeActionResultWithFilters(ControllerContext controllerContext, IList`1 filters, ActionResult actionResult)
   在 System.Web.Mvc.Async.AsyncControllerActionInvoker.<>c__DisplayClass25.<BeginInvokeAction>b__22(IAsyncResult asyncResult)

2016/4/7 16:27:58
[异常内容]未将对象引用设置到对象的实例。
[源]App_Web_cqhyuvum
[操作]/
[IP]192.168.3.242
System.NullReferenceException: 未将对象引用设置到对象的实例。
   在 ASP._Page_Views_Home_Index_cshtml.Execute() 位置 e:\MyWork\Code\ERP\trunk\Frxs.Erp.Project\Frxs.Erp.WarehouseManagementSystem\Frxs.Erp.WarehouseManagementSystem.WebUI\Views\Home\Index.cshtml:行号 29
   在 System.Web.WebPages.WebPageBase.ExecutePageHierarchy()
   在 System.Web.Mvc.WebViewPage.ExecutePageHierarchy()
   在 System.Web.WebPages.StartPage.ExecutePageHierarchy()
   在 System.Web.WebPages.WebPageBase.ExecutePageHierarchy(WebPageContext pageContext, TextWriter writer, WebPageRenderingBase startPage)
   在 System.Web.Mvc.ViewResultBase.ExecuteResult(ControllerContext context)
   在 System.Web.Mvc.ControllerActionInvoker.<>c__DisplayClass1a.<InvokeActionResultWithFilters>b__17()
   在 System.Web.Mvc.ControllerActionInvoker.InvokeActionResultFilter(IResultFilter filter, ResultExecutingContext preContext, Func`1 continuation)
   在 System.Web.Mvc.ControllerActionInvoker.InvokeActionResultFilter(IResultFilter filter, ResultExecutingContext preContext, Func`1 continuation)
   在 System.Web.Mvc.ControllerActionInvoker.InvokeActionResultWithFilters(ControllerContext controllerContext, IList`1 filters, ActionResult actionResult)
   在 System.Web.Mvc.Async.AsyncControllerActionInvoker.<>c__DisplayClass25.<BeginInvokeAction>b__22(IAsyncResult asyncResult)

2016/4/7 16:30:01
[异常内容]未将对象引用设置到对象的实例。
[源]App_Web_cqhyuvum
[操作]/
[IP]192.168.3.242
System.NullReferenceException: 未将对象引用设置到对象的实例。
   在 ASP._Page_Views_Home_Index_cshtml.Execute() 位置 e:\MyWork\Code\ERP\trunk\Frxs.Erp.Project\Frxs.Erp.WarehouseManagementSystem\Frxs.Erp.WarehouseManagementSystem.WebUI\Views\Home\Index.cshtml:行号 29
   在 System.Web.WebPages.WebPageBase.ExecutePageHierarchy()
   在 System.Web.Mvc.WebViewPage.ExecutePageHierarchy()
   在 System.Web.WebPages.StartPage.ExecutePageHierarchy()
   在 System.Web.WebPages.WebPageBase.ExecutePageHierarchy(WebPageContext pageContext, TextWriter writer, WebPageRenderingBase startPage)
   在 System.Web.Mvc.ViewResultBase.ExecuteResult(ControllerContext context)
   在 System.Web.Mvc.ControllerActionInvoker.<>c__DisplayClass1a.<InvokeActionResultWithFilters>b__17()
   在 System.Web.Mvc.ControllerActionInvoker.InvokeActionResultFilter(IResultFilter filter, ResultExecutingContext preContext, Func`1 continuation)
   在 System.Web.Mvc.ControllerActionInvoker.InvokeActionResultFilter(IResultFilter filter, ResultExecutingContext preContext, Func`1 continuation)
   在 System.Web.Mvc.ControllerActionInvoker.InvokeActionResultWithFilters(ControllerContext controllerContext, IList`1 filters, ActionResult actionResult)
   在 System.Web.Mvc.Async.AsyncControllerActionInvoker.<>c__DisplayClass25.<BeginInvokeAction>b__22(IAsyncResult asyncResult)

2016/4/7 16:30:15
[异常内容]未将对象引用设置到对象的实例。
[源]App_Web_cqhyuvum
[操作]/home/index
[IP]192.168.3.242
System.NullReferenceException: 未将对象引用设置到对象的实例。
   在 ASP._Page_Views_Home_Index_cshtml.Execute() 位置 e:\MyWork\Code\ERP\trunk\Frxs.Erp.Project\Frxs.Erp.WarehouseManagementSystem\Frxs.Erp.WarehouseManagementSystem.WebUI\Views\Home\Index.cshtml:行号 29
   在 System.Web.WebPages.WebPageBase.ExecutePageHierarchy()
   在 System.Web.Mvc.WebViewPage.ExecutePageHierarchy()
   在 System.Web.WebPages.StartPage.ExecutePageHierarchy()
   在 System.Web.WebPages.WebPageBase.ExecutePageHierarchy(WebPageContext pageContext, TextWriter writer, WebPageRenderingBase startPage)
   在 System.Web.Mvc.ViewResultBase.ExecuteResult(ControllerContext context)
   在 System.Web.Mvc.ControllerActionInvoker.<>c__DisplayClass1a.<InvokeActionResultWithFilters>b__17()
   在 System.Web.Mvc.ControllerActionInvoker.InvokeActionResultFilter(IResultFilter filter, ResultExecutingContext preContext, Func`1 continuation)
   在 System.Web.Mvc.ControllerActionInvoker.InvokeActionResultFilter(IResultFilter filter, ResultExecutingContext preContext, Func`1 continuation)
   在 System.Web.Mvc.ControllerActionInvoker.InvokeActionResultWithFilters(ControllerContext controllerContext, IList`1 filters, ActionResult actionResult)
   在 System.Web.Mvc.Async.AsyncControllerActionInvoker.<>c__DisplayClass25.<BeginInvokeAction>b__22(IAsyncResult asyncResult)

2016/4/7 16:32:04
[异常内容]未将对象引用设置到对象的实例。
[源]Frxs.Erp.WarehouseManagementSystem.WebUI
[操作]/Warehouse/WarehouseSub
[IP]192.168.3.242
System.NullReferenceException: 未将对象引用设置到对象的实例。
   在 Frxs.Erp.WarehouseManagementSystem.WebUI.Controllers.Warehouse.WarehouseController.WarehouseSub() 位置 e:\MyWork\Code\ERP\trunk\Frxs.Erp.Project\Frxs.Erp.WarehouseManagementSystem\Frxs.Erp.WarehouseManagementSystem.WebUI\Controllers\Warehouse\WarehouseController.cs:行号 88
   在 lambda_method(Closure , ControllerBase , Object[] )
   在 System.Web.Mvc.ReflectedActionDescriptor.Execute(ControllerContext controllerContext, IDictionary`2 parameters)
   在 System.Web.Mvc.ControllerActionInvoker.InvokeActionMethod(ControllerContext controllerContext, ActionDescriptor actionDescriptor, IDictionary`2 parameters)
   在 System.Web.Mvc.Async.AsyncControllerActionInvoker.<>c__DisplayClass37.<>c__DisplayClass39.<BeginInvokeActionMethodWithFilters>b__33()
   在 System.Web.Mvc.Async.AsyncControllerActionInvoker.<>c__DisplayClass4f.<InvokeActionMethodFilterAsynchronously>b__49()
   在 System.Web.Mvc.Async.AsyncControllerActionInvoker.<>c__DisplayClass4f.<InvokeActionMethodFilterAsynchronously>b__49()
   在 System.Web.Mvc.Async.AsyncControllerActionInvoker.<>c__DisplayClass37.<BeginInvokeActionMethodWithFilters>b__36(IAsyncResult asyncResult)
   在 System.Web.Mvc.Async.AsyncControllerActionInvoker.<>c__DisplayClass25.<>c__DisplayClass2a.<BeginInvokeAction>b__20()
   在 System.Web.Mvc.Async.AsyncControllerActionInvoker.<>c__DisplayClass25.<BeginInvokeAction>b__22(IAsyncResult asyncResult)

2016/4/7 16:32:58
[异常内容]未将对象引用设置到对象的实例。
[源]Frxs.Erp.WarehouseManagementSystem.WebUI
[操作]/Warehouse/WarehouseSub
[IP]192.168.3.242
System.NullReferenceException: 未将对象引用设置到对象的实例。
   在 Frxs.Erp.WarehouseManagementSystem.WebUI.Controllers.Warehouse.WarehouseController.WarehouseSub() 位置 e:\MyWork\Code\ERP\trunk\Frxs.Erp.Project\Frxs.Erp.WarehouseManagementSystem\Frxs.Erp.WarehouseManagementSystem.WebUI\Controllers\Warehouse\WarehouseController.cs:行号 88
   在 lambda_method(Closure , ControllerBase , Object[] )
   在 System.Web.Mvc.ReflectedActionDescriptor.Execute(ControllerContext controllerContext, IDictionary`2 parameters)
   在 System.Web.Mvc.ControllerActionInvoker.InvokeActionMethod(ControllerContext controllerContext, ActionDescriptor actionDescriptor, IDictionary`2 parameters)
   在 System.Web.Mvc.Async.AsyncControllerActionInvoker.<>c__DisplayClass37.<>c__DisplayClass39.<BeginInvokeActionMethodWithFilters>b__33()
   在 System.Web.Mvc.Async.AsyncControllerActionInvoker.<>c__DisplayClass4f.<InvokeActionMethodFilterAsynchronously>b__49()
   在 System.Web.Mvc.Async.AsyncControllerActionInvoker.<>c__DisplayClass4f.<InvokeActionMethodFilterAsynchronously>b__49()
   在 System.Web.Mvc.Async.AsyncControllerActionInvoker.<>c__DisplayClass37.<BeginInvokeActionMethodWithFilters>b__36(IAsyncResult asyncResult)
   在 System.Web.Mvc.Async.AsyncControllerActionInvoker.<>c__DisplayClass25.<>c__DisplayClass2a.<BeginInvokeAction>b__20()
   在 System.Web.Mvc.Async.AsyncControllerActionInvoker.<>c__DisplayClass25.<BeginInvokeAction>b__22(IAsyncResult asyncResult)

2016/4/7 16:33:51
[异常内容]未将对象引用设置到对象的实例。
[源]Frxs.Erp.WarehouseManagementSystem.WebUI
[操作]/Warehouse/WarehouseSub
[IP]192.168.3.242
System.NullReferenceException: 未将对象引用设置到对象的实例。
   在 Frxs.Erp.WarehouseManagementSystem.WebUI.Controllers.Warehouse.WarehouseController.WarehouseSub() 位置 e:\MyWork\Code\ERP\trunk\Frxs.Erp.Project\Frxs.Erp.WarehouseManagementSystem\Frxs.Erp.WarehouseManagementSystem.WebUI\Controllers\Warehouse\WarehouseController.cs:行号 88
   在 lambda_method(Closure , ControllerBase , Object[] )
   在 System.Web.Mvc.ReflectedActionDescriptor.Execute(ControllerContext controllerContext, IDictionary`2 parameters)
   在 System.Web.Mvc.ControllerActionInvoker.InvokeActionMethod(ControllerContext controllerContext, ActionDescriptor actionDescriptor, IDictionary`2 parameters)
   在 System.Web.Mvc.Async.AsyncControllerActionInvoker.<>c__DisplayClass37.<>c__DisplayClass39.<BeginInvokeActionMethodWithFilters>b__33()
   在 System.Web.Mvc.Async.AsyncControllerActionInvoker.<>c__DisplayClass4f.<InvokeActionMethodFilterAsynchronously>b__49()
   在 System.Web.Mvc.Async.AsyncControllerActionInvoker.<>c__DisplayClass4f.<InvokeActionMethodFilterAsynchronously>b__49()
   在 System.Web.Mvc.Async.AsyncControllerActionInvoker.<>c__DisplayClass37.<BeginInvokeActionMethodWithFilters>b__36(IAsyncResult asyncResult)
   在 System.Web.Mvc.Async.AsyncControllerActionInvoker.<>c__DisplayClass25.<>c__DisplayClass2a.<BeginInvokeAction>b__20()
   在 System.Web.Mvc.Async.AsyncControllerActionInvoker.<>c__DisplayClass25.<BeginInvokeAction>b__22(IAsyncResult asyncResult)

2016/4/7 16:33:52
[异常内容]未将对象引用设置到对象的实例。
[源]Frxs.Erp.WarehouseManagementSystem.WebUI
[操作]/Warehouse/WarehouseView
[IP]192.168.3.242
System.NullReferenceException: 未将对象引用设置到对象的实例。
   在 Frxs.Erp.WarehouseManagementSystem.WebUI.Controllers.Warehouse.WarehouseController.WarehouseView() 位置 e:\MyWork\Code\ERP\trunk\Frxs.Erp.Project\Frxs.Erp.WarehouseManagementSystem\Frxs.Erp.WarehouseManagementSystem.WebUI\Controllers\Warehouse\WarehouseController.cs:行号 35
   在 lambda_method(Closure , ControllerBase , Object[] )
   在 System.Web.Mvc.ReflectedActionDescriptor.Execute(ControllerContext controllerContext, IDictionary`2 parameters)
   在 System.Web.Mvc.ControllerActionInvoker.InvokeActionMethod(ControllerContext controllerContext, ActionDescriptor actionDescriptor, IDictionary`2 parameters)
   在 System.Web.Mvc.Async.AsyncControllerActionInvoker.<>c__DisplayClass37.<>c__DisplayClass39.<BeginInvokeActionMethodWithFilters>b__33()
   在 System.Web.Mvc.Async.AsyncControllerActionInvoker.<>c__DisplayClass4f.<InvokeActionMethodFilterAsynchronously>b__49()
   在 System.Web.Mvc.Async.AsyncControllerActionInvoker.<>c__DisplayClass4f.<InvokeActionMethodFilterAsynchronously>b__49()
   在 System.Web.Mvc.Async.AsyncControllerActionInvoker.<>c__DisplayClass37.<BeginInvokeActionMethodWithFilters>b__36(IAsyncResult asyncResult)
   在 System.Web.Mvc.Async.AsyncControllerActionInvoker.<>c__DisplayClass25.<>c__DisplayClass2a.<BeginInvokeAction>b__20()
   在 System.Web.Mvc.Async.AsyncControllerActionInvoker.<>c__DisplayClass25.<BeginInvokeAction>b__22(IAsyncResult asyncResult)

2016/4/7 16:33:55
[异常内容]未将对象引用设置到对象的实例。
[源]Frxs.Erp.WarehouseManagementSystem.WebUI
[操作]/Warehouse/WarehouseSub
[IP]192.168.3.242
System.NullReferenceException: 未将对象引用设置到对象的实例。
   在 Frxs.Erp.WarehouseManagementSystem.WebUI.Controllers.Warehouse.WarehouseController.WarehouseSub() 位置 e:\MyWork\Code\ERP\trunk\Frxs.Erp.Project\Frxs.Erp.WarehouseManagementSystem\Frxs.Erp.WarehouseManagementSystem.WebUI\Controllers\Warehouse\WarehouseController.cs:行号 88
   在 lambda_method(Closure , ControllerBase , Object[] )
   在 System.Web.Mvc.ReflectedActionDescriptor.Execute(ControllerContext controllerContext, IDictionary`2 parameters)
   在 System.Web.Mvc.ControllerActionInvoker.InvokeActionMethod(ControllerContext controllerContext, ActionDescriptor actionDescriptor, IDictionary`2 parameters)
   在 System.Web.Mvc.Async.AsyncControllerActionInvoker.<>c__DisplayClass37.<>c__DisplayClass39.<BeginInvokeActionMethodWithFilters>b__33()
   在 System.Web.Mvc.Async.AsyncControllerActionInvoker.<>c__DisplayClass4f.<InvokeActionMethodFilterAsynchronously>b__49()
   在 System.Web.Mvc.Async.AsyncControllerActionInvoker.<>c__DisplayClass4f.<InvokeActionMethodFilterAsynchronously>b__49()
   在 System.Web.Mvc.Async.AsyncControllerActionInvoker.<>c__DisplayClass37.<BeginInvokeActionMethodWithFilters>b__36(IAsyncResult asyncResult)
   在 System.Web.Mvc.Async.AsyncControllerActionInvoker.<>c__DisplayClass25.<>c__DisplayClass2a.<BeginInvokeAction>b__20()
   在 System.Web.Mvc.Async.AsyncControllerActionInvoker.<>c__DisplayClass25.<BeginInvokeAction>b__22(IAsyncResult asyncResult)

2016/4/7 16:35:19
[异常内容]未将对象引用设置到对象的实例。
[源]Frxs.Erp.WarehouseManagementSystem.WebUI
[操作]/Warehouse/WarehouseSub
[IP]192.168.3.242
System.NullReferenceException: 未将对象引用设置到对象的实例。
   在 Frxs.Erp.WarehouseManagementSystem.WebUI.Controllers.Warehouse.WarehouseController.WarehouseSub() 位置 e:\MyWork\Code\ERP\trunk\Frxs.Erp.Project\Frxs.Erp.WarehouseManagementSystem\Frxs.Erp.WarehouseManagementSystem.WebUI\Controllers\Warehouse\WarehouseController.cs:行号 88
   在 lambda_method(Closure , ControllerBase , Object[] )
   在 System.Web.Mvc.ReflectedActionDescriptor.Execute(ControllerContext controllerContext, IDictionary`2 parameters)
   在 System.Web.Mvc.ControllerActionInvoker.InvokeActionMethod(ControllerContext controllerContext, ActionDescriptor actionDescriptor, IDictionary`2 parameters)
   在 System.Web.Mvc.Async.AsyncControllerActionInvoker.<>c__DisplayClass37.<>c__DisplayClass39.<BeginInvokeActionMethodWithFilters>b__33()
   在 System.Web.Mvc.Async.AsyncControllerActionInvoker.<>c__DisplayClass4f.<InvokeActionMethodFilterAsynchronously>b__49()
   在 System.Web.Mvc.Async.AsyncControllerActionInvoker.<>c__DisplayClass4f.<InvokeActionMethodFilterAsynchronously>b__49()
   在 System.Web.Mvc.Async.AsyncControllerActionInvoker.<>c__DisplayClass37.<BeginInvokeActionMethodWithFilters>b__36(IAsyncResult asyncResult)
   在 System.Web.Mvc.Async.AsyncControllerActionInvoker.<>c__DisplayClass25.<>c__DisplayClass2a.<BeginInvokeAction>b__20()
   在 System.Web.Mvc.Async.AsyncControllerActionInvoker.<>c__DisplayClass25.<BeginInvokeAction>b__22(IAsyncResult asyncResult)

2016/4/7 16:42:09
[异常内容]未将对象引用设置到对象的实例。
[源]Frxs.Erp.WarehouseManagementSystem.WebUI
[操作]/Warehouse/WarehouseSub
[IP]192.168.3.242
System.NullReferenceException: 未将对象引用设置到对象的实例。
   在 Frxs.Erp.WarehouseManagementSystem.WebUI.Controllers.Warehouse.WarehouseController.WarehouseSub() 位置 e:\MyWork\Code\ERP\trunk\Frxs.Erp.Project\Frxs.Erp.WarehouseManagementSystem\Frxs.Erp.WarehouseManagementSystem.WebUI\Controllers\Warehouse\WarehouseController.cs:行号 88
   在 lambda_method(Closure , ControllerBase , Object[] )
   在 System.Web.Mvc.ReflectedActionDescriptor.Execute(ControllerContext controllerContext, IDictionary`2 parameters)
   在 System.Web.Mvc.ControllerActionInvoker.InvokeActionMethod(ControllerContext controllerContext, ActionDescriptor actionDescriptor, IDictionary`2 parameters)
   在 System.Web.Mvc.Async.AsyncControllerActionInvoker.<>c__DisplayClass37.<>c__DisplayClass39.<BeginInvokeActionMethodWithFilters>b__33()
   在 System.Web.Mvc.Async.AsyncControllerActionInvoker.<>c__DisplayClass4f.<InvokeActionMethodFilterAsynchronously>b__49()
   在 System.Web.Mvc.Async.AsyncControllerActionInvoker.<>c__DisplayClass4f.<InvokeActionMethodFilterAsynchronously>b__49()
   在 System.Web.Mvc.Async.AsyncControllerActionInvoker.<>c__DisplayClass37.<BeginInvokeActionMethodWithFilters>b__36(IAsyncResult asyncResult)
   在 System.Web.Mvc.Async.AsyncControllerActionInvoker.<>c__DisplayClass25.<>c__DisplayClass2a.<BeginInvokeAction>b__20()
   在 System.Web.Mvc.Async.AsyncControllerActionInvoker.<>c__DisplayClass25.<BeginInvokeAction>b__22(IAsyncResult asyncResult)

2016/4/7 16:42:11
[异常内容]未将对象引用设置到对象的实例。
[源]Frxs.Erp.WarehouseManagementSystem.WebUI
[操作]/Warehouse/WarehouseView
[IP]192.168.3.242
System.NullReferenceException: 未将对象引用设置到对象的实例。
   在 Frxs.Erp.WarehouseManagementSystem.WebUI.Controllers.Warehouse.WarehouseController.WarehouseView() 位置 e:\MyWork\Code\ERP\trunk\Frxs.Erp.Project\Frxs.Erp.WarehouseManagementSystem\Frxs.Erp.WarehouseManagementSystem.WebUI\Controllers\Warehouse\WarehouseController.cs:行号 35
   在 lambda_method(Closure , ControllerBase , Object[] )
   在 System.Web.Mvc.ReflectedActionDescriptor.Execute(ControllerContext controllerContext, IDictionary`2 parameters)
   在 System.Web.Mvc.ControllerActionInvoker.InvokeActionMethod(ControllerContext controllerContext, ActionDescriptor actionDescriptor, IDictionary`2 parameters)
   在 System.Web.Mvc.Async.AsyncControllerActionInvoker.<>c__DisplayClass37.<>c__DisplayClass39.<BeginInvokeActionMethodWithFilters>b__33()
   在 System.Web.Mvc.Async.AsyncControllerActionInvoker.<>c__DisplayClass4f.<InvokeActionMethodFilterAsynchronously>b__49()
   在 System.Web.Mvc.Async.AsyncControllerActionInvoker.<>c__DisplayClass4f.<InvokeActionMethodFilterAsynchronously>b__49()
   在 System.Web.Mvc.Async.AsyncControllerActionInvoker.<>c__DisplayClass37.<BeginInvokeActionMethodWithFilters>b__36(IAsyncResult asyncResult)
   在 System.Web.Mvc.Async.AsyncControllerActionInvoker.<>c__DisplayClass25.<>c__DisplayClass2a.<BeginInvokeAction>b__20()
   在 System.Web.Mvc.Async.AsyncControllerActionInvoker.<>c__DisplayClass25.<BeginInvokeAction>b__22(IAsyncResult asyncResult)

2016/4/7 16:42:11
[异常内容]未将对象引用设置到对象的实例。
[源]Frxs.Erp.WarehouseManagementSystem.WebUI
[操作]/Warehouse/WarehouseSub
[IP]192.168.3.242
System.NullReferenceException: 未将对象引用设置到对象的实例。
   在 Frxs.Erp.WarehouseManagementSystem.WebUI.Controllers.Warehouse.WarehouseController.WarehouseSub() 位置 e:\MyWork\Code\ERP\trunk\Frxs.Erp.Project\Frxs.Erp.WarehouseManagementSystem\Frxs.Erp.WarehouseManagementSystem.WebUI\Controllers\Warehouse\WarehouseController.cs:行号 88
   在 lambda_method(Closure , ControllerBase , Object[] )
   在 System.Web.Mvc.ReflectedActionDescriptor.Execute(ControllerContext controllerContext, IDictionary`2 parameters)
   在 System.Web.Mvc.ControllerActionInvoker.InvokeActionMethod(ControllerContext controllerContext, ActionDescriptor actionDescriptor, IDictionary`2 parameters)
   在 System.Web.Mvc.Async.AsyncControllerActionInvoker.<>c__DisplayClass37.<>c__DisplayClass39.<BeginInvokeActionMethodWithFilters>b__33()
   在 System.Web.Mvc.Async.AsyncControllerActionInvoker.<>c__DisplayClass4f.<InvokeActionMethodFilterAsynchronously>b__49()
   在 System.Web.Mvc.Async.AsyncControllerActionInvoker.<>c__DisplayClass4f.<InvokeActionMethodFilterAsynchronously>b__49()
   在 System.Web.Mvc.Async.AsyncControllerActionInvoker.<>c__DisplayClass37.<BeginInvokeActionMethodWithFilters>b__36(IAsyncResult asyncResult)
   在 System.Web.Mvc.Async.AsyncControllerActionInvoker.<>c__DisplayClass25.<>c__DisplayClass2a.<BeginInvokeAction>b__20()
   在 System.Web.Mvc.Async.AsyncControllerActionInvoker.<>c__DisplayClass25.<BeginInvokeAction>b__22(IAsyncResult asyncResult)

2016/4/7 16:42:12
[异常内容]未将对象引用设置到对象的实例。
[源]Frxs.Erp.WarehouseManagementSystem.WebUI
[操作]/ShelfArea/GetShelfAreaSelectList
[IP]192.168.3.242
System.NullReferenceException: 未将对象引用设置到对象的实例。
   在 Frxs.Erp.WarehouseManagementSystem.WebUI.Controllers.ShelfAreaController.GetShelfAreaSelectList() 位置 e:\MyWork\Code\ERP\trunk\Frxs.Erp.Project\Frxs.Erp.WarehouseManagementSystem\Frxs.Erp.WarehouseManagementSystem.WebUI\Controllers\ShelfArea\ShelfAreaController.cs:行号 182
   在 lambda_method(Closure , ControllerBase , Object[] )
   在 System.Web.Mvc.ReflectedActionDescriptor.Execute(ControllerContext controllerContext, IDictionary`2 parameters)
   在 System.Web.Mvc.ControllerActionInvoker.InvokeActionMethod(ControllerContext controllerContext, ActionDescriptor actionDescriptor, IDictionary`2 parameters)
   在 System.Web.Mvc.Async.AsyncControllerActionInvoker.<>c__DisplayClass37.<>c__DisplayClass39.<BeginInvokeActionMethodWithFilters>b__33()
   在 System.Web.Mvc.Async.AsyncControllerActionInvoker.<>c__DisplayClass4f.<InvokeActionMethodFilterAsynchronously>b__49()
   在 System.Web.Mvc.Async.AsyncControllerActionInvoker.<>c__DisplayClass4f.<InvokeActionMethodFilterAsynchronously>b__49()
   在 System.Web.Mvc.Async.AsyncControllerActionInvoker.<>c__DisplayClass37.<BeginInvokeActionMethodWithFilters>b__36(IAsyncResult asyncResult)
   在 System.Web.Mvc.Async.AsyncControllerActionInvoker.<>c__DisplayClass25.<>c__DisplayClass2a.<BeginInvokeAction>b__20()
   在 System.Web.Mvc.Async.AsyncControllerActionInvoker.<>c__DisplayClass25.<BeginInvokeAction>b__22(IAsyncResult asyncResult)

2016/4/7 16:43:10
[异常内容]未将对象引用设置到对象的实例。
[源]Frxs.Erp.WarehouseManagementSystem.WebUI
[操作]/Warehouse/WarehouseSub
[IP]192.168.3.242
System.NullReferenceException: 未将对象引用设置到对象的实例。
   在 Frxs.Erp.WarehouseManagementSystem.WebUI.Controllers.Warehouse.WarehouseController.WarehouseSub() 位置 e:\MyWork\Code\ERP\trunk\Frxs.Erp.Project\Frxs.Erp.WarehouseManagementSystem\Frxs.Erp.WarehouseManagementSystem.WebUI\Controllers\Warehouse\WarehouseController.cs:行号 88
   在 lambda_method(Closure , ControllerBase , Object[] )
   在 System.Web.Mvc.ReflectedActionDescriptor.Execute(ControllerContext controllerContext, IDictionary`2 parameters)
   在 System.Web.Mvc.ControllerActionInvoker.InvokeActionMethod(ControllerContext controllerContext, ActionDescriptor actionDescriptor, IDictionary`2 parameters)
   在 System.Web.Mvc.Async.AsyncControllerActionInvoker.<>c__DisplayClass37.<>c__DisplayClass39.<BeginInvokeActionMethodWithFilters>b__33()
   在 System.Web.Mvc.Async.AsyncControllerActionInvoker.<>c__DisplayClass4f.<InvokeActionMethodFilterAsynchronously>b__49()
   在 System.Web.Mvc.Async.AsyncControllerActionInvoker.<>c__DisplayClass4f.<InvokeActionMethodFilterAsynchronously>b__49()
   在 System.Web.Mvc.Async.AsyncControllerActionInvoker.<>c__DisplayClass37.<BeginInvokeActionMethodWithFilters>b__36(IAsyncResult asyncResult)
   在 System.Web.Mvc.Async.AsyncControllerActionInvoker.<>c__DisplayClass25.<>c__DisplayClass2a.<BeginInvokeAction>b__20()
   在 System.Web.Mvc.Async.AsyncControllerActionInvoker.<>c__DisplayClass25.<BeginInvokeAction>b__22(IAsyncResult asyncResult)
