
2016/3/28 8:53:46
[异常内容]对于“Frxs.Erp.WarehouseManagementSystem.WebUI.Controllers.BuyBackPreController”中方法“System.Web.Mvc.ActionResult GetProductInfo(System.String, Int32, System.String)”的不可以为 null 的类型“System.Int32”的参数“vendorid”，参数字典包含一个 null 项。可选参数必须为引用类型、可以为 null 的类型或声明为可选参数。
参数名: parameters
[源]System.Web.Mvc
[操作]/BuyBackPre/GetProductInfo?key=
[IP]192.168.3.242
System.ArgumentException: 对于“Frxs.Erp.WarehouseManagementSystem.WebUI.Controllers.BuyBackPreController”中方法“System.Web.Mvc.ActionResult GetProductInfo(System.String, Int32, System.String)”的不可以为 null 的类型“System.Int32”的参数“vendorid”，参数字典包含一个 null 项。可选参数必须为引用类型、可以为 null 的类型或声明为可选参数。
参数名: parameters
   在 System.Web.Mvc.ActionDescriptor.ExtractParameterFromDictionary(ParameterInfo parameterInfo, IDictionary`2 parameters, MethodInfo methodInfo)
   在 System.Linq.Enumerable.WhereSelectArrayIterator`2.MoveNext()
   在 System.Linq.Buffer`1..ctor(IEnumerable`1 source)
   在 System.Linq.Enumerable.ToArray[TSource](IEnumerable`1 source)
   在 System.Web.Mvc.ReflectedActionDescriptor.Execute(ControllerContext controllerContext, IDictionary`2 parameters)
   在 System.Web.Mvc.ControllerActionInvoker.InvokeActionMethod(ControllerContext controllerContext, ActionDescriptor actionDescriptor, IDictionary`2 parameters)
   在 System.Web.Mvc.Async.AsyncControllerActionInvoker.<>c__DisplayClass37.<>c__DisplayClass39.<BeginInvokeActionMethodWithFilters>b__33()
   在 System.Web.Mvc.Async.AsyncControllerActionInvoker.<>c__DisplayClass4f.<InvokeActionMethodFilterAsynchronously>b__49()
   在 System.Web.Mvc.Async.AsyncControllerActionInvoker.<>c__DisplayClass4f.<InvokeActionMethodFilterAsynchronously>b__49()
   在 System.Web.Mvc.Async.AsyncControllerActionInvoker.<>c__DisplayClass37.<BeginInvokeActionMethodWithFilters>b__36(IAsyncResult asyncResult)
   在 System.Web.Mvc.Async.AsyncControllerActionInvoker.<>c__DisplayClass25.<>c__DisplayClass2a.<BeginInvokeAction>b__20()
   在 System.Web.Mvc.Async.AsyncControllerActionInvoker.<>c__DisplayClass25.<BeginInvokeAction>b__22(IAsyncResult asyncResult)

2016/3/28 8:53:49
[异常内容]对于“Frxs.Erp.WarehouseManagementSystem.WebUI.Controllers.BuyBackPreController”中方法“System.Web.Mvc.ActionResult GetProductInfo(System.String, Int32, System.String)”的不可以为 null 的类型“System.Int32”的参数“vendorid”，参数字典包含一个 null 项。可选参数必须为引用类型、可以为 null 的类型或声明为可选参数。
参数名: parameters
[源]System.Web.Mvc
[操作]/BuyBackPre/GetProductInfo?key=
[IP]192.168.3.242
System.ArgumentException: 对于“Frxs.Erp.WarehouseManagementSystem.WebUI.Controllers.BuyBackPreController”中方法“System.Web.Mvc.ActionResult GetProductInfo(System.String, Int32, System.String)”的不可以为 null 的类型“System.Int32”的参数“vendorid”，参数字典包含一个 null 项。可选参数必须为引用类型、可以为 null 的类型或声明为可选参数。
参数名: parameters
   在 System.Web.Mvc.ActionDescriptor.ExtractParameterFromDictionary(ParameterInfo parameterInfo, IDictionary`2 parameters, MethodInfo methodInfo)
   在 System.Linq.Enumerable.WhereSelectArrayIterator`2.MoveNext()
   在 System.Linq.Buffer`1..ctor(IEnumerable`1 source)
   在 System.Linq.Enumerable.ToArray[TSource](IEnumerable`1 source)
   在 System.Web.Mvc.ReflectedActionDescriptor.Execute(ControllerContext controllerContext, IDictionary`2 parameters)
   在 System.Web.Mvc.ControllerActionInvoker.InvokeActionMethod(ControllerContext controllerContext, ActionDescriptor actionDescriptor, IDictionary`2 parameters)
   在 System.Web.Mvc.Async.AsyncControllerActionInvoker.<>c__DisplayClass37.<>c__DisplayClass39.<BeginInvokeActionMethodWithFilters>b__33()
   在 System.Web.Mvc.Async.AsyncControllerActionInvoker.<>c__DisplayClass4f.<InvokeActionMethodFilterAsynchronously>b__49()
   在 System.Web.Mvc.Async.AsyncControllerActionInvoker.<>c__DisplayClass4f.<InvokeActionMethodFilterAsynchronously>b__49()
   在 System.Web.Mvc.Async.AsyncControllerActionInvoker.<>c__DisplayClass37.<BeginInvokeActionMethodWithFilters>b__36(IAsyncResult asyncResult)
   在 System.Web.Mvc.Async.AsyncControllerActionInvoker.<>c__DisplayClass25.<>c__DisplayClass2a.<BeginInvokeAction>b__20()
   在 System.Web.Mvc.Async.AsyncControllerActionInvoker.<>c__DisplayClass25.<BeginInvokeAction>b__22(IAsyncResult asyncResult)

2016/3/28 10:13:32
[异常内容]调用的目标发生了异常。
[源]mscorlib
[操作]/CommonQuery/QueryList?configName=QueryPage.config&pageName=BuyOrderPreList
[IP]192.168.3.242
System.Reflection.TargetInvocationException: 调用的目标发生了异常。 ---> System.NullReferenceException: 未将对象引用设置到对象的实例。
   在 Frxs.Erp.WarehouseManagementSystem.WebUI.WorkContext.get_CurrentWarehouse() 位置 e:\MyWork\Code\ERP\trunk\Frxs.Erp.Project\Frxs.Erp.WarehouseManagementSystem\Frxs.Erp.WarehouseManagementSystem.WebUI\Infrastructure\WorkContext.cs:行号 87
   在 Frxs.Erp.WarehouseManagementSystem.WebUI.SelectDataBinder.GetWCList() 位置 e:\MyWork\Code\ERP\trunk\Frxs.Erp.Project\Frxs.Erp.WarehouseManagementSystem\Frxs.Erp.WarehouseManagementSystem.WebUI\SelectDataBinder.cs:行号 65
   --- 内部异常堆栈跟踪的结尾 ---
   在 System.RuntimeMethodHandle.InvokeMethod(Object target, Object[] arguments, Signature sig, Boolean constructor)
   在 System.Reflection.RuntimeMethodInfo.UnsafeInvokeInternal(Object obj, Object[] parameters, Object[] arguments)
   在 System.Reflection.RuntimeMethodInfo.Invoke(Object obj, BindingFlags invokeAttr, Binder binder, Object[] parameters, CultureInfo culture)
   在 System.Reflection.MethodBase.Invoke(Object obj, Object[] parameters)
   在 Frxs.Platform.Utility.Web.QueryPageBuilder.GetSelectListByKey(String methodName, String param) 位置 e:\MyWork\Code\ERP\trunk\Frxs.Platform\Frxs.Platform.Utility\Web\QueryPageBuilder.cs:行号 317
   在 Frxs.Platform.Utility.Web.QueryPageBuilder.BuildHtmlControl(XmlNode node) 位置 e:\MyWork\Code\ERP\trunk\Frxs.Platform\Frxs.Platform.Utility\Web\QueryPageBuilder.cs:行号 981
   在 Frxs.Platform.Utility.Web.QueryPageBuilder.BuildSearchControls() 位置 e:\MyWork\Code\ERP\trunk\Frxs.Platform\Frxs.Platform.Utility\Web\QueryPageBuilder.cs:行号 216
   在 Frxs.Erp.WarehouseManagementSystem.WebUI.Models.CommonQueryModel.GetCommonQueryModel(String configName, String pageName) 位置 e:\MyWork\Code\ERP\trunk\Frxs.Erp.Project\Frxs.Erp.WarehouseManagementSystem\Frxs.Erp.WarehouseManagementSystem.WebUI\Models\CommonQueryModel.cs:行号 149
   在 Frxs.Erp.WarehouseManagementSystem.WebUI.Controllers.CommonQueryController.QueryList(String configName, String pageName) 位置 e:\MyWork\Code\ERP\trunk\Frxs.Erp.Project\Frxs.Erp.WarehouseManagementSystem\Frxs.Erp.WarehouseManagementSystem.WebUI\Controllers\CommonQueryController.cs:行号 34
   在 lambda_method(Closure , ControllerBase , Object[] )
   在 System.Web.Mvc.ReflectedActionDescriptor.Execute(ControllerContext controllerContext, IDictionary`2 parameters)
   在 System.Web.Mvc.ControllerActionInvoker.InvokeActionMethod(ControllerContext controllerContext, ActionDescriptor actionDescriptor, IDictionary`2 parameters)
   在 System.Web.Mvc.Async.AsyncControllerActionInvoker.<>c__DisplayClass37.<>c__DisplayClass39.<BeginInvokeActionMethodWithFilters>b__33()
   在 System.Web.Mvc.Async.AsyncControllerActionInvoker.<>c__DisplayClass4f.<InvokeActionMethodFilterAsynchronously>b__49()
   在 System.Web.Mvc.Async.AsyncControllerActionInvoker.<>c__DisplayClass4f.<InvokeActionMethodFilterAsynchronously>b__49()
   在 System.Web.Mvc.Async.AsyncControllerActionInvoker.<>c__DisplayClass4f.<InvokeActionMethodFilterAsynchronously>b__49()
   在 System.Web.Mvc.Async.AsyncControllerActionInvoker.<>c__DisplayClass37.<BeginInvokeActionMethodWithFilters>b__36(IAsyncResult asyncResult)
   在 System.Web.Mvc.Async.AsyncControllerActionInvoker.<>c__DisplayClass25.<>c__DisplayClass2a.<BeginInvokeAction>b__20()
   在 System.Web.Mvc.Async.AsyncControllerActionInvoker.<>c__DisplayClass25.<BeginInvokeAction>b__22(IAsyncResult asyncResult)

2016/3/28 10:51:10
[异常内容]对于“Frxs.Erp.WarehouseManagementSystem.WebUI.Controllers.BuyOrderPreController”中方法“System.Web.Mvc.ActionResult GetProductInfo(System.String, Int32, System.String)”的不可以为 null 的类型“System.Int32”的参数“vendorid”，参数字典包含一个 null 项。可选参数必须为引用类型、可以为 null 的类型或声明为可选参数。
参数名: parameters
[源]System.Web.Mvc
[操作]/BuyOrderPre/GetProductInfo?Value=&vendorid=&type=ProductID
[IP]192.168.3.242
System.ArgumentException: 对于“Frxs.Erp.WarehouseManagementSystem.WebUI.Controllers.BuyOrderPreController”中方法“System.Web.Mvc.ActionResult GetProductInfo(System.String, Int32, System.String)”的不可以为 null 的类型“System.Int32”的参数“vendorid”，参数字典包含一个 null 项。可选参数必须为引用类型、可以为 null 的类型或声明为可选参数。
参数名: parameters
   在 System.Web.Mvc.ActionDescriptor.ExtractParameterFromDictionary(ParameterInfo parameterInfo, IDictionary`2 parameters, MethodInfo methodInfo)
   在 System.Linq.Enumerable.WhereSelectArrayIterator`2.MoveNext()
   在 System.Linq.Buffer`1..ctor(IEnumerable`1 source)
   在 System.Linq.Enumerable.ToArray[TSource](IEnumerable`1 source)
   在 System.Web.Mvc.ReflectedActionDescriptor.Execute(ControllerContext controllerContext, IDictionary`2 parameters)
   在 System.Web.Mvc.ControllerActionInvoker.InvokeActionMethod(ControllerContext controllerContext, ActionDescriptor actionDescriptor, IDictionary`2 parameters)
   在 System.Web.Mvc.Async.AsyncControllerActionInvoker.<>c__DisplayClass37.<>c__DisplayClass39.<BeginInvokeActionMethodWithFilters>b__33()
   在 System.Web.Mvc.Async.AsyncControllerActionInvoker.<>c__DisplayClass4f.<InvokeActionMethodFilterAsynchronously>b__49()
   在 System.Web.Mvc.Async.AsyncControllerActionInvoker.<>c__DisplayClass4f.<InvokeActionMethodFilterAsynchronously>b__49()
   在 System.Web.Mvc.Async.AsyncControllerActionInvoker.<>c__DisplayClass37.<BeginInvokeActionMethodWithFilters>b__36(IAsyncResult asyncResult)
   在 System.Web.Mvc.Async.AsyncControllerActionInvoker.<>c__DisplayClass25.<>c__DisplayClass2a.<BeginInvokeAction>b__20()
   在 System.Web.Mvc.Async.AsyncControllerActionInvoker.<>c__DisplayClass25.<BeginInvokeAction>b__22(IAsyncResult asyncResult)

2016/3/28 10:54:55
[异常内容]对于“Frxs.Erp.WarehouseManagementSystem.WebUI.Controllers.BuyOrderPreController”中方法“System.Web.Mvc.ActionResult GetProductInfo(System.String, Int32, System.String)”的不可以为 null 的类型“System.Int32”的参数“vendorid”，参数字典包含一个 null 项。可选参数必须为引用类型、可以为 null 的类型或声明为可选参数。
参数名: parameters
[源]System.Web.Mvc
[操作]/BuyOrderPre/GetProductInfo?Value=&vendorid=&type=ProductID
[IP]192.168.3.242
System.ArgumentException: 对于“Frxs.Erp.WarehouseManagementSystem.WebUI.Controllers.BuyOrderPreController”中方法“System.Web.Mvc.ActionResult GetProductInfo(System.String, Int32, System.String)”的不可以为 null 的类型“System.Int32”的参数“vendorid”，参数字典包含一个 null 项。可选参数必须为引用类型、可以为 null 的类型或声明为可选参数。
参数名: parameters
   在 System.Web.Mvc.ActionDescriptor.ExtractParameterFromDictionary(ParameterInfo parameterInfo, IDictionary`2 parameters, MethodInfo methodInfo)
   在 System.Linq.Enumerable.WhereSelectArrayIterator`2.MoveNext()
   在 System.Linq.Buffer`1..ctor(IEnumerable`1 source)
   在 System.Linq.Enumerable.ToArray[TSource](IEnumerable`1 source)
   在 System.Web.Mvc.ReflectedActionDescriptor.Execute(ControllerContext controllerContext, IDictionary`2 parameters)
   在 System.Web.Mvc.ControllerActionInvoker.InvokeActionMethod(ControllerContext controllerContext, ActionDescriptor actionDescriptor, IDictionary`2 parameters)
   在 System.Web.Mvc.Async.AsyncControllerActionInvoker.<>c__DisplayClass37.<>c__DisplayClass39.<BeginInvokeActionMethodWithFilters>b__33()
   在 System.Web.Mvc.Async.AsyncControllerActionInvoker.<>c__DisplayClass4f.<InvokeActionMethodFilterAsynchronously>b__49()
   在 System.Web.Mvc.Async.AsyncControllerActionInvoker.<>c__DisplayClass4f.<InvokeActionMethodFilterAsynchronously>b__49()
   在 System.Web.Mvc.Async.AsyncControllerActionInvoker.<>c__DisplayClass37.<BeginInvokeActionMethodWithFilters>b__36(IAsyncResult asyncResult)
   在 System.Web.Mvc.Async.AsyncControllerActionInvoker.<>c__DisplayClass25.<>c__DisplayClass2a.<BeginInvokeAction>b__20()
   在 System.Web.Mvc.Async.AsyncControllerActionInvoker.<>c__DisplayClass25.<BeginInvokeAction>b__22(IAsyncResult asyncResult)

2016/3/28 10:54:58
[异常内容]对于“Frxs.Erp.WarehouseManagementSystem.WebUI.Controllers.BuyOrderPreController”中方法“System.Web.Mvc.ActionResult GetProductInfo(System.String, Int32, System.String)”的不可以为 null 的类型“System.Int32”的参数“vendorid”，参数字典包含一个 null 项。可选参数必须为引用类型、可以为 null 的类型或声明为可选参数。
参数名: parameters
[源]System.Web.Mvc
[操作]/BuyOrderPre/GetProductInfo?Value=&vendorid=&type=ProductID
[IP]192.168.3.242
System.ArgumentException: 对于“Frxs.Erp.WarehouseManagementSystem.WebUI.Controllers.BuyOrderPreController”中方法“System.Web.Mvc.ActionResult GetProductInfo(System.String, Int32, System.String)”的不可以为 null 的类型“System.Int32”的参数“vendorid”，参数字典包含一个 null 项。可选参数必须为引用类型、可以为 null 的类型或声明为可选参数。
参数名: parameters
   在 System.Web.Mvc.ActionDescriptor.ExtractParameterFromDictionary(ParameterInfo parameterInfo, IDictionary`2 parameters, MethodInfo methodInfo)
   在 System.Linq.Enumerable.WhereSelectArrayIterator`2.MoveNext()
   在 System.Linq.Buffer`1..ctor(IEnumerable`1 source)
   在 System.Linq.Enumerable.ToArray[TSource](IEnumerable`1 source)
   在 System.Web.Mvc.ReflectedActionDescriptor.Execute(ControllerContext controllerContext, IDictionary`2 parameters)
   在 System.Web.Mvc.ControllerActionInvoker.InvokeActionMethod(ControllerContext controllerContext, ActionDescriptor actionDescriptor, IDictionary`2 parameters)
   在 System.Web.Mvc.Async.AsyncControllerActionInvoker.<>c__DisplayClass37.<>c__DisplayClass39.<BeginInvokeActionMethodWithFilters>b__33()
   在 System.Web.Mvc.Async.AsyncControllerActionInvoker.<>c__DisplayClass4f.<InvokeActionMethodFilterAsynchronously>b__49()
   在 System.Web.Mvc.Async.AsyncControllerActionInvoker.<>c__DisplayClass4f.<InvokeActionMethodFilterAsynchronously>b__49()
   在 System.Web.Mvc.Async.AsyncControllerActionInvoker.<>c__DisplayClass37.<BeginInvokeActionMethodWithFilters>b__36(IAsyncResult asyncResult)
   在 System.Web.Mvc.Async.AsyncControllerActionInvoker.<>c__DisplayClass25.<>c__DisplayClass2a.<BeginInvokeAction>b__20()
   在 System.Web.Mvc.Async.AsyncControllerActionInvoker.<>c__DisplayClass25.<BeginInvokeAction>b__22(IAsyncResult asyncResult)

2016/3/28 10:59:47
[异常内容]对于“Frxs.Erp.WarehouseManagementSystem.WebUI.Controllers.BuyOrderPreController”中方法“System.Web.Mvc.ActionResult GetProductInfo(System.String, Int32, System.String)”的不可以为 null 的类型“System.Int32”的参数“vendorid”，参数字典包含一个 null 项。可选参数必须为引用类型、可以为 null 的类型或声明为可选参数。
参数名: parameters
[源]System.Web.Mvc
[操作]/BuyOrderPre/GetProductInfo?Value=&vendorid=&type=ProductID
[IP]192.168.3.242
System.ArgumentException: 对于“Frxs.Erp.WarehouseManagementSystem.WebUI.Controllers.BuyOrderPreController”中方法“System.Web.Mvc.ActionResult GetProductInfo(System.String, Int32, System.String)”的不可以为 null 的类型“System.Int32”的参数“vendorid”，参数字典包含一个 null 项。可选参数必须为引用类型、可以为 null 的类型或声明为可选参数。
参数名: parameters
   在 System.Web.Mvc.ActionDescriptor.ExtractParameterFromDictionary(ParameterInfo parameterInfo, IDictionary`2 parameters, MethodInfo methodInfo)
   在 System.Linq.Enumerable.WhereSelectArrayIterator`2.MoveNext()
   在 System.Linq.Buffer`1..ctor(IEnumerable`1 source)
   在 System.Linq.Enumerable.ToArray[TSource](IEnumerable`1 source)
   在 System.Web.Mvc.ReflectedActionDescriptor.Execute(ControllerContext controllerContext, IDictionary`2 parameters)
   在 System.Web.Mvc.ControllerActionInvoker.InvokeActionMethod(ControllerContext controllerContext, ActionDescriptor actionDescriptor, IDictionary`2 parameters)
   在 System.Web.Mvc.Async.AsyncControllerActionInvoker.<>c__DisplayClass37.<>c__DisplayClass39.<BeginInvokeActionMethodWithFilters>b__33()
   在 System.Web.Mvc.Async.AsyncControllerActionInvoker.<>c__DisplayClass4f.<InvokeActionMethodFilterAsynchronously>b__49()
   在 System.Web.Mvc.Async.AsyncControllerActionInvoker.<>c__DisplayClass4f.<InvokeActionMethodFilterAsynchronously>b__49()
   在 System.Web.Mvc.Async.AsyncControllerActionInvoker.<>c__DisplayClass37.<BeginInvokeActionMethodWithFilters>b__36(IAsyncResult asyncResult)
   在 System.Web.Mvc.Async.AsyncControllerActionInvoker.<>c__DisplayClass25.<>c__DisplayClass2a.<BeginInvokeAction>b__20()
   在 System.Web.Mvc.Async.AsyncControllerActionInvoker.<>c__DisplayClass25.<BeginInvokeAction>b__22(IAsyncResult asyncResult)

2016/3/28 10:59:47
[异常内容]对于“Frxs.Erp.WarehouseManagementSystem.WebUI.Controllers.BuyOrderPreController”中方法“System.Web.Mvc.ActionResult GetProductInfo(System.String, Int32, System.String)”的不可以为 null 的类型“System.Int32”的参数“vendorid”，参数字典包含一个 null 项。可选参数必须为引用类型、可以为 null 的类型或声明为可选参数。
参数名: parameters
[源]System.Web.Mvc
[操作]/BuyOrderPre/GetProductInfo?Value=&vendorid=&type=ProductID
[IP]192.168.3.242
System.ArgumentException: 对于“Frxs.Erp.WarehouseManagementSystem.WebUI.Controllers.BuyOrderPreController”中方法“System.Web.Mvc.ActionResult GetProductInfo(System.String, Int32, System.String)”的不可以为 null 的类型“System.Int32”的参数“vendorid”，参数字典包含一个 null 项。可选参数必须为引用类型、可以为 null 的类型或声明为可选参数。
参数名: parameters
   在 System.Web.Mvc.ActionDescriptor.ExtractParameterFromDictionary(ParameterInfo parameterInfo, IDictionary`2 parameters, MethodInfo methodInfo)
   在 System.Linq.Enumerable.WhereSelectArrayIterator`2.MoveNext()
   在 System.Linq.Buffer`1..ctor(IEnumerable`1 source)
   在 System.Linq.Enumerable.ToArray[TSource](IEnumerable`1 source)
   在 System.Web.Mvc.ReflectedActionDescriptor.Execute(ControllerContext controllerContext, IDictionary`2 parameters)
   在 System.Web.Mvc.ControllerActionInvoker.InvokeActionMethod(ControllerContext controllerContext, ActionDescriptor actionDescriptor, IDictionary`2 parameters)
   在 System.Web.Mvc.Async.AsyncControllerActionInvoker.<>c__DisplayClass37.<>c__DisplayClass39.<BeginInvokeActionMethodWithFilters>b__33()
   在 System.Web.Mvc.Async.AsyncControllerActionInvoker.<>c__DisplayClass4f.<InvokeActionMethodFilterAsynchronously>b__49()
   在 System.Web.Mvc.Async.AsyncControllerActionInvoker.<>c__DisplayClass4f.<InvokeActionMethodFilterAsynchronously>b__49()
   在 System.Web.Mvc.Async.AsyncControllerActionInvoker.<>c__DisplayClass37.<BeginInvokeActionMethodWithFilters>b__36(IAsyncResult asyncResult)
   在 System.Web.Mvc.Async.AsyncControllerActionInvoker.<>c__DisplayClass25.<>c__DisplayClass2a.<BeginInvokeAction>b__20()
   在 System.Web.Mvc.Async.AsyncControllerActionInvoker.<>c__DisplayClass25.<BeginInvokeAction>b__22(IAsyncResult asyncResult)

2016/3/28 11:00:22
[异常内容]对于“Frxs.Erp.WarehouseManagementSystem.WebUI.Controllers.Warehouse.WarehouseController”中方法“System.Web.Mvc.ActionResult WarehouseView(Int32)”的不可以为 null 的类型“System.Int32”的参数“wid”，参数字典包含一个 null 项。可选参数必须为引用类型、可以为 null 的类型或声明为可选参数。
参数名: parameters
[源]System.Web.Mvc
[操作]/Warehouse/WarehouseView
[IP]192.168.3.181
System.ArgumentException: 对于“Frxs.Erp.WarehouseManagementSystem.WebUI.Controllers.Warehouse.WarehouseController”中方法“System.Web.Mvc.ActionResult WarehouseView(Int32)”的不可以为 null 的类型“System.Int32”的参数“wid”，参数字典包含一个 null 项。可选参数必须为引用类型、可以为 null 的类型或声明为可选参数。
参数名: parameters
   在 System.Web.Mvc.ActionDescriptor.ExtractParameterFromDictionary(ParameterInfo parameterInfo, IDictionary`2 parameters, MethodInfo methodInfo)
   在 System.Linq.Enumerable.WhereSelectArrayIterator`2.MoveNext()
   在 System.Linq.Buffer`1..ctor(IEnumerable`1 source)
   在 System.Linq.Enumerable.ToArray[TSource](IEnumerable`1 source)
   在 System.Web.Mvc.ReflectedActionDescriptor.Execute(ControllerContext controllerContext, IDictionary`2 parameters)
   在 System.Web.Mvc.ControllerActionInvoker.InvokeActionMethod(ControllerContext controllerContext, ActionDescriptor actionDescriptor, IDictionary`2 parameters)
   在 System.Web.Mvc.Async.AsyncControllerActionInvoker.<>c__DisplayClass37.<>c__DisplayClass39.<BeginInvokeActionMethodWithFilters>b__33()
   在 System.Web.Mvc.Async.AsyncControllerActionInvoker.<>c__DisplayClass4f.<InvokeActionMethodFilterAsynchronously>b__49()
   在 System.Web.Mvc.Async.AsyncControllerActionInvoker.<>c__DisplayClass4f.<InvokeActionMethodFilterAsynchronously>b__49()
   在 System.Web.Mvc.Async.AsyncControllerActionInvoker.<>c__DisplayClass37.<BeginInvokeActionMethodWithFilters>b__36(IAsyncResult asyncResult)
   在 System.Web.Mvc.Async.AsyncControllerActionInvoker.<>c__DisplayClass25.<>c__DisplayClass2a.<BeginInvokeAction>b__20()
   在 System.Web.Mvc.Async.AsyncControllerActionInvoker.<>c__DisplayClass25.<BeginInvokeAction>b__22(IAsyncResult asyncResult)

2016/3/28 11:02:00
[异常内容]对于“Frxs.Erp.WarehouseManagementSystem.WebUI.Controllers.BuyOrderPreController”中方法“System.Web.Mvc.ActionResult GetProductInfo(System.String, Int32, System.String)”的不可以为 null 的类型“System.Int32”的参数“vendorid”，参数字典包含一个 null 项。可选参数必须为引用类型、可以为 null 的类型或声明为可选参数。
参数名: parameters
[源]System.Web.Mvc
[操作]/BuyOrderPre/GetProductInfo?Value=&vendorid=&type=SKU
[IP]192.168.3.242
System.ArgumentException: 对于“Frxs.Erp.WarehouseManagementSystem.WebUI.Controllers.BuyOrderPreController”中方法“System.Web.Mvc.ActionResult GetProductInfo(System.String, Int32, System.String)”的不可以为 null 的类型“System.Int32”的参数“vendorid”，参数字典包含一个 null 项。可选参数必须为引用类型、可以为 null 的类型或声明为可选参数。
参数名: parameters
   在 System.Web.Mvc.ActionDescriptor.ExtractParameterFromDictionary(ParameterInfo parameterInfo, IDictionary`2 parameters, MethodInfo methodInfo)
   在 System.Linq.Enumerable.WhereSelectArrayIterator`2.MoveNext()
   在 System.Linq.Buffer`1..ctor(IEnumerable`1 source)
   在 System.Linq.Enumerable.ToArray[TSource](IEnumerable`1 source)
   在 System.Web.Mvc.ReflectedActionDescriptor.Execute(ControllerContext controllerContext, IDictionary`2 parameters)
   在 System.Web.Mvc.ControllerActionInvoker.InvokeActionMethod(ControllerContext controllerContext, ActionDescriptor actionDescriptor, IDictionary`2 parameters)
   在 System.Web.Mvc.Async.AsyncControllerActionInvoker.<>c__DisplayClass37.<>c__DisplayClass39.<BeginInvokeActionMethodWithFilters>b__33()
   在 System.Web.Mvc.Async.AsyncControllerActionInvoker.<>c__DisplayClass4f.<InvokeActionMethodFilterAsynchronously>b__49()
   在 System.Web.Mvc.Async.AsyncControllerActionInvoker.<>c__DisplayClass4f.<InvokeActionMethodFilterAsynchronously>b__49()
   在 System.Web.Mvc.Async.AsyncControllerActionInvoker.<>c__DisplayClass37.<BeginInvokeActionMethodWithFilters>b__36(IAsyncResult asyncResult)
   在 System.Web.Mvc.Async.AsyncControllerActionInvoker.<>c__DisplayClass25.<>c__DisplayClass2a.<BeginInvokeAction>b__20()
   在 System.Web.Mvc.Async.AsyncControllerActionInvoker.<>c__DisplayClass25.<BeginInvokeAction>b__22(IAsyncResult asyncResult)

2016/3/28 11:03:34
[异常内容]对于“Frxs.Erp.WarehouseManagementSystem.WebUI.Controllers.BuyOrderPreController”中方法“System.Web.Mvc.ActionResult GetProductInfo(System.String, Int32, System.String)”的不可以为 null 的类型“System.Int32”的参数“vendorid”，参数字典包含一个 null 项。可选参数必须为引用类型、可以为 null 的类型或声明为可选参数。
参数名: parameters
[源]System.Web.Mvc
[操作]/BuyOrderPre/GetProductInfo?Value=&vendorid=&type=SKU
[IP]192.168.3.242
System.ArgumentException: 对于“Frxs.Erp.WarehouseManagementSystem.WebUI.Controllers.BuyOrderPreController”中方法“System.Web.Mvc.ActionResult GetProductInfo(System.String, Int32, System.String)”的不可以为 null 的类型“System.Int32”的参数“vendorid”，参数字典包含一个 null 项。可选参数必须为引用类型、可以为 null 的类型或声明为可选参数。
参数名: parameters
   在 System.Web.Mvc.ActionDescriptor.ExtractParameterFromDictionary(ParameterInfo parameterInfo, IDictionary`2 parameters, MethodInfo methodInfo)
   在 System.Linq.Enumerable.WhereSelectArrayIterator`2.MoveNext()
   在 System.Linq.Buffer`1..ctor(IEnumerable`1 source)
   在 System.Linq.Enumerable.ToArray[TSource](IEnumerable`1 source)
   在 System.Web.Mvc.ReflectedActionDescriptor.Execute(ControllerContext controllerContext, IDictionary`2 parameters)
   在 System.Web.Mvc.ControllerActionInvoker.InvokeActionMethod(ControllerContext controllerContext, ActionDescriptor actionDescriptor, IDictionary`2 parameters)
   在 System.Web.Mvc.Async.AsyncControllerActionInvoker.<>c__DisplayClass37.<>c__DisplayClass39.<BeginInvokeActionMethodWithFilters>b__33()
   在 System.Web.Mvc.Async.AsyncControllerActionInvoker.<>c__DisplayClass4f.<InvokeActionMethodFilterAsynchronously>b__49()
   在 System.Web.Mvc.Async.AsyncControllerActionInvoker.<>c__DisplayClass4f.<InvokeActionMethodFilterAsynchronously>b__49()
   在 System.Web.Mvc.Async.AsyncControllerActionInvoker.<>c__DisplayClass37.<BeginInvokeActionMethodWithFilters>b__36(IAsyncResult asyncResult)
   在 System.Web.Mvc.Async.AsyncControllerActionInvoker.<>c__DisplayClass25.<>c__DisplayClass2a.<BeginInvokeAction>b__20()
   在 System.Web.Mvc.Async.AsyncControllerActionInvoker.<>c__DisplayClass25.<BeginInvokeAction>b__22(IAsyncResult asyncResult)

2016/3/28 11:03:43
[异常内容]对于“Frxs.Erp.WarehouseManagementSystem.WebUI.Controllers.BuyOrderPreController”中方法“System.Web.Mvc.ActionResult GetProductInfo(System.String, Int32, System.String)”的不可以为 null 的类型“System.Int32”的参数“vendorid”，参数字典包含一个 null 项。可选参数必须为引用类型、可以为 null 的类型或声明为可选参数。
参数名: parameters
[源]System.Web.Mvc
[操作]/BuyOrderPre/GetProductInfo?Value=1&vendorid=&type=SKU
[IP]192.168.3.242
System.ArgumentException: 对于“Frxs.Erp.WarehouseManagementSystem.WebUI.Controllers.BuyOrderPreController”中方法“System.Web.Mvc.ActionResult GetProductInfo(System.String, Int32, System.String)”的不可以为 null 的类型“System.Int32”的参数“vendorid”，参数字典包含一个 null 项。可选参数必须为引用类型、可以为 null 的类型或声明为可选参数。
参数名: parameters
   在 System.Web.Mvc.ActionDescriptor.ExtractParameterFromDictionary(ParameterInfo parameterInfo, IDictionary`2 parameters, MethodInfo methodInfo)
   在 System.Linq.Enumerable.WhereSelectArrayIterator`2.MoveNext()
   在 System.Linq.Buffer`1..ctor(IEnumerable`1 source)
   在 System.Linq.Enumerable.ToArray[TSource](IEnumerable`1 source)
   在 System.Web.Mvc.ReflectedActionDescriptor.Execute(ControllerContext controllerContext, IDictionary`2 parameters)
   在 System.Web.Mvc.ControllerActionInvoker.InvokeActionMethod(ControllerContext controllerContext, ActionDescriptor actionDescriptor, IDictionary`2 parameters)
   在 System.Web.Mvc.Async.AsyncControllerActionInvoker.<>c__DisplayClass37.<>c__DisplayClass39.<BeginInvokeActionMethodWithFilters>b__33()
   在 System.Web.Mvc.Async.AsyncControllerActionInvoker.<>c__DisplayClass4f.<InvokeActionMethodFilterAsynchronously>b__49()
   在 System.Web.Mvc.Async.AsyncControllerActionInvoker.<>c__DisplayClass4f.<InvokeActionMethodFilterAsynchronously>b__49()
   在 System.Web.Mvc.Async.AsyncControllerActionInvoker.<>c__DisplayClass37.<BeginInvokeActionMethodWithFilters>b__36(IAsyncResult asyncResult)
   在 System.Web.Mvc.Async.AsyncControllerActionInvoker.<>c__DisplayClass25.<>c__DisplayClass2a.<BeginInvokeAction>b__20()
   在 System.Web.Mvc.Async.AsyncControllerActionInvoker.<>c__DisplayClass25.<BeginInvokeAction>b__22(IAsyncResult asyncResult)

2016/3/28 11:03:48
[异常内容]对于“Frxs.Erp.WarehouseManagementSystem.WebUI.Controllers.Warehouse.WarehouseController”中方法“System.Web.Mvc.ActionResult WarehouseView(Int32)”的不可以为 null 的类型“System.Int32”的参数“wid”，参数字典包含一个 null 项。可选参数必须为引用类型、可以为 null 的类型或声明为可选参数。
参数名: parameters
[源]System.Web.Mvc
[操作]/Warehouse/WarehouseView
[IP]192.168.3.88
System.ArgumentException: 对于“Frxs.Erp.WarehouseManagementSystem.WebUI.Controllers.Warehouse.WarehouseController”中方法“System.Web.Mvc.ActionResult WarehouseView(Int32)”的不可以为 null 的类型“System.Int32”的参数“wid”，参数字典包含一个 null 项。可选参数必须为引用类型、可以为 null 的类型或声明为可选参数。
参数名: parameters
   在 System.Web.Mvc.ActionDescriptor.ExtractParameterFromDictionary(ParameterInfo parameterInfo, IDictionary`2 parameters, MethodInfo methodInfo)
   在 System.Linq.Enumerable.WhereSelectArrayIterator`2.MoveNext()
   在 System.Linq.Buffer`1..ctor(IEnumerable`1 source)
   在 System.Linq.Enumerable.ToArray[TSource](IEnumerable`1 source)
   在 System.Web.Mvc.ReflectedActionDescriptor.Execute(ControllerContext controllerContext, IDictionary`2 parameters)
   在 System.Web.Mvc.ControllerActionInvoker.InvokeActionMethod(ControllerContext controllerContext, ActionDescriptor actionDescriptor, IDictionary`2 parameters)
   在 System.Web.Mvc.Async.AsyncControllerActionInvoker.<>c__DisplayClass37.<>c__DisplayClass39.<BeginInvokeActionMethodWithFilters>b__33()
   在 System.Web.Mvc.Async.AsyncControllerActionInvoker.<>c__DisplayClass4f.<InvokeActionMethodFilterAsynchronously>b__49()
   在 System.Web.Mvc.Async.AsyncControllerActionInvoker.<>c__DisplayClass4f.<InvokeActionMethodFilterAsynchronously>b__49()
   在 System.Web.Mvc.Async.AsyncControllerActionInvoker.<>c__DisplayClass37.<BeginInvokeActionMethodWithFilters>b__36(IAsyncResult asyncResult)
   在 System.Web.Mvc.Async.AsyncControllerActionInvoker.<>c__DisplayClass25.<>c__DisplayClass2a.<BeginInvokeAction>b__20()
   在 System.Web.Mvc.Async.AsyncControllerActionInvoker.<>c__DisplayClass25.<BeginInvokeAction>b__22(IAsyncResult asyncResult)

2016/3/28 11:04:16
[异常内容]未将对象引用设置到对象的实例。
[源]Frxs.Platform.Utility
[操作]/CommonQuery/QueryList?configName=QueryPage.config&pageName=VendorList
[IP]192.168.3.88
System.NullReferenceException: 未将对象引用设置到对象的实例。
   在 Frxs.Platform.Utility.Web.QueryPageBuilder.GetDisplayAttributeByPropertyName(PropertyInfo[] propertyInfoArray, String propertyInfoName) 位置 e:\MyWork\Code\ERP\trunk\Frxs.Platform\Frxs.Platform.Utility\Web\QueryPageBuilder.cs:行号 456
   在 Frxs.Platform.Utility.Web.QueryPageBuilder.BuildSearchControls() 位置 e:\MyWork\Code\ERP\trunk\Frxs.Platform\Frxs.Platform.Utility\Web\QueryPageBuilder.cs:行号 210
   在 Frxs.Erp.WarehouseManagementSystem.WebUI.Models.CommonQueryModel.GetCommonQueryModel(String configName, String pageName) 位置 e:\MyWork\Code\ERP\trunk\Frxs.Erp.Project\Frxs.Erp.WarehouseManagementSystem\Frxs.Erp.WarehouseManagementSystem.WebUI\Models\CommonQueryModel.cs:行号 149
   在 Frxs.Erp.WarehouseManagementSystem.WebUI.Controllers.CommonQueryController.QueryList(String configName, String pageName) 位置 e:\MyWork\Code\ERP\trunk\Frxs.Erp.Project\Frxs.Erp.WarehouseManagementSystem\Frxs.Erp.WarehouseManagementSystem.WebUI\Controllers\CommonQueryController.cs:行号 34
   在 lambda_method(Closure , ControllerBase , Object[] )
   在 System.Web.Mvc.ReflectedActionDescriptor.Execute(ControllerContext controllerContext, IDictionary`2 parameters)
   在 System.Web.Mvc.ControllerActionInvoker.InvokeActionMethod(ControllerContext controllerContext, ActionDescriptor actionDescriptor, IDictionary`2 parameters)
   在 System.Web.Mvc.Async.AsyncControllerActionInvoker.<>c__DisplayClass37.<>c__DisplayClass39.<BeginInvokeActionMethodWithFilters>b__33()
   在 System.Web.Mvc.Async.AsyncControllerActionInvoker.<>c__DisplayClass4f.<InvokeActionMethodFilterAsynchronously>b__49()
   在 System.Web.Mvc.Async.AsyncControllerActionInvoker.<>c__DisplayClass4f.<InvokeActionMethodFilterAsynchronously>b__49()
   在 System.Web.Mvc.Async.AsyncControllerActionInvoker.<>c__DisplayClass4f.<InvokeActionMethodFilterAsynchronously>b__49()
   在 System.Web.Mvc.Async.AsyncControllerActionInvoker.<>c__DisplayClass37.<BeginInvokeActionMethodWithFilters>b__36(IAsyncResult asyncResult)
   在 System.Web.Mvc.Async.AsyncControllerActionInvoker.<>c__DisplayClass25.<>c__DisplayClass2a.<BeginInvokeAction>b__20()
   在 System.Web.Mvc.Async.AsyncControllerActionInvoker.<>c__DisplayClass25.<BeginInvokeAction>b__22(IAsyncResult asyncResult)

2016/3/28 11:05:11
[异常内容]对于“Frxs.Erp.WarehouseManagementSystem.WebUI.Controllers.BuyOrderPreController”中方法“System.Web.Mvc.ActionResult GetProductInfo(System.String, Int32, System.String)”的不可以为 null 的类型“System.Int32”的参数“vendorid”，参数字典包含一个 null 项。可选参数必须为引用类型、可以为 null 的类型或声明为可选参数。
参数名: parameters
[源]System.Web.Mvc
[操作]/BuyOrderPre/GetProductInfo?Value=&vendorid=&type=SKU
[IP]192.168.3.242
System.ArgumentException: 对于“Frxs.Erp.WarehouseManagementSystem.WebUI.Controllers.BuyOrderPreController”中方法“System.Web.Mvc.ActionResult GetProductInfo(System.String, Int32, System.String)”的不可以为 null 的类型“System.Int32”的参数“vendorid”，参数字典包含一个 null 项。可选参数必须为引用类型、可以为 null 的类型或声明为可选参数。
参数名: parameters
   在 System.Web.Mvc.ActionDescriptor.ExtractParameterFromDictionary(ParameterInfo parameterInfo, IDictionary`2 parameters, MethodInfo methodInfo)
   在 System.Linq.Enumerable.WhereSelectArrayIterator`2.MoveNext()
   在 System.Linq.Buffer`1..ctor(IEnumerable`1 source)
   在 System.Linq.Enumerable.ToArray[TSource](IEnumerable`1 source)
   在 System.Web.Mvc.ReflectedActionDescriptor.Execute(ControllerContext controllerContext, IDictionary`2 parameters)
   在 System.Web.Mvc.ControllerActionInvoker.InvokeActionMethod(ControllerContext controllerContext, ActionDescriptor actionDescriptor, IDictionary`2 parameters)
   在 System.Web.Mvc.Async.AsyncControllerActionInvoker.<>c__DisplayClass37.<>c__DisplayClass39.<BeginInvokeActionMethodWithFilters>b__33()
   在 System.Web.Mvc.Async.AsyncControllerActionInvoker.<>c__DisplayClass4f.<InvokeActionMethodFilterAsynchronously>b__49()
   在 System.Web.Mvc.Async.AsyncControllerActionInvoker.<>c__DisplayClass4f.<InvokeActionMethodFilterAsynchronously>b__49()
   在 System.Web.Mvc.Async.AsyncControllerActionInvoker.<>c__DisplayClass37.<BeginInvokeActionMethodWithFilters>b__36(IAsyncResult asyncResult)
   在 System.Web.Mvc.Async.AsyncControllerActionInvoker.<>c__DisplayClass25.<>c__DisplayClass2a.<BeginInvokeAction>b__20()
   在 System.Web.Mvc.Async.AsyncControllerActionInvoker.<>c__DisplayClass25.<BeginInvokeAction>b__22(IAsyncResult asyncResult)

2016/3/28 11:05:23
[异常内容]对于“Frxs.Erp.WarehouseManagementSystem.WebUI.Controllers.BuyOrderPreController”中方法“System.Web.Mvc.ActionResult GetProductInfo(System.String, Int32, System.String)”的不可以为 null 的类型“System.Int32”的参数“vendorid”，参数字典包含一个 null 项。可选参数必须为引用类型、可以为 null 的类型或声明为可选参数。
参数名: parameters
[源]System.Web.Mvc
[操作]/BuyOrderPre/GetProductInfo?Value=1&vendorid=&type=SKU
[IP]192.168.3.242
System.ArgumentException: 对于“Frxs.Erp.WarehouseManagementSystem.WebUI.Controllers.BuyOrderPreController”中方法“System.Web.Mvc.ActionResult GetProductInfo(System.String, Int32, System.String)”的不可以为 null 的类型“System.Int32”的参数“vendorid”，参数字典包含一个 null 项。可选参数必须为引用类型、可以为 null 的类型或声明为可选参数。
参数名: parameters
   在 System.Web.Mvc.ActionDescriptor.ExtractParameterFromDictionary(ParameterInfo parameterInfo, IDictionary`2 parameters, MethodInfo methodInfo)
   在 System.Linq.Enumerable.WhereSelectArrayIterator`2.MoveNext()
   在 System.Linq.Buffer`1..ctor(IEnumerable`1 source)
   在 System.Linq.Enumerable.ToArray[TSource](IEnumerable`1 source)
   在 System.Web.Mvc.ReflectedActionDescriptor.Execute(ControllerContext controllerContext, IDictionary`2 parameters)
   在 System.Web.Mvc.ControllerActionInvoker.InvokeActionMethod(ControllerContext controllerContext, ActionDescriptor actionDescriptor, IDictionary`2 parameters)
   在 System.Web.Mvc.Async.AsyncControllerActionInvoker.<>c__DisplayClass37.<>c__DisplayClass39.<BeginInvokeActionMethodWithFilters>b__33()
   在 System.Web.Mvc.Async.AsyncControllerActionInvoker.<>c__DisplayClass4f.<InvokeActionMethodFilterAsynchronously>b__49()
   在 System.Web.Mvc.Async.AsyncControllerActionInvoker.<>c__DisplayClass4f.<InvokeActionMethodFilterAsynchronously>b__49()
   在 System.Web.Mvc.Async.AsyncControllerActionInvoker.<>c__DisplayClass37.<BeginInvokeActionMethodWithFilters>b__36(IAsyncResult asyncResult)
   在 System.Web.Mvc.Async.AsyncControllerActionInvoker.<>c__DisplayClass25.<>c__DisplayClass2a.<BeginInvokeAction>b__20()
   在 System.Web.Mvc.Async.AsyncControllerActionInvoker.<>c__DisplayClass25.<BeginInvokeAction>b__22(IAsyncResult asyncResult)

2016/3/28 11:06:46
[异常内容]未将对象引用设置到对象的实例。
[源]Frxs.Platform.Utility
[操作]/CommonQuery/QueryList?configName=QueryPage.config&pageName=VendorList
[IP]192.168.3.181
System.NullReferenceException: 未将对象引用设置到对象的实例。
   在 Frxs.Platform.Utility.Web.QueryPageBuilder.GetDisplayAttributeByPropertyName(PropertyInfo[] propertyInfoArray, String propertyInfoName) 位置 e:\MyWork\Code\ERP\trunk\Frxs.Platform\Frxs.Platform.Utility\Web\QueryPageBuilder.cs:行号 456
   在 Frxs.Platform.Utility.Web.QueryPageBuilder.BuildSearchControls() 位置 e:\MyWork\Code\ERP\trunk\Frxs.Platform\Frxs.Platform.Utility\Web\QueryPageBuilder.cs:行号 210
   在 Frxs.Erp.WarehouseManagementSystem.WebUI.Models.CommonQueryModel.GetCommonQueryModel(String configName, String pageName) 位置 e:\MyWork\Code\ERP\trunk\Frxs.Erp.Project\Frxs.Erp.WarehouseManagementSystem\Frxs.Erp.WarehouseManagementSystem.WebUI\Models\CommonQueryModel.cs:行号 149
   在 Frxs.Erp.WarehouseManagementSystem.WebUI.Controllers.CommonQueryController.QueryList(String configName, String pageName) 位置 e:\MyWork\Code\ERP\trunk\Frxs.Erp.Project\Frxs.Erp.WarehouseManagementSystem\Frxs.Erp.WarehouseManagementSystem.WebUI\Controllers\CommonQueryController.cs:行号 34
   在 lambda_method(Closure , ControllerBase , Object[] )
   在 System.Web.Mvc.ReflectedActionDescriptor.Execute(ControllerContext controllerContext, IDictionary`2 parameters)
   在 System.Web.Mvc.ControllerActionInvoker.InvokeActionMethod(ControllerContext controllerContext, ActionDescriptor actionDescriptor, IDictionary`2 parameters)
   在 System.Web.Mvc.Async.AsyncControllerActionInvoker.<>c__DisplayClass37.<>c__DisplayClass39.<BeginInvokeActionMethodWithFilters>b__33()
   在 System.Web.Mvc.Async.AsyncControllerActionInvoker.<>c__DisplayClass4f.<InvokeActionMethodFilterAsynchronously>b__49()
   在 System.Web.Mvc.Async.AsyncControllerActionInvoker.<>c__DisplayClass4f.<InvokeActionMethodFilterAsynchronously>b__49()
   在 System.Web.Mvc.Async.AsyncControllerActionInvoker.<>c__DisplayClass4f.<InvokeActionMethodFilterAsynchronously>b__49()
   在 System.Web.Mvc.Async.AsyncControllerActionInvoker.<>c__DisplayClass37.<BeginInvokeActionMethodWithFilters>b__36(IAsyncResult asyncResult)
   在 System.Web.Mvc.Async.AsyncControllerActionInvoker.<>c__DisplayClass25.<>c__DisplayClass2a.<BeginInvokeAction>b__20()
   在 System.Web.Mvc.Async.AsyncControllerActionInvoker.<>c__DisplayClass25.<BeginInvokeAction>b__22(IAsyncResult asyncResult)

2016/3/28 11:06:55
[异常内容]对于“Frxs.Erp.WarehouseManagementSystem.WebUI.Controllers.BuyOrderPreController”中方法“System.Web.Mvc.ActionResult GetProductInfo(System.String, Int32, System.String)”的不可以为 null 的类型“System.Int32”的参数“vendorid”，参数字典包含一个 null 项。可选参数必须为引用类型、可以为 null 的类型或声明为可选参数。
参数名: parameters
[源]System.Web.Mvc
[操作]/BuyOrderPre/GetProductInfo?Value=1&vendorid=&type=SKU
[IP]192.168.3.242
System.ArgumentException: 对于“Frxs.Erp.WarehouseManagementSystem.WebUI.Controllers.BuyOrderPreController”中方法“System.Web.Mvc.ActionResult GetProductInfo(System.String, Int32, System.String)”的不可以为 null 的类型“System.Int32”的参数“vendorid”，参数字典包含一个 null 项。可选参数必须为引用类型、可以为 null 的类型或声明为可选参数。
参数名: parameters
   在 System.Web.Mvc.ActionDescriptor.ExtractParameterFromDictionary(ParameterInfo parameterInfo, IDictionary`2 parameters, MethodInfo methodInfo)
   在 System.Linq.Enumerable.WhereSelectArrayIterator`2.MoveNext()
   在 System.Linq.Buffer`1..ctor(IEnumerable`1 source)
   在 System.Linq.Enumerable.ToArray[TSource](IEnumerable`1 source)
   在 System.Web.Mvc.ReflectedActionDescriptor.Execute(ControllerContext controllerContext, IDictionary`2 parameters)
   在 System.Web.Mvc.ControllerActionInvoker.InvokeActionMethod(ControllerContext controllerContext, ActionDescriptor actionDescriptor, IDictionary`2 parameters)
   在 System.Web.Mvc.Async.AsyncControllerActionInvoker.<>c__DisplayClass37.<>c__DisplayClass39.<BeginInvokeActionMethodWithFilters>b__33()
   在 System.Web.Mvc.Async.AsyncControllerActionInvoker.<>c__DisplayClass4f.<InvokeActionMethodFilterAsynchronously>b__49()
   在 System.Web.Mvc.Async.AsyncControllerActionInvoker.<>c__DisplayClass4f.<InvokeActionMethodFilterAsynchronously>b__49()
   在 System.Web.Mvc.Async.AsyncControllerActionInvoker.<>c__DisplayClass37.<BeginInvokeActionMethodWithFilters>b__36(IAsyncResult asyncResult)
   在 System.Web.Mvc.Async.AsyncControllerActionInvoker.<>c__DisplayClass25.<>c__DisplayClass2a.<BeginInvokeAction>b__20()
   在 System.Web.Mvc.Async.AsyncControllerActionInvoker.<>c__DisplayClass25.<BeginInvokeAction>b__22(IAsyncResult asyncResult)

2016/3/28 11:06:59
[异常内容]未将对象引用设置到对象的实例。
[源]Frxs.Platform.Utility
[操作]/CommonQuery/QueryList?configName=QueryPage.config&pageName=VendorList
[IP]192.168.3.181
System.NullReferenceException: 未将对象引用设置到对象的实例。
   在 Frxs.Platform.Utility.Web.QueryPageBuilder.GetDisplayAttributeByPropertyName(PropertyInfo[] propertyInfoArray, String propertyInfoName) 位置 e:\MyWork\Code\ERP\trunk\Frxs.Platform\Frxs.Platform.Utility\Web\QueryPageBuilder.cs:行号 456
   在 Frxs.Platform.Utility.Web.QueryPageBuilder.BuildSearchControls() 位置 e:\MyWork\Code\ERP\trunk\Frxs.Platform\Frxs.Platform.Utility\Web\QueryPageBuilder.cs:行号 210
   在 Frxs.Erp.WarehouseManagementSystem.WebUI.Models.CommonQueryModel.GetCommonQueryModel(String configName, String pageName) 位置 e:\MyWork\Code\ERP\trunk\Frxs.Erp.Project\Frxs.Erp.WarehouseManagementSystem\Frxs.Erp.WarehouseManagementSystem.WebUI\Models\CommonQueryModel.cs:行号 149
   在 Frxs.Erp.WarehouseManagementSystem.WebUI.Controllers.CommonQueryController.QueryList(String configName, String pageName) 位置 e:\MyWork\Code\ERP\trunk\Frxs.Erp.Project\Frxs.Erp.WarehouseManagementSystem\Frxs.Erp.WarehouseManagementSystem.WebUI\Controllers\CommonQueryController.cs:行号 34
   在 lambda_method(Closure , ControllerBase , Object[] )
   在 System.Web.Mvc.ReflectedActionDescriptor.Execute(ControllerContext controllerContext, IDictionary`2 parameters)
   在 System.Web.Mvc.ControllerActionInvoker.InvokeActionMethod(ControllerContext controllerContext, ActionDescriptor actionDescriptor, IDictionary`2 parameters)
   在 System.Web.Mvc.Async.AsyncControllerActionInvoker.<>c__DisplayClass37.<>c__DisplayClass39.<BeginInvokeActionMethodWithFilters>b__33()
   在 System.Web.Mvc.Async.AsyncControllerActionInvoker.<>c__DisplayClass4f.<InvokeActionMethodFilterAsynchronously>b__49()
   在 System.Web.Mvc.Async.AsyncControllerActionInvoker.<>c__DisplayClass4f.<InvokeActionMethodFilterAsynchronously>b__49()
   在 System.Web.Mvc.Async.AsyncControllerActionInvoker.<>c__DisplayClass4f.<InvokeActionMethodFilterAsynchronously>b__49()
   在 System.Web.Mvc.Async.AsyncControllerActionInvoker.<>c__DisplayClass37.<BeginInvokeActionMethodWithFilters>b__36(IAsyncResult asyncResult)
   在 System.Web.Mvc.Async.AsyncControllerActionInvoker.<>c__DisplayClass25.<>c__DisplayClass2a.<BeginInvokeAction>b__20()
   在 System.Web.Mvc.Async.AsyncControllerActionInvoker.<>c__DisplayClass25.<BeginInvokeAction>b__22(IAsyncResult asyncResult)

2016/3/28 11:29:08
[异常内容]对于“Frxs.Erp.WarehouseManagementSystem.WebUI.Controllers.BuyOrderPreController”中方法“System.Web.Mvc.ActionResult GetProductInfo(System.String, Int32, System.String)”的不可以为 null 的类型“System.Int32”的参数“vendorid”，参数字典包含一个 null 项。可选参数必须为引用类型、可以为 null 的类型或声明为可选参数。
参数名: parameters
[源]System.Web.Mvc
[操作]/BuyOrderPre/GetProductInfo?Value=214242&vendorid=&type=SKU
[IP]192.168.3.242
System.ArgumentException: 对于“Frxs.Erp.WarehouseManagementSystem.WebUI.Controllers.BuyOrderPreController”中方法“System.Web.Mvc.ActionResult GetProductInfo(System.String, Int32, System.String)”的不可以为 null 的类型“System.Int32”的参数“vendorid”，参数字典包含一个 null 项。可选参数必须为引用类型、可以为 null 的类型或声明为可选参数。
参数名: parameters
   在 System.Web.Mvc.ActionDescriptor.ExtractParameterFromDictionary(ParameterInfo parameterInfo, IDictionary`2 parameters, MethodInfo methodInfo)
   在 System.Linq.Enumerable.WhereSelectArrayIterator`2.MoveNext()
   在 System.Linq.Buffer`1..ctor(IEnumerable`1 source)
   在 System.Linq.Enumerable.ToArray[TSource](IEnumerable`1 source)
   在 System.Web.Mvc.ReflectedActionDescriptor.Execute(ControllerContext controllerContext, IDictionary`2 parameters)
   在 System.Web.Mvc.ControllerActionInvoker.InvokeActionMethod(ControllerContext controllerContext, ActionDescriptor actionDescriptor, IDictionary`2 parameters)
   在 System.Web.Mvc.Async.AsyncControllerActionInvoker.<>c__DisplayClass37.<>c__DisplayClass39.<BeginInvokeActionMethodWithFilters>b__33()
   在 System.Web.Mvc.Async.AsyncControllerActionInvoker.<>c__DisplayClass4f.<InvokeActionMethodFilterAsynchronously>b__49()
   在 System.Web.Mvc.Async.AsyncControllerActionInvoker.<>c__DisplayClass4f.<InvokeActionMethodFilterAsynchronously>b__49()
   在 System.Web.Mvc.Async.AsyncControllerActionInvoker.<>c__DisplayClass37.<BeginInvokeActionMethodWithFilters>b__36(IAsyncResult asyncResult)
   在 System.Web.Mvc.Async.AsyncControllerActionInvoker.<>c__DisplayClass25.<>c__DisplayClass2a.<BeginInvokeAction>b__20()
   在 System.Web.Mvc.Async.AsyncControllerActionInvoker.<>c__DisplayClass25.<BeginInvokeAction>b__22(IAsyncResult asyncResult)

2016/3/28 11:31:41
[异常内容]对于“Frxs.Erp.WarehouseManagementSystem.WebUI.Controllers.BuyOrderPreController”中方法“System.Web.Mvc.ActionResult GetProductInfo(System.String, Int32, System.String)”的不可以为 null 的类型“System.Int32”的参数“vendorid”，参数字典包含一个 null 项。可选参数必须为引用类型、可以为 null 的类型或声明为可选参数。
参数名: parameters
[源]System.Web.Mvc
[操作]/BuyOrderPre/GetProductInfo?Value=000&vendorid=&type=SKU
[IP]192.168.3.242
System.ArgumentException: 对于“Frxs.Erp.WarehouseManagementSystem.WebUI.Controllers.BuyOrderPreController”中方法“System.Web.Mvc.ActionResult GetProductInfo(System.String, Int32, System.String)”的不可以为 null 的类型“System.Int32”的参数“vendorid”，参数字典包含一个 null 项。可选参数必须为引用类型、可以为 null 的类型或声明为可选参数。
参数名: parameters
   在 System.Web.Mvc.ActionDescriptor.ExtractParameterFromDictionary(ParameterInfo parameterInfo, IDictionary`2 parameters, MethodInfo methodInfo)
   在 System.Linq.Enumerable.WhereSelectArrayIterator`2.MoveNext()
   在 System.Linq.Buffer`1..ctor(IEnumerable`1 source)
   在 System.Linq.Enumerable.ToArray[TSource](IEnumerable`1 source)
   在 System.Web.Mvc.ReflectedActionDescriptor.Execute(ControllerContext controllerContext, IDictionary`2 parameters)
   在 System.Web.Mvc.ControllerActionInvoker.InvokeActionMethod(ControllerContext controllerContext, ActionDescriptor actionDescriptor, IDictionary`2 parameters)
   在 System.Web.Mvc.Async.AsyncControllerActionInvoker.<>c__DisplayClass37.<>c__DisplayClass39.<BeginInvokeActionMethodWithFilters>b__33()
   在 System.Web.Mvc.Async.AsyncControllerActionInvoker.<>c__DisplayClass4f.<InvokeActionMethodFilterAsynchronously>b__49()
   在 System.Web.Mvc.Async.AsyncControllerActionInvoker.<>c__DisplayClass4f.<InvokeActionMethodFilterAsynchronously>b__49()
   在 System.Web.Mvc.Async.AsyncControllerActionInvoker.<>c__DisplayClass37.<BeginInvokeActionMethodWithFilters>b__36(IAsyncResult asyncResult)
   在 System.Web.Mvc.Async.AsyncControllerActionInvoker.<>c__DisplayClass25.<>c__DisplayClass2a.<BeginInvokeAction>b__20()
   在 System.Web.Mvc.Async.AsyncControllerActionInvoker.<>c__DisplayClass25.<BeginInvokeAction>b__22(IAsyncResult asyncResult)

2016/3/28 14:45:01
[异常内容]c:\Windows\Microsoft.NET\Framework64\v4.0.30319\Temporary ASP.NET Files\root\0ea779a0\3c8d1087\App_Web_warehousemessageaddoredit.cshtml.50a12113.-5sydh5m.0.cs(30): error CS0234: 命名空间“Frxs.Erp.WarehouseManagementSystem.WebUI.Models”中不存在类型或命名空间名称“WarehouseMessage”(是否缺少程序集引用?)
[源]System.Web
[操作]/WarehouseMessage/WarehouseMessageAddOrEdit
[IP]192.168.3.181
System.Web.HttpCompileException (0x80004005): c:\Windows\Microsoft.NET\Framework64\v4.0.30319\Temporary ASP.NET Files\root\0ea779a0\3c8d1087\App_Web_warehousemessageaddoredit.cshtml.50a12113.-5sydh5m.0.cs(30): error CS0234: 命名空间“Frxs.Erp.WarehouseManagementSystem.WebUI.Models”中不存在类型或命名空间名称“WarehouseMessage”(是否缺少程序集引用?)
   在 System.Web.Compilation.AssemblyBuilder.Compile()
   在 System.Web.Compilation.BuildManager.CompileWebFile(VirtualPath virtualPath)
   在 System.Web.Compilation.BuildManager.GetVPathBuildResultInternal(VirtualPath virtualPath, Boolean noBuild, Boolean allowCrossApp, Boolean allowBuildInPrecompile, Boolean throwIfNotFound, Boolean ensureIsUpToDate)
   在 System.Web.Compilation.BuildManager.GetVPathBuildResultWithNoAssert(HttpContext context, VirtualPath virtualPath, Boolean noBuild, Boolean allowCrossApp, Boolean allowBuildInPrecompile, Boolean throwIfNotFound, Boolean ensureIsUpToDate)
   在 System.Web.Compilation.BuildManager.GetObjectFactory(String virtualPath, Boolean throwIfNotFound)
   在 System.Web.Mvc.BuildManagerWrapper.System.Web.Mvc.IBuildManager.FileExists(String virtualPath)
   在 System.Web.Mvc.BuildManagerViewEngine.FileExists(ControllerContext controllerContext, String virtualPath)
   在 Microsoft.Web.Mvc.FixedRazorViewEngine.Microsoft.Web.Mvc.IViewEngineProxy.FileExists(ControllerContext controllerContext, String virtualPath)
   在 Microsoft.Web.Mvc.ViewEngineFixWorker`1.FileExists(ControllerContext controllerContext, String virtualPath)
   在 Microsoft.Web.Mvc.ViewEngineFixWorker`1.<>c__DisplayClass4.<GetPathFromGeneralName>b__0(String path)
   在 System.Web.WebPages.DefaultDisplayMode.GetDisplayInfo(HttpContextBase httpContext, String virtualPath, Func`2 virtualPathExists)
   在 System.Linq.Enumerable.WhereSelectListIterator`2.MoveNext()
   在 System.Linq.Enumerable.FirstOrDefault[TSource](IEnumerable`1 source, Func`2 predicate)
   在 System.Web.WebPages.DisplayModeProvider.GetDisplayInfoForVirtualPath(String virtualPath, HttpContextBase httpContext, Func`2 virtualPathExists, IDisplayMode currentDisplayMode)
   在 Microsoft.Web.Mvc.ViewEngineFixWorker`1.GetPathFromGeneralName(ControllerContext controllerContext, List`1 locations, String name, String controllerName, String areaName, String cacheKey, String[]& searchedLocations)
   在 Microsoft.Web.Mvc.ViewEngineFixWorker`1.GetPath(ControllerContext controllerContext, String[] locations, String[] areaLocations, String locationsPropertyName, String name, String controllerName, String cacheKeyPrefix, Boolean useCache, String[]& searchedLocations)
   在 Microsoft.Web.Mvc.ViewEngineFixWorker`1.FindView(ControllerContext controllerContext, String viewName, String masterName, Boolean useCache)
   在 Microsoft.Web.Mvc.FixedRazorViewEngine.FindView(ControllerContext controllerContext, String viewName, String masterName, Boolean useCache)
   在 System.Web.Mvc.ViewEngineCollection.<>c__DisplayClassc.<FindView>b__b(IViewEngine e)
   在 System.Web.Mvc.ViewEngineCollection.Find(Func`2 lookup, Boolean trackSearchedPaths)
   在 System.Web.Mvc.ViewEngineCollection.Find(Func`2 cacheLocator, Func`2 locator)
   在 System.Web.Mvc.ViewEngineCollection.FindView(ControllerContext controllerContext, String viewName, String masterName)
   在 System.Web.Mvc.ViewResult.FindView(ControllerContext context)
   在 System.Web.Mvc.ViewResultBase.ExecuteResult(ControllerContext context)
   在 System.Web.Mvc.ControllerActionInvoker.InvokeActionResult(ControllerContext controllerContext, ActionResult actionResult)
   在 System.Web.Mvc.ControllerActionInvoker.<>c__DisplayClass1a.<InvokeActionResultWithFilters>b__17()
   在 System.Web.Mvc.ControllerActionInvoker.InvokeActionResultFilter(IResultFilter filter, ResultExecutingContext preContext, Func`1 continuation)
   在 System.Web.Mvc.ControllerActionInvoker.<>c__DisplayClass1a.<>c__DisplayClass1c.<InvokeActionResultWithFilters>b__19()
   在 System.Web.Mvc.ControllerActionInvoker.InvokeActionResultFilter(IResultFilter filter, ResultExecutingContext preContext, Func`1 continuation)
   在 System.Web.Mvc.ControllerActionInvoker.<>c__DisplayClass1a.<>c__DisplayClass1c.<InvokeActionResultWithFilters>b__19()
   在 System.Web.Mvc.ControllerActionInvoker.InvokeActionResultWithFilters(ControllerContext controllerContext, IList`1 filters, ActionResult actionResult)
   在 System.Web.Mvc.Async.AsyncControllerActionInvoker.<>c__DisplayClass25.<>c__DisplayClass2a.<BeginInvokeAction>b__20()
   在 System.Web.Mvc.Async.AsyncControllerActionInvoker.<>c__DisplayClass25.<BeginInvokeAction>b__22(IAsyncResult asyncResult)

2016/3/28 18:18:02
[异常内容]未将对象引用设置到对象的实例。
[源]App_Web_sou2snpo
[操作]/BuyOrderPre/BuyOrderPreAddOrEdit?BuyID=105000001155
[IP]192.168.3.242
System.NullReferenceException: 未将对象引用设置到对象的实例。
   在 ASP._Page_Views_BuyOrderPre_BuyOrderPreAddOrEdit_cshtml.Execute() 位置 e:\MyWork\Code\ERP\trunk\Frxs.Erp.Project\Frxs.Erp.WarehouseManagementSystem\Frxs.Erp.WarehouseManagementSystem.WebUI\Views\BuyOrderPre\BuyOrderPreAddOrEdit.cshtml:行号 111
   在 System.Web.WebPages.WebPageBase.ExecutePageHierarchy()
   在 System.Web.Mvc.WebViewPage.ExecutePageHierarchy()
   在 System.Web.WebPages.StartPage.ExecutePageHierarchy()
   在 System.Web.WebPages.WebPageBase.ExecutePageHierarchy(WebPageContext pageContext, TextWriter writer, WebPageRenderingBase startPage)
   在 System.Web.Mvc.ViewResultBase.ExecuteResult(ControllerContext context)
   在 System.Web.Mvc.ControllerActionInvoker.<>c__DisplayClass1a.<InvokeActionResultWithFilters>b__17()
   在 System.Web.Mvc.ControllerActionInvoker.InvokeActionResultFilter(IResultFilter filter, ResultExecutingContext preContext, Func`1 continuation)
   在 System.Web.Mvc.ControllerActionInvoker.InvokeActionResultFilter(IResultFilter filter, ResultExecutingContext preContext, Func`1 continuation)
   在 System.Web.Mvc.ControllerActionInvoker.InvokeActionResultWithFilters(ControllerContext controllerContext, IList`1 filters, ActionResult actionResult)
   在 System.Web.Mvc.Async.AsyncControllerActionInvoker.<>c__DisplayClass25.<BeginInvokeAction>b__22(IAsyncResult asyncResult)

2016/3/28 18:18:11
[异常内容]未将对象引用设置到对象的实例。
[源]App_Web_sou2snpo
[操作]/BuyOrderPre/BuyOrderPreAddOrEdit?BuyID=105000001153
[IP]192.168.3.242
System.NullReferenceException: 未将对象引用设置到对象的实例。
   在 ASP._Page_Views_BuyOrderPre_BuyOrderPreAddOrEdit_cshtml.Execute() 位置 e:\MyWork\Code\ERP\trunk\Frxs.Erp.Project\Frxs.Erp.WarehouseManagementSystem\Frxs.Erp.WarehouseManagementSystem.WebUI\Views\BuyOrderPre\BuyOrderPreAddOrEdit.cshtml:行号 111
   在 System.Web.WebPages.WebPageBase.ExecutePageHierarchy()
   在 System.Web.Mvc.WebViewPage.ExecutePageHierarchy()
   在 System.Web.WebPages.StartPage.ExecutePageHierarchy()
   在 System.Web.WebPages.WebPageBase.ExecutePageHierarchy(WebPageContext pageContext, TextWriter writer, WebPageRenderingBase startPage)
   在 System.Web.Mvc.ViewResultBase.ExecuteResult(ControllerContext context)
   在 System.Web.Mvc.ControllerActionInvoker.<>c__DisplayClass1a.<InvokeActionResultWithFilters>b__17()
   在 System.Web.Mvc.ControllerActionInvoker.InvokeActionResultFilter(IResultFilter filter, ResultExecutingContext preContext, Func`1 continuation)
   在 System.Web.Mvc.ControllerActionInvoker.InvokeActionResultFilter(IResultFilter filter, ResultExecutingContext preContext, Func`1 continuation)
   在 System.Web.Mvc.ControllerActionInvoker.InvokeActionResultWithFilters(ControllerContext controllerContext, IList`1 filters, ActionResult actionResult)
   在 System.Web.Mvc.Async.AsyncControllerActionInvoker.<>c__DisplayClass25.<BeginInvokeAction>b__22(IAsyncResult asyncResult)

2016/3/28 18:18:33
[异常内容]未将对象引用设置到对象的实例。
[源]App_Web_sou2snpo
[操作]/BuyOrderPre/BuyOrderPreAddOrEdit?BuyID=105000001156
[IP]192.168.3.242
System.NullReferenceException: 未将对象引用设置到对象的实例。
   在 ASP._Page_Views_BuyOrderPre_BuyOrderPreAddOrEdit_cshtml.Execute() 位置 e:\MyWork\Code\ERP\trunk\Frxs.Erp.Project\Frxs.Erp.WarehouseManagementSystem\Frxs.Erp.WarehouseManagementSystem.WebUI\Views\BuyOrderPre\BuyOrderPreAddOrEdit.cshtml:行号 111
   在 System.Web.WebPages.WebPageBase.ExecutePageHierarchy()
   在 System.Web.Mvc.WebViewPage.ExecutePageHierarchy()
   在 System.Web.WebPages.StartPage.ExecutePageHierarchy()
   在 System.Web.WebPages.WebPageBase.ExecutePageHierarchy(WebPageContext pageContext, TextWriter writer, WebPageRenderingBase startPage)
   在 System.Web.Mvc.ViewResultBase.ExecuteResult(ControllerContext context)
   在 System.Web.Mvc.ControllerActionInvoker.<>c__DisplayClass1a.<InvokeActionResultWithFilters>b__17()
   在 System.Web.Mvc.ControllerActionInvoker.InvokeActionResultFilter(IResultFilter filter, ResultExecutingContext preContext, Func`1 continuation)
   在 System.Web.Mvc.ControllerActionInvoker.InvokeActionResultFilter(IResultFilter filter, ResultExecutingContext preContext, Func`1 continuation)
   在 System.Web.Mvc.ControllerActionInvoker.InvokeActionResultWithFilters(ControllerContext controllerContext, IList`1 filters, ActionResult actionResult)
   在 System.Web.Mvc.Async.AsyncControllerActionInvoker.<>c__DisplayClass25.<BeginInvokeAction>b__22(IAsyncResult asyncResult)

2016/3/28 18:27:35
[异常内容]未将对象引用设置到对象的实例。
[源]App_Web_sou2snpo
[操作]/BuyOrderPre/BuyOrderPreAddOrEdit?BuyID=105000001154
[IP]192.168.3.242
System.NullReferenceException: 未将对象引用设置到对象的实例。
   在 ASP._Page_Views_BuyOrderPre_BuyOrderPreAddOrEdit_cshtml.Execute() 位置 e:\MyWork\Code\ERP\trunk\Frxs.Erp.Project\Frxs.Erp.WarehouseManagementSystem\Frxs.Erp.WarehouseManagementSystem.WebUI\Views\BuyOrderPre\BuyOrderPreAddOrEdit.cshtml:行号 111
   在 System.Web.WebPages.WebPageBase.ExecutePageHierarchy()
   在 System.Web.Mvc.WebViewPage.ExecutePageHierarchy()
   在 System.Web.WebPages.StartPage.ExecutePageHierarchy()
   在 System.Web.WebPages.WebPageBase.ExecutePageHierarchy(WebPageContext pageContext, TextWriter writer, WebPageRenderingBase startPage)
   在 System.Web.Mvc.ViewResultBase.ExecuteResult(ControllerContext context)
   在 System.Web.Mvc.ControllerActionInvoker.<>c__DisplayClass1a.<InvokeActionResultWithFilters>b__17()
   在 System.Web.Mvc.ControllerActionInvoker.InvokeActionResultFilter(IResultFilter filter, ResultExecutingContext preContext, Func`1 continuation)
   在 System.Web.Mvc.ControllerActionInvoker.InvokeActionResultFilter(IResultFilter filter, ResultExecutingContext preContext, Func`1 continuation)
   在 System.Web.Mvc.ControllerActionInvoker.InvokeActionResultWithFilters(ControllerContext controllerContext, IList`1 filters, ActionResult actionResult)
   在 System.Web.Mvc.Async.AsyncControllerActionInvoker.<>c__DisplayClass25.<BeginInvokeAction>b__22(IAsyncResult asyncResult)

2016/3/28 18:28:07
[异常内容]未将对象引用设置到对象的实例。
[源]App_Web_sou2snpo
[操作]/BuyOrderPre/BuyOrderPreAddOrEdit?BuyID=105000001154
[IP]192.168.3.242
System.NullReferenceException: 未将对象引用设置到对象的实例。
   在 ASP._Page_Views_BuyOrderPre_BuyOrderPreAddOrEdit_cshtml.Execute() 位置 e:\MyWork\Code\ERP\trunk\Frxs.Erp.Project\Frxs.Erp.WarehouseManagementSystem\Frxs.Erp.WarehouseManagementSystem.WebUI\Views\BuyOrderPre\BuyOrderPreAddOrEdit.cshtml:行号 111
   在 System.Web.WebPages.WebPageBase.ExecutePageHierarchy()
   在 System.Web.Mvc.WebViewPage.ExecutePageHierarchy()
   在 System.Web.WebPages.StartPage.ExecutePageHierarchy()
   在 System.Web.WebPages.WebPageBase.ExecutePageHierarchy(WebPageContext pageContext, TextWriter writer, WebPageRenderingBase startPage)
   在 System.Web.Mvc.ViewResultBase.ExecuteResult(ControllerContext context)
   在 System.Web.Mvc.ControllerActionInvoker.<>c__DisplayClass1a.<InvokeActionResultWithFilters>b__17()
   在 System.Web.Mvc.ControllerActionInvoker.InvokeActionResultFilter(IResultFilter filter, ResultExecutingContext preContext, Func`1 continuation)
   在 System.Web.Mvc.ControllerActionInvoker.InvokeActionResultFilter(IResultFilter filter, ResultExecutingContext preContext, Func`1 continuation)
   在 System.Web.Mvc.ControllerActionInvoker.InvokeActionResultWithFilters(ControllerContext controllerContext, IList`1 filters, ActionResult actionResult)
   在 System.Web.Mvc.Async.AsyncControllerActionInvoker.<>c__DisplayClass25.<BeginInvokeAction>b__22(IAsyncResult asyncResult)
