
2016/3/8 14:54:53
[异常内容]未找到视图“Index”或其母版视图，或没有视图引擎支持搜索的位置。搜索了以下位置: 
~/Views/Shelf/Index.aspx
~/Views/Shelf/Index.ascx
~/Views/Shared/Index.aspx
~/Views/Shared/Index.ascx
~/Views/Shelf/Index.cshtml
~/Views/Shelf/Index.vbhtml
~/Views/Shared/Index.cshtml
~/Views/Shared/Index.vbhtml
[源]System.Web.Mvc
[操作]/Shelf
[IP]::1
System.InvalidOperationException: 未找到视图“Index”或其母版视图，或没有视图引擎支持搜索的位置。搜索了以下位置: 
~/Views/Shelf/Index.aspx
~/Views/Shelf/Index.ascx
~/Views/Shared/Index.aspx
~/Views/Shared/Index.ascx
~/Views/Shelf/Index.cshtml
~/Views/Shelf/Index.vbhtml
~/Views/Shared/Index.cshtml
~/Views/Shared/Index.vbhtml
   在 System.Web.Mvc.ViewResult.FindView(ControllerContext context)
   在 System.Web.Mvc.ViewResultBase.ExecuteResult(ControllerContext context)
   在 System.Web.Mvc.ControllerActionInvoker.InvokeActionResult(ControllerContext controllerContext, ActionResult actionResult)
   在 System.Web.Mvc.ControllerActionInvoker.<>c__DisplayClass1a.<InvokeActionResultWithFilters>b__17()
   在 System.Web.Mvc.ControllerActionInvoker.InvokeActionResultFilter(IResultFilter filter, ResultExecutingContext preContext, Func`1 continuation)
   在 System.Web.Mvc.ControllerActionInvoker.<>c__DisplayClass1a.<>c__DisplayClass1c.<InvokeActionResultWithFilters>b__19()
   在 System.Web.Mvc.ControllerActionInvoker.InvokeActionResultFilter(IResultFilter filter, ResultExecutingContext preContext, Func`1 continuation)
   在 System.Web.Mvc.ControllerActionInvoker.<>c__DisplayClass1a.<>c__DisplayClass1c.<InvokeActionResultWithFilters>b__19()
   在 System.Web.Mvc.ControllerActionInvoker.InvokeActionResultWithFilters(ControllerContext controllerContext, IList`1 filters, ActionResult actionResult)
   在 System.Web.Mvc.Async.AsyncControllerActionInvoker.<>c__DisplayClass25.<>c__DisplayClass2a.<BeginInvokeAction>b__20()
   在 System.Web.Mvc.Async.AsyncControllerActionInvoker.<>c__DisplayClass25.<BeginInvokeAction>b__22(IAsyncResult asyncResult)

2016/3/8 14:55:18
[异常内容]未找到视图“ShelfAddOrEdit”或其母版视图，或没有视图引擎支持搜索的位置。搜索了以下位置: 
~/Views/Shelf/ShelfAddOrEdit.aspx
~/Views/Shelf/ShelfAddOrEdit.ascx
~/Views/Shared/ShelfAddOrEdit.aspx
~/Views/Shared/ShelfAddOrEdit.ascx
~/Views/Shelf/ShelfAddOrEdit.cshtml
~/Views/Shelf/ShelfAddOrEdit.vbhtml
~/Views/Shared/ShelfAddOrEdit.cshtml
~/Views/Shared/ShelfAddOrEdit.vbhtml
[源]System.Web.Mvc
[操作]/Shelf/ShelfAddOrEdit
[IP]::1
System.InvalidOperationException: 未找到视图“ShelfAddOrEdit”或其母版视图，或没有视图引擎支持搜索的位置。搜索了以下位置: 
~/Views/Shelf/ShelfAddOrEdit.aspx
~/Views/Shelf/ShelfAddOrEdit.ascx
~/Views/Shared/ShelfAddOrEdit.aspx
~/Views/Shared/ShelfAddOrEdit.ascx
~/Views/Shelf/ShelfAddOrEdit.cshtml
~/Views/Shelf/ShelfAddOrEdit.vbhtml
~/Views/Shared/ShelfAddOrEdit.cshtml
~/Views/Shared/ShelfAddOrEdit.vbhtml
   在 System.Web.Mvc.ViewResult.FindView(ControllerContext context)
   在 System.Web.Mvc.ViewResultBase.ExecuteResult(ControllerContext context)
   在 System.Web.Mvc.ControllerActionInvoker.InvokeActionResult(ControllerContext controllerContext, ActionResult actionResult)
   在 System.Web.Mvc.ControllerActionInvoker.<>c__DisplayClass1a.<InvokeActionResultWithFilters>b__17()
   在 System.Web.Mvc.ControllerActionInvoker.InvokeActionResultFilter(IResultFilter filter, ResultExecutingContext preContext, Func`1 continuation)
   在 System.Web.Mvc.ControllerActionInvoker.<>c__DisplayClass1a.<>c__DisplayClass1c.<InvokeActionResultWithFilters>b__19()
   在 System.Web.Mvc.ControllerActionInvoker.InvokeActionResultFilter(IResultFilter filter, ResultExecutingContext preContext, Func`1 continuation)
   在 System.Web.Mvc.ControllerActionInvoker.<>c__DisplayClass1a.<>c__DisplayClass1c.<InvokeActionResultWithFilters>b__19()
   在 System.Web.Mvc.ControllerActionInvoker.InvokeActionResultWithFilters(ControllerContext controllerContext, IList`1 filters, ActionResult actionResult)
   在 System.Web.Mvc.Async.AsyncControllerActionInvoker.<>c__DisplayClass25.<>c__DisplayClass2a.<BeginInvokeAction>b__20()
   在 System.Web.Mvc.Async.AsyncControllerActionInvoker.<>c__DisplayClass25.<BeginInvokeAction>b__22(IAsyncResult asyncResult)
