
2016/4/2 15:10:33
[异常内容]对于“Frxs.Erp.WarehouseManagementSystem.WebUI.Controllers.Common.CommonController”中方法“System.Web.Mvc.ActionResult GetVendorInfo(System.String, System.String, Int32, Int32)”的不可以为 null 的类型“System.Int32”的参数“rows”，参数字典包含一个 null 项。可选参数必须为引用类型、可以为 null 的类型或声明为可选参数。
参数名: parameters
[源]System.Web.Mvc
[操作]/Common/GetVendorInfo
[IP]192.168.3.242
System.ArgumentException: 对于“Frxs.Erp.WarehouseManagementSystem.WebUI.Controllers.Common.CommonController”中方法“System.Web.Mvc.ActionResult GetVendorInfo(System.String, System.String, Int32, Int32)”的不可以为 null 的类型“System.Int32”的参数“rows”，参数字典包含一个 null 项。可选参数必须为引用类型、可以为 null 的类型或声明为可选参数。
参数名: parameters
   在 System.Web.Mvc.ActionDescriptor.ExtractParameterFromDictionary(ParameterInfo parameterInfo, IDictionary`2 parameters, MethodInfo methodInfo)
   在 System.Linq.Enumerable.WhereSelectArrayIterator`2.MoveNext()
   在 System.Linq.Buffer`1..ctor(IEnumerable`1 source)
   在 System.Linq.Enumerable.ToArray[TSource](IEnumerable`1 source)
   在 System.Web.Mvc.ReflectedActionDescriptor.Execute(ControllerContext controllerContext, IDictionary`2 parameters)
   在 System.Web.Mvc.ControllerActionInvoker.InvokeActionMethod(ControllerContext controllerContext, ActionDescriptor actionDescriptor, IDictionary`2 parameters)
   在 System.Web.Mvc.Async.AsyncControllerActionInvoker.<>c__DisplayClass37.<>c__DisplayClass39.<BeginInvokeActionMethodWithFilters>b__33()
   在 System.Web.Mvc.Async.AsyncControllerActionInvoker.<>c__DisplayClass4f.<InvokeActionMethodFilterAsynchronously>b__49()
   在 System.Web.Mvc.Async.AsyncControllerActionInvoker.<>c__DisplayClass4f.<InvokeActionMethodFilterAsynchronously>b__49()
   在 System.Web.Mvc.Async.AsyncControllerActionInvoker.<>c__DisplayClass37.<BeginInvokeActionMethodWithFilters>b__36(IAsyncResult asyncResult)
   在 System.Web.Mvc.Async.AsyncControllerActionInvoker.<>c__DisplayClass25.<>c__DisplayClass2a.<BeginInvokeAction>b__20()
   在 System.Web.Mvc.Async.AsyncControllerActionInvoker.<>c__DisplayClass25.<BeginInvokeAction>b__22(IAsyncResult asyncResult)

2016/4/2 15:10:50
[异常内容]对于“Frxs.Erp.WarehouseManagementSystem.WebUI.Controllers.Common.CommonController”中方法“System.Web.Mvc.ActionResult GetVendorInfo(System.String, System.String, Int32, Int32)”的不可以为 null 的类型“System.Int32”的参数“rows”，参数字典包含一个 null 项。可选参数必须为引用类型、可以为 null 的类型或声明为可选参数。
参数名: parameters
[源]System.Web.Mvc
[操作]/Common/GetVendorInfo?VendorID=72
[IP]192.168.3.242
System.ArgumentException: 对于“Frxs.Erp.WarehouseManagementSystem.WebUI.Controllers.Common.CommonController”中方法“System.Web.Mvc.ActionResult GetVendorInfo(System.String, System.String, Int32, Int32)”的不可以为 null 的类型“System.Int32”的参数“rows”，参数字典包含一个 null 项。可选参数必须为引用类型、可以为 null 的类型或声明为可选参数。
参数名: parameters
   在 System.Web.Mvc.ActionDescriptor.ExtractParameterFromDictionary(ParameterInfo parameterInfo, IDictionary`2 parameters, MethodInfo methodInfo)
   在 System.Linq.Enumerable.WhereSelectArrayIterator`2.MoveNext()
   在 System.Linq.Buffer`1..ctor(IEnumerable`1 source)
   在 System.Linq.Enumerable.ToArray[TSource](IEnumerable`1 source)
   在 System.Web.Mvc.ReflectedActionDescriptor.Execute(ControllerContext controllerContext, IDictionary`2 parameters)
   在 System.Web.Mvc.ControllerActionInvoker.InvokeActionMethod(ControllerContext controllerContext, ActionDescriptor actionDescriptor, IDictionary`2 parameters)
   在 System.Web.Mvc.Async.AsyncControllerActionInvoker.<>c__DisplayClass37.<>c__DisplayClass39.<BeginInvokeActionMethodWithFilters>b__33()
   在 System.Web.Mvc.Async.AsyncControllerActionInvoker.<>c__DisplayClass4f.<InvokeActionMethodFilterAsynchronously>b__49()
   在 System.Web.Mvc.Async.AsyncControllerActionInvoker.<>c__DisplayClass4f.<InvokeActionMethodFilterAsynchronously>b__49()
   在 System.Web.Mvc.Async.AsyncControllerActionInvoker.<>c__DisplayClass37.<BeginInvokeActionMethodWithFilters>b__36(IAsyncResult asyncResult)
   在 System.Web.Mvc.Async.AsyncControllerActionInvoker.<>c__DisplayClass25.<>c__DisplayClass2a.<BeginInvokeAction>b__20()
   在 System.Web.Mvc.Async.AsyncControllerActionInvoker.<>c__DisplayClass25.<BeginInvokeAction>b__22(IAsyncResult asyncResult)
